[0.012s] Invoking command in '/home/luna/ws/build/csm': CMAKE_PREFIX_PATH=${CMAKE_PREFIX_PATH}:/opt/ros/humble /usr/bin/cmake --build /home/luna/ws/build/csm -- -j8 -l8
[0.070s] [100%] Built target csm
[0.083s] Invoked command in '/home/luna/ws/build/csm' returned '0': CMAKE_PREFIX_PATH=${CMAKE_PREFIX_PATH}:/opt/ros/humble /usr/bin/cmake --build /home/luna/ws/build/csm -- -j8 -l8
[0.169s] Invoking command in '/home/luna/ws/build/csm': CMAKE_PREFIX_PATH=${CMAKE_PREFIX_PATH}:/opt/ros/humble /usr/bin/cmake --install /home/luna/ws/build/csm
[0.174s] -- Install configuration: ""
[0.175s] -- Execute custom install script
[0.175s] -- Up-to-date symlink: /home/luna/ws/install/csm/lib/libcsm.so
[0.175s] -- Up-to-date symlink: /home/luna/ws/install/csm/include/..//include/csm/algos.h
[0.175s] -- Up-to-date symlink: /home/luna/ws/install/csm/include/..//include/csm/csm.h
[0.175s] -- Up-to-date symlink: /home/luna/ws/install/csm/include/..//include/csm/laser_data.h
[0.175s] -- Up-to-date symlink: /home/luna/ws/install/csm/include/..//include/csm/laser_data_inline.h
[0.175s] -- Up-to-date symlink: /home/luna/ws/install/csm/include/..//include/csm/restrict.h
[0.175s] -- Up-to-date symlink: /home/luna/ws/install/csm/include/..//include/gsl_eigen/gsl_eigen.h
[0.176s] -- Up-to-date symlink: /home/luna/ws/install/csm/share/csm/resource/csm
[0.176s] -- Up-to-date symlink: /home/luna/ws/install/csm/include/../gsl_eigen/gsl_eigen.h
[0.176s] -- Up-to-date symlink: /home/luna/ws/install/csm/share/csm/environment/library_path.sh
[0.176s] -- Up-to-date symlink: /home/luna/ws/install/csm/share/csm/environment/library_path.dsv
[0.176s] -- Up-to-date symlink: /home/luna/ws/install/csm/share/ament_index/resource_index/package_run_dependencies/csm
[0.176s] -- Up-to-date symlink: /home/luna/ws/install/csm/share/ament_index/resource_index/parent_prefix_path/csm
[0.176s] -- Up-to-date symlink: /home/luna/ws/install/csm/share/csm/environment/ament_prefix_path.sh
[0.176s] -- Up-to-date symlink: /home/luna/ws/install/csm/share/csm/environment/ament_prefix_path.dsv
[0.176s] -- Up-to-date symlink: /home/luna/ws/install/csm/share/csm/environment/path.sh
[0.177s] -- Up-to-date symlink: /home/luna/ws/install/csm/share/csm/environment/path.dsv
[0.177s] -- Up-to-date symlink: /home/luna/ws/install/csm/share/csm/local_setup.bash
[0.177s] -- Up-to-date symlink: /home/luna/ws/install/csm/share/csm/local_setup.sh
[0.177s] -- Up-to-date symlink: /home/luna/ws/install/csm/share/csm/local_setup.zsh
[0.177s] -- Up-to-date symlink: /home/luna/ws/install/csm/share/csm/local_setup.dsv
[0.177s] -- Symlinking: /home/luna/ws/install/csm/share/csm/package.dsv
[0.183s] -- Up-to-date symlink: /home/luna/ws/install/csm/share/ament_index/resource_index/packages/csm
[0.184s] -- Up-to-date symlink: /home/luna/ws/install/csm/share/csm/cmake/ament_cmake_export_dependencies-extras.cmake
[0.184s] -- Up-to-date symlink: /home/luna/ws/install/csm/share/csm/cmake/ament_cmake_export_include_directories-extras.cmake
[0.184s] -- Up-to-date symlink: /home/luna/ws/install/csm/share/csm/cmake/ament_cmake_export_libraries-extras.cmake
[0.184s] -- Up-to-date symlink: /home/luna/ws/install/csm/share/csm/cmake/csmConfig.cmake
[0.184s] -- Up-to-date symlink: /home/luna/ws/install/csm/share/csm/cmake/csmConfig-version.cmake
[0.184s] -- Up-to-date symlink: /home/luna/ws/install/csm/share/csm/package.xml
[0.185s] Invoked command in '/home/luna/ws/build/csm' returned '0': CMAKE_PREFIX_PATH=${CMAKE_PREFIX_PATH}:/opt/ros/humble /usr/bin/cmake --install /home/luna/ws/build/csm
