[0.070s] DEBUG:colcon:Command line arguments: ['/usr/bin/colcon', 'build', '--symlink-install', '--packages-select', 'cpp_pubsub', 'ros2_laser_scan_matcher']
[0.070s] DEBUG:colcon:Parsed command line arguments: Namespace(log_base=None, log_level=None, verb_name='build', build_base='build', install_base='install', merge_install=False, symlink_install=True, test_result_base=None, continue_on_error=False, executor='parallel', parallel_workers=8, event_handlers=None, ignore_user_meta=False, metas=['./colcon.meta'], base_paths=['.'], packages_ignore=None, packages_ignore_regex=None, paths=None, packages_up_to=None, packages_up_to_regex=None, packages_above=None, packages_above_and_dependencies=None, packages_above_depth=None, packages_select_by_dep=None, packages_skip_by_dep=None, packages_skip_up_to=None, packages_select_build_failed=False, packages_skip_build_finished=False, packages_select_test_failures=False, packages_skip_test_passed=False, packages_select=['cpp_pubsub', 'ros2_laser_scan_matcher'], packages_skip=None, packages_select_regex=None, packages_skip_regex=None, packages_start=None, packages_end=None, allow_overriding=[], cmake_args=None, cmake_target=None, cmake_target_skip_unavailable=False, cmake_clean_cache=False, cmake_clean_first=False, cmake_force_configure=False, ament_cmake_args=None, catkin_cmake_args=None, catkin_skip_building_tests=False, verb_parser=<colcon_defaults.argument_parser.defaults.DefaultArgumentsDecorator object at 0x7d7031cacb80>, verb_extension=<colcon_core.verb.build.BuildVerb object at 0x7d7031cac640>, main=<bound method BuildVerb.main of <colcon_core.verb.build.BuildVerb object at 0x7d7031cac640>>)
[0.178s] Level 1:colcon.colcon_core.package_discovery:discover_packages(colcon_meta) check parameters
[0.178s] Level 1:colcon.colcon_core.package_discovery:discover_packages(recursive) check parameters
[0.178s] Level 1:colcon.colcon_core.package_discovery:discover_packages(ignore) check parameters
[0.178s] Level 1:colcon.colcon_core.package_discovery:discover_packages(path) check parameters
[0.178s] Level 1:colcon.colcon_core.package_discovery:discover_packages(colcon_meta) discover
[0.178s] Level 1:colcon.colcon_core.package_discovery:discover_packages(recursive) discover
[0.178s] INFO:colcon.colcon_core.package_discovery:Crawling recursively for packages in '/home/luna/backup_ws2'
[0.178s] Level 1:colcon.colcon_core.package_identification:_identify(.) by extensions ['ignore', 'ignore_ament_install']
[0.178s] Level 1:colcon.colcon_core.package_identification:_identify(.) by extension 'ignore'
[0.178s] Level 1:colcon.colcon_core.package_identification:_identify(.) by extension 'ignore_ament_install'
[0.178s] Level 1:colcon.colcon_core.package_identification:_identify(.) by extensions ['colcon_pkg']
[0.178s] Level 1:colcon.colcon_core.package_identification:_identify(.) by extension 'colcon_pkg'
[0.179s] Level 1:colcon.colcon_core.package_identification:_identify(.) by extensions ['colcon_meta']
[0.179s] Level 1:colcon.colcon_core.package_identification:_identify(.) by extension 'colcon_meta'
[0.179s] Level 1:colcon.colcon_core.package_identification:_identify(.) by extensions ['ros']
[0.179s] Level 1:colcon.colcon_core.package_identification:_identify(.) by extension 'ros'
[0.186s] Level 1:colcon.colcon_core.package_identification:_identify(.) by extensions ['cmake', 'python']
[0.186s] Level 1:colcon.colcon_core.package_identification:_identify(.) by extension 'cmake'
[0.186s] Level 1:colcon.colcon_core.package_identification:_identify(.) by extension 'python'
[0.186s] Level 1:colcon.colcon_core.package_identification:_identify(.) by extensions ['python_setup_py']
[0.186s] Level 1:colcon.colcon_core.package_identification:_identify(.) by extension 'python_setup_py'
[0.186s] Level 1:colcon.colcon_core.package_identification:_identify(build) by extensions ['ignore', 'ignore_ament_install']
[0.186s] Level 1:colcon.colcon_core.package_identification:_identify(build) by extension 'ignore'
[0.186s] Level 1:colcon.colcon_core.package_identification:_identify(build) ignored
[0.186s] Level 1:colcon.colcon_core.package_identification:_identify(install) by extensions ['ignore', 'ignore_ament_install']
[0.186s] Level 1:colcon.colcon_core.package_identification:_identify(install) by extension 'ignore'
[0.186s] Level 1:colcon.colcon_core.package_identification:_identify(install) ignored
[0.187s] Level 1:colcon.colcon_core.package_identification:_identify(log) by extensions ['ignore', 'ignore_ament_install']
[0.187s] Level 1:colcon.colcon_core.package_identification:_identify(log) by extension 'ignore'
[0.187s] Level 1:colcon.colcon_core.package_identification:_identify(log) ignored
[0.187s] Level 1:colcon.colcon_core.package_identification:_identify(src) by extensions ['ignore', 'ignore_ament_install']
[0.187s] Level 1:colcon.colcon_core.package_identification:_identify(src) by extension 'ignore'
[0.187s] Level 1:colcon.colcon_core.package_identification:_identify(src) by extension 'ignore_ament_install'
[0.187s] Level 1:colcon.colcon_core.package_identification:_identify(src) by extensions ['colcon_pkg']
[0.187s] Level 1:colcon.colcon_core.package_identification:_identify(src) by extension 'colcon_pkg'
[0.187s] Level 1:colcon.colcon_core.package_identification:_identify(src) by extensions ['colcon_meta']
[0.187s] Level 1:colcon.colcon_core.package_identification:_identify(src) by extension 'colcon_meta'
[0.187s] Level 1:colcon.colcon_core.package_identification:_identify(src) by extensions ['ros']
[0.187s] Level 1:colcon.colcon_core.package_identification:_identify(src) by extension 'ros'
[0.187s] Level 1:colcon.colcon_core.package_identification:_identify(src) by extensions ['cmake', 'python']
[0.187s] Level 1:colcon.colcon_core.package_identification:_identify(src) by extension 'cmake'
[0.187s] Level 1:colcon.colcon_core.package_identification:_identify(src) by extension 'python'
[0.187s] Level 1:colcon.colcon_core.package_identification:_identify(src) by extensions ['python_setup_py']
[0.187s] Level 1:colcon.colcon_core.package_identification:_identify(src) by extension 'python_setup_py'
[0.187s] Level 1:colcon.colcon_core.package_identification:_identify(src/cpp_pubsub) by extensions ['ignore', 'ignore_ament_install']
[0.187s] Level 1:colcon.colcon_core.package_identification:_identify(src/cpp_pubsub) by extension 'ignore'
[0.187s] Level 1:colcon.colcon_core.package_identification:_identify(src/cpp_pubsub) by extension 'ignore_ament_install'
[0.187s] Level 1:colcon.colcon_core.package_identification:_identify(src/cpp_pubsub) by extensions ['colcon_pkg']
[0.187s] Level 1:colcon.colcon_core.package_identification:_identify(src/cpp_pubsub) by extension 'colcon_pkg'
[0.187s] Level 1:colcon.colcon_core.package_identification:_identify(src/cpp_pubsub) by extensions ['colcon_meta']
[0.187s] Level 1:colcon.colcon_core.package_identification:_identify(src/cpp_pubsub) by extension 'colcon_meta'
[0.187s] Level 1:colcon.colcon_core.package_identification:_identify(src/cpp_pubsub) by extensions ['ros']
[0.187s] Level 1:colcon.colcon_core.package_identification:_identify(src/cpp_pubsub) by extension 'ros'
[0.189s] DEBUG:colcon.colcon_core.package_identification:Package 'src/cpp_pubsub' with type 'ros.ament_cmake' and name 'cpp_pubsub'
[0.189s] Level 1:colcon.colcon_core.package_identification:_identify(src/csm) by extensions ['ignore', 'ignore_ament_install']
[0.189s] Level 1:colcon.colcon_core.package_identification:_identify(src/csm) by extension 'ignore'
[0.189s] Level 1:colcon.colcon_core.package_identification:_identify(src/csm) by extension 'ignore_ament_install'
[0.189s] Level 1:colcon.colcon_core.package_identification:_identify(src/csm) by extensions ['colcon_pkg']
[0.189s] Level 1:colcon.colcon_core.package_identification:_identify(src/csm) by extension 'colcon_pkg'
[0.189s] Level 1:colcon.colcon_core.package_identification:_identify(src/csm) by extensions ['colcon_meta']
[0.190s] Level 1:colcon.colcon_core.package_identification:_identify(src/csm) by extension 'colcon_meta'
[0.190s] Level 1:colcon.colcon_core.package_identification:_identify(src/csm) by extensions ['ros']
[0.190s] Level 1:colcon.colcon_core.package_identification:_identify(src/csm) by extension 'ros'
[0.190s] DEBUG:colcon.colcon_core.package_identification:Package 'src/csm' with type 'ros.ament_cmake' and name 'csm'
[0.190s] Level 1:colcon.colcon_core.package_identification:_identify(src/ros2_laser_scan_matcher) by extensions ['ignore', 'ignore_ament_install']
[0.190s] Level 1:colcon.colcon_core.package_identification:_identify(src/ros2_laser_scan_matcher) by extension 'ignore'
[0.190s] Level 1:colcon.colcon_core.package_identification:_identify(src/ros2_laser_scan_matcher) by extension 'ignore_ament_install'
[0.190s] Level 1:colcon.colcon_core.package_identification:_identify(src/ros2_laser_scan_matcher) by extensions ['colcon_pkg']
[0.190s] Level 1:colcon.colcon_core.package_identification:_identify(src/ros2_laser_scan_matcher) by extension 'colcon_pkg'
[0.190s] Level 1:colcon.colcon_core.package_identification:_identify(src/ros2_laser_scan_matcher) by extensions ['colcon_meta']
[0.190s] Level 1:colcon.colcon_core.package_identification:_identify(src/ros2_laser_scan_matcher) by extension 'colcon_meta'
[0.190s] Level 1:colcon.colcon_core.package_identification:_identify(src/ros2_laser_scan_matcher) by extensions ['ros']
[0.190s] Level 1:colcon.colcon_core.package_identification:_identify(src/ros2_laser_scan_matcher) by extension 'ros'
[0.191s] DEBUG:colcon.colcon_core.package_identification:Package 'src/ros2_laser_scan_matcher' with type 'ros.ament_cmake' and name 'ros2_laser_scan_matcher'
[0.191s] Level 1:colcon.colcon_core.package_identification:_identify(src/ros_phoenix) by extensions ['ignore', 'ignore_ament_install']
[0.191s] Level 1:colcon.colcon_core.package_identification:_identify(src/ros_phoenix) by extension 'ignore'
[0.191s] Level 1:colcon.colcon_core.package_identification:_identify(src/ros_phoenix) by extension 'ignore_ament_install'
[0.191s] Level 1:colcon.colcon_core.package_identification:_identify(src/ros_phoenix) by extensions ['colcon_pkg']
[0.191s] Level 1:colcon.colcon_core.package_identification:_identify(src/ros_phoenix) by extension 'colcon_pkg'
[0.191s] Level 1:colcon.colcon_core.package_identification:_identify(src/ros_phoenix) by extensions ['colcon_meta']
[0.191s] Level 1:colcon.colcon_core.package_identification:_identify(src/ros_phoenix) by extension 'colcon_meta'
[0.191s] Level 1:colcon.colcon_core.package_identification:_identify(src/ros_phoenix) by extensions ['ros']
[0.191s] Level 1:colcon.colcon_core.package_identification:_identify(src/ros_phoenix) by extension 'ros'
[0.192s] DEBUG:colcon.colcon_core.package_identification:Package 'src/ros_phoenix' with type 'ros.ament_cmake' and name 'ros_phoenix'
[0.192s] Level 1:colcon.colcon_core.package_identification:_identify(src/serial) by extensions ['ignore', 'ignore_ament_install']
[0.192s] Level 1:colcon.colcon_core.package_identification:_identify(src/serial) by extension 'ignore'
[0.192s] Level 1:colcon.colcon_core.package_identification:_identify(src/serial) by extension 'ignore_ament_install'
[0.192s] Level 1:colcon.colcon_core.package_identification:_identify(src/serial) by extensions ['colcon_pkg']
[0.192s] Level 1:colcon.colcon_core.package_identification:_identify(src/serial) by extension 'colcon_pkg'
[0.192s] Level 1:colcon.colcon_core.package_identification:_identify(src/serial) by extensions ['colcon_meta']
[0.192s] Level 1:colcon.colcon_core.package_identification:_identify(src/serial) by extension 'colcon_meta'
[0.192s] Level 1:colcon.colcon_core.package_identification:_identify(src/serial) by extensions ['ros']
[0.192s] Level 1:colcon.colcon_core.package_identification:_identify(src/serial) by extension 'ros'
[0.192s] DEBUG:colcon.colcon_core.package_identification:Package 'src/serial' with type 'ros.ament_cmake' and name 'serial'
[0.192s] Level 1:colcon.colcon_core.package_discovery:discover_packages(recursive) using defaults
[0.192s] Level 1:colcon.colcon_core.package_discovery:discover_packages(ignore) discover
[0.192s] Level 1:colcon.colcon_core.package_discovery:discover_packages(ignore) using defaults
[0.192s] Level 1:colcon.colcon_core.package_discovery:discover_packages(path) discover
[0.192s] Level 1:colcon.colcon_core.package_discovery:discover_packages(path) using defaults
[0.214s] INFO:colcon.colcon_core.package_selection:Skipping not selected package 'csm' in 'src/csm'
[0.214s] INFO:colcon.colcon_core.package_selection:Skipping not selected package 'ros_phoenix' in 'src/ros_phoenix'
[0.214s] INFO:colcon.colcon_core.package_selection:Skipping not selected package 'serial' in 'src/serial'
[0.215s] Level 1:colcon.colcon_core.package_discovery:discover_packages(prefix_path) check parameters
[0.215s] Level 1:colcon.colcon_core.package_discovery:discover_packages(prefix_path) discover
[0.216s] DEBUG:colcon.colcon_installed_package_information.package_discovery:Found 3 installed packages in /home/luna/backup_ws2/install
[0.217s] DEBUG:colcon.colcon_installed_package_information.package_discovery:Found 396 installed packages in /opt/ros/humble
[0.218s] Level 1:colcon.colcon_core.package_discovery:discover_packages(prefix_path) using defaults
[0.249s] Level 5:colcon.colcon_core.verb:set package 'cpp_pubsub' build argument 'cmake_args' from command line to 'None'
[0.249s] Level 5:colcon.colcon_core.verb:set package 'cpp_pubsub' build argument 'cmake_target' from command line to 'None'
[0.249s] Level 5:colcon.colcon_core.verb:set package 'cpp_pubsub' build argument 'cmake_target_skip_unavailable' from command line to 'False'
[0.249s] Level 5:colcon.colcon_core.verb:set package 'cpp_pubsub' build argument 'cmake_clean_cache' from command line to 'False'
[0.249s] Level 5:colcon.colcon_core.verb:set package 'cpp_pubsub' build argument 'cmake_clean_first' from command line to 'False'
[0.249s] Level 5:colcon.colcon_core.verb:set package 'cpp_pubsub' build argument 'cmake_force_configure' from command line to 'False'
[0.249s] Level 5:colcon.colcon_core.verb:set package 'cpp_pubsub' build argument 'ament_cmake_args' from command line to 'None'
[0.249s] Level 5:colcon.colcon_core.verb:set package 'cpp_pubsub' build argument 'catkin_cmake_args' from command line to 'None'
[0.249s] Level 5:colcon.colcon_core.verb:set package 'cpp_pubsub' build argument 'catkin_skip_building_tests' from command line to 'False'
[0.249s] DEBUG:colcon.colcon_core.verb:Building package 'cpp_pubsub' with the following arguments: {'ament_cmake_args': None, 'build_base': '/home/luna/backup_ws2/build/cpp_pubsub', 'catkin_cmake_args': None, 'catkin_skip_building_tests': False, 'cmake_args': None, 'cmake_clean_cache': False, 'cmake_clean_first': False, 'cmake_force_configure': False, 'cmake_target': None, 'cmake_target_skip_unavailable': False, 'install_base': '/home/luna/backup_ws2/install/cpp_pubsub', 'merge_install': False, 'path': '/home/luna/backup_ws2/src/cpp_pubsub', 'symlink_install': True, 'test_result_base': None}
[0.249s] Level 5:colcon.colcon_core.verb:set package 'ros2_laser_scan_matcher' build argument 'cmake_args' from command line to 'None'
[0.249s] Level 5:colcon.colcon_core.verb:set package 'ros2_laser_scan_matcher' build argument 'cmake_target' from command line to 'None'
[0.249s] Level 5:colcon.colcon_core.verb:set package 'ros2_laser_scan_matcher' build argument 'cmake_target_skip_unavailable' from command line to 'False'
[0.249s] Level 5:colcon.colcon_core.verb:set package 'ros2_laser_scan_matcher' build argument 'cmake_clean_cache' from command line to 'False'
[0.249s] Level 5:colcon.colcon_core.verb:set package 'ros2_laser_scan_matcher' build argument 'cmake_clean_first' from command line to 'False'
[0.249s] Level 5:colcon.colcon_core.verb:set package 'ros2_laser_scan_matcher' build argument 'cmake_force_configure' from command line to 'False'
[0.250s] Level 5:colcon.colcon_core.verb:set package 'ros2_laser_scan_matcher' build argument 'ament_cmake_args' from command line to 'None'
[0.250s] Level 5:colcon.colcon_core.verb:set package 'ros2_laser_scan_matcher' build argument 'catkin_cmake_args' from command line to 'None'
[0.250s] Level 5:colcon.colcon_core.verb:set package 'ros2_laser_scan_matcher' build argument 'catkin_skip_building_tests' from command line to 'False'
[0.250s] DEBUG:colcon.colcon_core.verb:Building package 'ros2_laser_scan_matcher' with the following arguments: {'ament_cmake_args': None, 'build_base': '/home/luna/backup_ws2/build/ros2_laser_scan_matcher', 'catkin_cmake_args': None, 'catkin_skip_building_tests': False, 'cmake_args': None, 'cmake_clean_cache': False, 'cmake_clean_first': False, 'cmake_force_configure': False, 'cmake_target': None, 'cmake_target_skip_unavailable': False, 'install_base': '/home/luna/backup_ws2/install/ros2_laser_scan_matcher', 'merge_install': False, 'path': '/home/luna/backup_ws2/src/ros2_laser_scan_matcher', 'symlink_install': True, 'test_result_base': None}
[0.250s] INFO:colcon.colcon_core.executor:Executing jobs using 'parallel' executor
[0.250s] DEBUG:colcon.colcon_parallel_executor.executor.parallel:run_until_complete
[0.251s] INFO:colcon.colcon_ros.task.ament_cmake.build:Building ROS package in '/home/luna/backup_ws2/src/cpp_pubsub' with build type 'ament_cmake'
[0.251s] INFO:colcon.colcon_cmake.task.cmake.build:Building CMake package in '/home/luna/backup_ws2/src/cpp_pubsub'
[0.252s] INFO:colcon.colcon_core.plugin_system:Skipping extension 'colcon_core.shell.bat': Not used on non-Windows systems
[0.252s] INFO:colcon.colcon_core.shell:Skip shell extension 'powershell' for command environment: Not usable outside of PowerShell
[0.252s] DEBUG:colcon.colcon_core.shell:Skip shell extension 'dsv' for command environment
[0.255s] INFO:colcon.colcon_ros.task.ament_cmake.build:Building ROS package in '/home/luna/backup_ws2/src/ros2_laser_scan_matcher' with build type 'ament_cmake'
[0.255s] INFO:colcon.colcon_cmake.task.cmake.build:Building CMake package in '/home/luna/backup_ws2/src/ros2_laser_scan_matcher'
[0.255s] INFO:colcon.colcon_core.shell:Skip shell extension 'powershell' for command environment: Not usable outside of PowerShell
[0.255s] DEBUG:colcon.colcon_core.shell:Skip shell extension 'dsv' for command environment
[0.261s] DEBUG:colcon.colcon_core.event_handler.log_command:Invoking command in '/home/luna/backup_ws2/build/cpp_pubsub': CMAKE_PREFIX_PATH=/home/luna/backup_ws2/install/ros_phoenix:/home/luna/backup_ws2/install/serial:/home/luna/backup_ws2/install/csm:/opt/ros/humble LD_LIBRARY_PATH=/home/luna/backup_ws2/install/ros_phoenix/lib:/home/luna/backup_ws2/install/serial/lib:/home/luna/backup_ws2/install/csm/lib:/usr/lib/x86_64-linux-gnu/gazebo-11/plugins:/opt/ros/humble/opt/rviz_ogre_vendor/lib:/opt/ros/humble/lib/x86_64-linux-gnu:/opt/ros/humble/lib /usr/bin/cmake /home/luna/backup_ws2/src/cpp_pubsub -DAMENT_CMAKE_SYMLINK_INSTALL=1 -DCMAKE_INSTALL_PREFIX=/home/luna/backup_ws2/install/cpp_pubsub
[0.263s] DEBUG:colcon.colcon_core.event_handler.log_command:Invoking command in '/home/luna/backup_ws2/build/ros2_laser_scan_matcher': CMAKE_PREFIX_PATH=/home/luna/backup_ws2/install/csm:/home/luna/backup_ws2/install/serial:/home/luna/backup_ws2/install/ros_phoenix:/opt/ros/humble LD_LIBRARY_PATH=/home/luna/backup_ws2/install/csm/lib:/home/luna/backup_ws2/install/serial/lib:/home/luna/backup_ws2/install/ros_phoenix/lib:/usr/lib/x86_64-linux-gnu/gazebo-11/plugins:/opt/ros/humble/opt/rviz_ogre_vendor/lib:/opt/ros/humble/lib/x86_64-linux-gnu:/opt/ros/humble/lib /usr/bin/cmake /home/luna/backup_ws2/src/ros2_laser_scan_matcher -DAMENT_CMAKE_SYMLINK_INSTALL=1 -DCMAKE_INSTALL_PREFIX=/home/luna/backup_ws2/install/ros2_laser_scan_matcher
[1.806s] DEBUG:colcon.colcon_core.event_handler.log_command:Invoked command in '/home/luna/backup_ws2/build/ros2_laser_scan_matcher' returned '0': CMAKE_PREFIX_PATH=/home/luna/backup_ws2/install/csm:/home/luna/backup_ws2/install/serial:/home/luna/backup_ws2/install/ros_phoenix:/opt/ros/humble LD_LIBRARY_PATH=/home/luna/backup_ws2/install/csm/lib:/home/luna/backup_ws2/install/serial/lib:/home/luna/backup_ws2/install/ros_phoenix/lib:/usr/lib/x86_64-linux-gnu/gazebo-11/plugins:/opt/ros/humble/opt/rviz_ogre_vendor/lib:/opt/ros/humble/lib/x86_64-linux-gnu:/opt/ros/humble/lib /usr/bin/cmake /home/luna/backup_ws2/src/ros2_laser_scan_matcher -DAMENT_CMAKE_SYMLINK_INSTALL=1 -DCMAKE_INSTALL_PREFIX=/home/luna/backup_ws2/install/ros2_laser_scan_matcher
[1.808s] DEBUG:colcon.colcon_core.event_handler.log_command:Invoking command in '/home/luna/backup_ws2/build/ros2_laser_scan_matcher': CMAKE_PREFIX_PATH=/home/luna/backup_ws2/install/csm:/home/luna/backup_ws2/install/serial:/home/luna/backup_ws2/install/ros_phoenix:/opt/ros/humble LD_LIBRARY_PATH=/home/luna/backup_ws2/install/csm/lib:/home/luna/backup_ws2/install/serial/lib:/home/luna/backup_ws2/install/ros_phoenix/lib:/usr/lib/x86_64-linux-gnu/gazebo-11/plugins:/opt/ros/humble/opt/rviz_ogre_vendor/lib:/opt/ros/humble/lib/x86_64-linux-gnu:/opt/ros/humble/lib /usr/bin/cmake --build /home/luna/backup_ws2/build/ros2_laser_scan_matcher -- -j8 -l8
[2.059s] DEBUG:colcon.colcon_core.event_handler.log_command:Invoked command in '/home/luna/backup_ws2/build/cpp_pubsub' returned '0': CMAKE_PREFIX_PATH=/home/luna/backup_ws2/install/ros_phoenix:/home/luna/backup_ws2/install/serial:/home/luna/backup_ws2/install/csm:/opt/ros/humble LD_LIBRARY_PATH=/home/luna/backup_ws2/install/ros_phoenix/lib:/home/luna/backup_ws2/install/serial/lib:/home/luna/backup_ws2/install/csm/lib:/usr/lib/x86_64-linux-gnu/gazebo-11/plugins:/opt/ros/humble/opt/rviz_ogre_vendor/lib:/opt/ros/humble/lib/x86_64-linux-gnu:/opt/ros/humble/lib /usr/bin/cmake /home/luna/backup_ws2/src/cpp_pubsub -DAMENT_CMAKE_SYMLINK_INSTALL=1 -DCMAKE_INSTALL_PREFIX=/home/luna/backup_ws2/install/cpp_pubsub
[2.060s] DEBUG:colcon.colcon_core.event_handler.log_command:Invoking command in '/home/luna/backup_ws2/build/cpp_pubsub': CMAKE_PREFIX_PATH=/home/luna/backup_ws2/install/ros_phoenix:/home/luna/backup_ws2/install/serial:/home/luna/backup_ws2/install/csm:/opt/ros/humble LD_LIBRARY_PATH=/home/luna/backup_ws2/install/ros_phoenix/lib:/home/luna/backup_ws2/install/serial/lib:/home/luna/backup_ws2/install/csm/lib:/usr/lib/x86_64-linux-gnu/gazebo-11/plugins:/opt/ros/humble/opt/rviz_ogre_vendor/lib:/opt/ros/humble/lib/x86_64-linux-gnu:/opt/ros/humble/lib /usr/bin/cmake --build /home/luna/backup_ws2/build/cpp_pubsub -- -j8 -l8
[15.550s] DEBUG:colcon.colcon_core.event_handler.log_command:Invoked command in '/home/luna/backup_ws2/build/cpp_pubsub' returned '0': CMAKE_PREFIX_PATH=/home/luna/backup_ws2/install/ros_phoenix:/home/luna/backup_ws2/install/serial:/home/luna/backup_ws2/install/csm:/opt/ros/humble LD_LIBRARY_PATH=/home/luna/backup_ws2/install/ros_phoenix/lib:/home/luna/backup_ws2/install/serial/lib:/home/luna/backup_ws2/install/csm/lib:/usr/lib/x86_64-linux-gnu/gazebo-11/plugins:/opt/ros/humble/opt/rviz_ogre_vendor/lib:/opt/ros/humble/lib/x86_64-linux-gnu:/opt/ros/humble/lib /usr/bin/cmake --build /home/luna/backup_ws2/build/cpp_pubsub -- -j8 -l8
[15.619s] DEBUG:colcon.colcon_core.event_handler.log_command:Invoking command in '/home/luna/backup_ws2/build/cpp_pubsub': CMAKE_PREFIX_PATH=/home/luna/backup_ws2/install/ros_phoenix:/home/luna/backup_ws2/install/serial:/home/luna/backup_ws2/install/csm:/opt/ros/humble LD_LIBRARY_PATH=/home/luna/backup_ws2/install/ros_phoenix/lib:/home/luna/backup_ws2/install/serial/lib:/home/luna/backup_ws2/install/csm/lib:/usr/lib/x86_64-linux-gnu/gazebo-11/plugins:/opt/ros/humble/opt/rviz_ogre_vendor/lib:/opt/ros/humble/lib/x86_64-linux-gnu:/opt/ros/humble/lib /usr/bin/cmake --install /home/luna/backup_ws2/build/cpp_pubsub
[15.724s] DEBUG:colcon.colcon_core.event_handler.log_command:Invoked command in '/home/luna/backup_ws2/build/ros2_laser_scan_matcher' returned '0': CMAKE_PREFIX_PATH=/home/luna/backup_ws2/install/csm:/home/luna/backup_ws2/install/serial:/home/luna/backup_ws2/install/ros_phoenix:/opt/ros/humble LD_LIBRARY_PATH=/home/luna/backup_ws2/install/csm/lib:/home/luna/backup_ws2/install/serial/lib:/home/luna/backup_ws2/install/ros_phoenix/lib:/usr/lib/x86_64-linux-gnu/gazebo-11/plugins:/opt/ros/humble/opt/rviz_ogre_vendor/lib:/opt/ros/humble/lib/x86_64-linux-gnu:/opt/ros/humble/lib /usr/bin/cmake --build /home/luna/backup_ws2/build/ros2_laser_scan_matcher -- -j8 -l8
[15.751s] DEBUG:colcon.colcon_core.event_handler.log_command:Invoking command in '/home/luna/backup_ws2/build/ros2_laser_scan_matcher': CMAKE_PREFIX_PATH=/home/luna/backup_ws2/install/csm:/home/luna/backup_ws2/install/serial:/home/luna/backup_ws2/install/ros_phoenix:/opt/ros/humble LD_LIBRARY_PATH=/home/luna/backup_ws2/install/csm/lib:/home/luna/backup_ws2/install/serial/lib:/home/luna/backup_ws2/install/ros_phoenix/lib:/usr/lib/x86_64-linux-gnu/gazebo-11/plugins:/opt/ros/humble/opt/rviz_ogre_vendor/lib:/opt/ros/humble/lib/x86_64-linux-gnu:/opt/ros/humble/lib /usr/bin/cmake --install /home/luna/backup_ws2/build/ros2_laser_scan_matcher
[15.872s] Level 1:colcon.colcon_core.environment:create_environment_scripts_only(ros2_laser_scan_matcher)
[15.872s] DEBUG:colcon.colcon_core.event_handler.log_command:Invoked command in '/home/luna/backup_ws2/build/ros2_laser_scan_matcher' returned '0': CMAKE_PREFIX_PATH=/home/luna/backup_ws2/install/csm:/home/luna/backup_ws2/install/serial:/home/luna/backup_ws2/install/ros_phoenix:/opt/ros/humble LD_LIBRARY_PATH=/home/luna/backup_ws2/install/csm/lib:/home/luna/backup_ws2/install/serial/lib:/home/luna/backup_ws2/install/ros_phoenix/lib:/usr/lib/x86_64-linux-gnu/gazebo-11/plugins:/opt/ros/humble/opt/rviz_ogre_vendor/lib:/opt/ros/humble/lib/x86_64-linux-gnu:/opt/ros/humble/lib /usr/bin/cmake --install /home/luna/backup_ws2/build/ros2_laser_scan_matcher
[15.873s] Level 1:colcon.colcon_core.environment:checking '/home/luna/backup_ws2/install/ros2_laser_scan_matcher' for CMake module files
[15.874s] Level 1:colcon.colcon_core.environment:checking '/home/luna/backup_ws2/install/ros2_laser_scan_matcher' for CMake config files
[15.874s] Level 1:colcon.colcon_core.shell:create_environment_hook('ros2_laser_scan_matcher', 'cmake_prefix_path')
[15.874s] INFO:colcon.colcon_core.shell:Creating environment hook '/home/luna/backup_ws2/install/ros2_laser_scan_matcher/share/ros2_laser_scan_matcher/hook/cmake_prefix_path.ps1'
[15.875s] INFO:colcon.colcon_core.shell:Creating environment descriptor '/home/luna/backup_ws2/install/ros2_laser_scan_matcher/share/ros2_laser_scan_matcher/hook/cmake_prefix_path.dsv'
[15.875s] INFO:colcon.colcon_core.shell:Creating environment hook '/home/luna/backup_ws2/install/ros2_laser_scan_matcher/share/ros2_laser_scan_matcher/hook/cmake_prefix_path.sh'
[15.875s] Level 1:colcon.colcon_core.environment:checking '/home/luna/backup_ws2/install/ros2_laser_scan_matcher/lib'
[15.875s] Level 1:colcon.colcon_core.environment:checking '/home/luna/backup_ws2/install/ros2_laser_scan_matcher/bin'
[15.876s] Level 1:colcon.colcon_core.environment:checking '/home/luna/backup_ws2/install/ros2_laser_scan_matcher/lib/pkgconfig/ros2_laser_scan_matcher.pc'
[15.876s] Level 1:colcon.colcon_core.environment:checking '/home/luna/backup_ws2/install/ros2_laser_scan_matcher/lib/python3.10/site-packages'
[15.876s] Level 1:colcon.colcon_core.environment:checking '/home/luna/backup_ws2/install/ros2_laser_scan_matcher/bin'
[15.876s] INFO:colcon.colcon_core.shell:Creating package script '/home/luna/backup_ws2/install/ros2_laser_scan_matcher/share/ros2_laser_scan_matcher/package.ps1'
[15.877s] INFO:colcon.colcon_core.shell:Creating package descriptor '/home/luna/backup_ws2/install/ros2_laser_scan_matcher/share/ros2_laser_scan_matcher/package.dsv'
[15.877s] INFO:colcon.colcon_core.shell:Creating package script '/home/luna/backup_ws2/install/ros2_laser_scan_matcher/share/ros2_laser_scan_matcher/package.sh'
[15.877s] INFO:colcon.colcon_core.shell:Creating package script '/home/luna/backup_ws2/install/ros2_laser_scan_matcher/share/ros2_laser_scan_matcher/package.bash'
[15.878s] INFO:colcon.colcon_core.shell:Creating package script '/home/luna/backup_ws2/install/ros2_laser_scan_matcher/share/ros2_laser_scan_matcher/package.zsh'
[15.879s] Level 1:colcon.colcon_core.environment:create_file_with_runtime_dependencies(/home/luna/backup_ws2/install/ros2_laser_scan_matcher/share/colcon-core/packages/ros2_laser_scan_matcher)
[15.898s] Level 1:colcon.colcon_core.environment:create_environment_scripts_only(ros2_laser_scan_matcher)
[15.899s] Level 1:colcon.colcon_core.environment:checking '/home/luna/backup_ws2/install/ros2_laser_scan_matcher' for CMake module files
[15.900s] Level 1:colcon.colcon_core.environment:checking '/home/luna/backup_ws2/install/ros2_laser_scan_matcher' for CMake config files
[15.900s] Level 1:colcon.colcon_core.shell:create_environment_hook('ros2_laser_scan_matcher', 'cmake_prefix_path')
[15.901s] INFO:colcon.colcon_core.shell:Creating environment hook '/home/luna/backup_ws2/install/ros2_laser_scan_matcher/share/ros2_laser_scan_matcher/hook/cmake_prefix_path.ps1'
[15.902s] INFO:colcon.colcon_core.shell:Creating environment descriptor '/home/luna/backup_ws2/install/ros2_laser_scan_matcher/share/ros2_laser_scan_matcher/hook/cmake_prefix_path.dsv'
[15.902s] INFO:colcon.colcon_core.shell:Creating environment hook '/home/luna/backup_ws2/install/ros2_laser_scan_matcher/share/ros2_laser_scan_matcher/hook/cmake_prefix_path.sh'
[15.903s] Level 1:colcon.colcon_core.environment:checking '/home/luna/backup_ws2/install/ros2_laser_scan_matcher/lib'
[15.904s] Level 1:colcon.colcon_core.environment:checking '/home/luna/backup_ws2/install/ros2_laser_scan_matcher/bin'
[15.904s] Level 1:colcon.colcon_core.environment:checking '/home/luna/backup_ws2/install/ros2_laser_scan_matcher/lib/pkgconfig/ros2_laser_scan_matcher.pc'
[15.904s] Level 1:colcon.colcon_core.environment:checking '/home/luna/backup_ws2/install/ros2_laser_scan_matcher/lib/python3.10/site-packages'
[15.904s] Level 1:colcon.colcon_core.environment:checking '/home/luna/backup_ws2/install/ros2_laser_scan_matcher/bin'
[15.905s] INFO:colcon.colcon_core.shell:Creating package script '/home/luna/backup_ws2/install/ros2_laser_scan_matcher/share/ros2_laser_scan_matcher/package.ps1'
[15.906s] INFO:colcon.colcon_core.shell:Creating package descriptor '/home/luna/backup_ws2/install/ros2_laser_scan_matcher/share/ros2_laser_scan_matcher/package.dsv'
[15.907s] INFO:colcon.colcon_core.shell:Creating package script '/home/luna/backup_ws2/install/ros2_laser_scan_matcher/share/ros2_laser_scan_matcher/package.sh'
[15.907s] INFO:colcon.colcon_core.shell:Creating package script '/home/luna/backup_ws2/install/ros2_laser_scan_matcher/share/ros2_laser_scan_matcher/package.bash'
[15.907s] INFO:colcon.colcon_core.shell:Creating package script '/home/luna/backup_ws2/install/ros2_laser_scan_matcher/share/ros2_laser_scan_matcher/package.zsh'
[15.908s] Level 1:colcon.colcon_core.environment:create_file_with_runtime_dependencies(/home/luna/backup_ws2/install/ros2_laser_scan_matcher/share/colcon-core/packages/ros2_laser_scan_matcher)
[16.122s] Level 1:colcon.colcon_core.environment:create_environment_scripts_only(cpp_pubsub)
[16.123s] Level 1:colcon.colcon_core.environment:checking '/home/luna/backup_ws2/install/cpp_pubsub' for CMake module files
[16.123s] DEBUG:colcon.colcon_core.event_handler.log_command:Invoked command in '/home/luna/backup_ws2/build/cpp_pubsub' returned '0': CMAKE_PREFIX_PATH=/home/luna/backup_ws2/install/ros_phoenix:/home/luna/backup_ws2/install/serial:/home/luna/backup_ws2/install/csm:/opt/ros/humble LD_LIBRARY_PATH=/home/luna/backup_ws2/install/ros_phoenix/lib:/home/luna/backup_ws2/install/serial/lib:/home/luna/backup_ws2/install/csm/lib:/usr/lib/x86_64-linux-gnu/gazebo-11/plugins:/opt/ros/humble/opt/rviz_ogre_vendor/lib:/opt/ros/humble/lib/x86_64-linux-gnu:/opt/ros/humble/lib /usr/bin/cmake --install /home/luna/backup_ws2/build/cpp_pubsub
[16.123s] Level 1:colcon.colcon_core.environment:checking '/home/luna/backup_ws2/install/cpp_pubsub' for CMake config files
[16.124s] Level 1:colcon.colcon_core.shell:create_environment_hook('cpp_pubsub', 'cmake_prefix_path')
[16.124s] INFO:colcon.colcon_core.shell:Creating environment hook '/home/luna/backup_ws2/install/cpp_pubsub/share/cpp_pubsub/hook/cmake_prefix_path.ps1'
[16.124s] INFO:colcon.colcon_core.shell:Creating environment descriptor '/home/luna/backup_ws2/install/cpp_pubsub/share/cpp_pubsub/hook/cmake_prefix_path.dsv'
[16.124s] INFO:colcon.colcon_core.shell:Creating environment hook '/home/luna/backup_ws2/install/cpp_pubsub/share/cpp_pubsub/hook/cmake_prefix_path.sh'
[16.125s] Level 1:colcon.colcon_core.environment:checking '/home/luna/backup_ws2/install/cpp_pubsub/lib'
[16.125s] Level 1:colcon.colcon_core.shell:create_environment_hook('cpp_pubsub', 'ld_library_path_lib')
[16.125s] INFO:colcon.colcon_core.shell:Creating environment hook '/home/luna/backup_ws2/install/cpp_pubsub/share/cpp_pubsub/hook/ld_library_path_lib.ps1'
[16.125s] INFO:colcon.colcon_core.shell:Creating environment descriptor '/home/luna/backup_ws2/install/cpp_pubsub/share/cpp_pubsub/hook/ld_library_path_lib.dsv'
[16.125s] INFO:colcon.colcon_core.shell:Creating environment hook '/home/luna/backup_ws2/install/cpp_pubsub/share/cpp_pubsub/hook/ld_library_path_lib.sh'
[16.125s] Level 1:colcon.colcon_core.environment:checking '/home/luna/backup_ws2/install/cpp_pubsub/bin'
[16.125s] Level 1:colcon.colcon_core.environment:checking '/home/luna/backup_ws2/install/cpp_pubsub/lib/pkgconfig/cpp_pubsub.pc'
[16.126s] Level 1:colcon.colcon_core.environment:checking '/home/luna/backup_ws2/install/cpp_pubsub/lib/python3.10/site-packages'
[16.126s] Level 1:colcon.colcon_core.environment:checking '/home/luna/backup_ws2/install/cpp_pubsub/bin'
[16.126s] INFO:colcon.colcon_core.shell:Creating package script '/home/luna/backup_ws2/install/cpp_pubsub/share/cpp_pubsub/package.ps1'
[16.126s] INFO:colcon.colcon_core.shell:Creating package descriptor '/home/luna/backup_ws2/install/cpp_pubsub/share/cpp_pubsub/package.dsv'
[16.127s] INFO:colcon.colcon_core.shell:Creating package script '/home/luna/backup_ws2/install/cpp_pubsub/share/cpp_pubsub/package.sh'
[16.127s] INFO:colcon.colcon_core.shell:Creating package script '/home/luna/backup_ws2/install/cpp_pubsub/share/cpp_pubsub/package.bash'
[16.127s] INFO:colcon.colcon_core.shell:Creating package script '/home/luna/backup_ws2/install/cpp_pubsub/share/cpp_pubsub/package.zsh'
[16.127s] Level 1:colcon.colcon_core.environment:create_file_with_runtime_dependencies(/home/luna/backup_ws2/install/cpp_pubsub/share/colcon-core/packages/cpp_pubsub)
[16.200s] Level 1:colcon.colcon_core.environment:create_environment_scripts_only(cpp_pubsub)
[16.200s] Level 1:colcon.colcon_core.environment:checking '/home/luna/backup_ws2/install/cpp_pubsub' for CMake module files
[16.201s] Level 1:colcon.colcon_core.environment:checking '/home/luna/backup_ws2/install/cpp_pubsub' for CMake config files
[16.202s] Level 1:colcon.colcon_core.shell:create_environment_hook('cpp_pubsub', 'cmake_prefix_path')
[16.202s] INFO:colcon.colcon_core.shell:Creating environment hook '/home/luna/backup_ws2/install/cpp_pubsub/share/cpp_pubsub/hook/cmake_prefix_path.ps1'
[16.202s] INFO:colcon.colcon_core.shell:Creating environment descriptor '/home/luna/backup_ws2/install/cpp_pubsub/share/cpp_pubsub/hook/cmake_prefix_path.dsv'
[16.203s] INFO:colcon.colcon_core.shell:Creating environment hook '/home/luna/backup_ws2/install/cpp_pubsub/share/cpp_pubsub/hook/cmake_prefix_path.sh'
[16.204s] Level 1:colcon.colcon_core.environment:checking '/home/luna/backup_ws2/install/cpp_pubsub/lib'
[16.204s] Level 1:colcon.colcon_core.shell:create_environment_hook('cpp_pubsub', 'ld_library_path_lib')
[16.204s] INFO:colcon.colcon_core.shell:Creating environment hook '/home/luna/backup_ws2/install/cpp_pubsub/share/cpp_pubsub/hook/ld_library_path_lib.ps1'
[16.205s] INFO:colcon.colcon_core.shell:Creating environment descriptor '/home/luna/backup_ws2/install/cpp_pubsub/share/cpp_pubsub/hook/ld_library_path_lib.dsv'
[16.205s] INFO:colcon.colcon_core.shell:Creating environment hook '/home/luna/backup_ws2/install/cpp_pubsub/share/cpp_pubsub/hook/ld_library_path_lib.sh'
[16.205s] Level 1:colcon.colcon_core.environment:checking '/home/luna/backup_ws2/install/cpp_pubsub/bin'
[16.205s] Level 1:colcon.colcon_core.environment:checking '/home/luna/backup_ws2/install/cpp_pubsub/lib/pkgconfig/cpp_pubsub.pc'
[16.206s] Level 1:colcon.colcon_core.environment:checking '/home/luna/backup_ws2/install/cpp_pubsub/lib/python3.10/site-packages'
[16.206s] Level 1:colcon.colcon_core.environment:checking '/home/luna/backup_ws2/install/cpp_pubsub/bin'
[16.206s] INFO:colcon.colcon_core.shell:Creating package script '/home/luna/backup_ws2/install/cpp_pubsub/share/cpp_pubsub/package.ps1'
[16.207s] INFO:colcon.colcon_core.shell:Creating package descriptor '/home/luna/backup_ws2/install/cpp_pubsub/share/cpp_pubsub/package.dsv'
[16.207s] INFO:colcon.colcon_core.shell:Creating package script '/home/luna/backup_ws2/install/cpp_pubsub/share/cpp_pubsub/package.sh'
[16.208s] INFO:colcon.colcon_core.shell:Creating package script '/home/luna/backup_ws2/install/cpp_pubsub/share/cpp_pubsub/package.bash'
[16.208s] INFO:colcon.colcon_core.shell:Creating package script '/home/luna/backup_ws2/install/cpp_pubsub/share/cpp_pubsub/package.zsh'
[16.208s] Level 1:colcon.colcon_core.environment:create_file_with_runtime_dependencies(/home/luna/backup_ws2/install/cpp_pubsub/share/colcon-core/packages/cpp_pubsub)
[16.209s] DEBUG:colcon.colcon_parallel_executor.executor.parallel:closing loop
[16.209s] DEBUG:colcon.colcon_parallel_executor.executor.parallel:loop closed
[16.209s] DEBUG:colcon.colcon_parallel_executor.executor.parallel:run_until_complete finished with '0'
[16.209s] DEBUG:colcon.colcon_core.event_reactor:joining thread
[16.214s] INFO:colcon.colcon_core.plugin_system:Skipping extension 'colcon_notification.desktop_notification.terminal_notifier': Not used on non-Darwin systems
[16.214s] INFO:colcon.colcon_core.plugin_system:Skipping extension 'colcon_notification.desktop_notification.win32': Not used on non-Windows systems
[16.214s] INFO:colcon.colcon_notification.desktop_notification:Sending desktop notification using 'notify2'
[16.223s] DEBUG:colcon.colcon_core.event_reactor:joined thread
[16.224s] INFO:colcon.colcon_core.shell:Creating prefix script '/home/luna/backup_ws2/install/local_setup.ps1'
[16.225s] INFO:colcon.colcon_core.shell:Creating prefix util module '/home/luna/backup_ws2/install/_local_setup_util_ps1.py'
[16.226s] INFO:colcon.colcon_core.shell:Creating prefix chain script '/home/luna/backup_ws2/install/setup.ps1'
[16.226s] INFO:colcon.colcon_core.shell:Creating prefix script '/home/luna/backup_ws2/install/local_setup.sh'
[16.227s] INFO:colcon.colcon_core.shell:Creating prefix util module '/home/luna/backup_ws2/install/_local_setup_util_sh.py'
[16.227s] INFO:colcon.colcon_core.shell:Creating prefix chain script '/home/luna/backup_ws2/install/setup.sh'
[16.228s] INFO:colcon.colcon_core.shell:Creating prefix script '/home/luna/backup_ws2/install/local_setup.bash'
[16.228s] INFO:colcon.colcon_core.shell:Creating prefix chain script '/home/luna/backup_ws2/install/setup.bash'
[16.229s] INFO:colcon.colcon_core.shell:Creating prefix script '/home/luna/backup_ws2/install/local_setup.zsh'
[16.229s] INFO:colcon.colcon_core.shell:Creating prefix chain script '/home/luna/backup_ws2/install/setup.zsh'
