[0.010s] Invoking command in '/home/luna/ws/build/cpp_pubsub': CMAKE_PREFIX_PATH=/home/luna/ws/install/ros_phoenix:/home/luna/ws/install/serial:/home/luna/ws/install/csm:/opt/ros/humble LD_LIBRARY_PATH=/home/luna/ws/install/ros_phoenix/lib:/home/luna/ws/install/serial/lib:/home/luna/ws/install/csm/lib:/usr/lib/x86_64-linux-gnu/gazebo-11/plugins:/opt/ros/humble/opt/rviz_ogre_vendor/lib:/opt/ros/humble/lib/x86_64-linux-gnu:/opt/ros/humble/lib /usr/bin/cmake --build /home/luna/ws/build/cpp_pubsub -- -j8 -l8
[0.042s] [35m[1mConsolidate compiler generated dependencies of target listener[0m
[0.042s] [35m[1mConsolidate compiler generated dependencies of target rover[0m
[0.042s] [35m[1mConsolidate compiler generated dependencies of target commander[0m
[0.042s] [35m[1mConsolidate compiler generated dependencies of target serial_com[0m
[0.050s] [35m[1mConsolidate compiler generated dependencies of target talker[0m
[0.050s] [35m[1mConsolidate compiler generated dependencies of target cpp_pubsub__rosidl_generator_c[0m
[0.050s] [  2%] Built target cpp_pubsub__cpp
[0.060s] [  6%] Built target rover
[0.060s] [  6%] Built target ament_cmake_python_symlink_cpp_pubsub
[0.060s] [ 11%] Built target listener
[0.061s] [35m[1mConsolidate compiler generated dependencies of target motors[0m
[0.064s] [ 15%] Built target serial_com
[0.064s] [ 17%] [32mBuilding CXX object CMakeFiles/commander.dir/src/pubsub_node.cpp.o[0m
[0.065s] [ 24%] Built target cpp_pubsub__rosidl_generator_c
[0.071s] [35m[1mConsolidate compiler generated dependencies of target cpp_pubsub__rosidl_typesupport_cpp[0m
[0.072s] [35m[1mConsolidate compiler generated dependencies of target cpp_pubsub__rosidl_typesupport_fastrtps_cpp[0m
[0.073s] [35m[1mConsolidate compiler generated dependencies of target today[0m
[0.075s] [35m[1mConsolidate compiler generated dependencies of target cpp_pubsub__rosidl_typesupport_introspection_cpp[0m
[0.080s] [ 28%] Built target motors
[0.084s] [ 35%] Built target cpp_pubsub__rosidl_typesupport_cpp
[0.086s] [ 42%] Built target cpp_pubsub__rosidl_typesupport_fastrtps_cpp
[0.089s] [ 48%] Built target cpp_pubsub__rosidl_typesupport_introspection_cpp
[0.091s] [35m[1mConsolidate compiler generated dependencies of target cpp_pubsub__rosidl_typesupport_fastrtps_c[0m
[0.093s] [ 53%] Built target talker
[0.094s] [ 55%] [32mBuilding CXX object CMakeFiles/today.dir/src/today.cpp.o[0m
[0.094s] [35m[1mConsolidate compiler generated dependencies of target cpp_pubsub__rosidl_typesupport_introspection_c[0m
[0.094s] [35m[1mConsolidate compiler generated dependencies of target cpp_pubsub__rosidl_typesupport_c[0m
[0.103s] [ 62%] Built target cpp_pubsub__rosidl_typesupport_c
[0.104s] [ 68%] Built target cpp_pubsub__rosidl_typesupport_fastrtps_c
[0.109s] [ 75%] Built target cpp_pubsub__rosidl_typesupport_introspection_c
[0.131s] [ 75%] Built target cpp_pubsub
[0.146s] [ 77%] Built target cpp_pubsub__py
[0.154s] [35m[1mConsolidate compiler generated dependencies of target cpp_pubsub__rosidl_generator_py[0m
[0.162s] [ 82%] Built target cpp_pubsub__rosidl_generator_py
[0.171s] [35m[1mConsolidate compiler generated dependencies of target cpp_pubsub__rosidl_typesupport_introspection_c__pyext[0m
[0.173s] [35m[1mConsolidate compiler generated dependencies of target cpp_pubsub__rosidl_typesupport_c__pyext[0m
[0.174s] [35m[1mConsolidate compiler generated dependencies of target cpp_pubsub__rosidl_typesupport_fastrtps_c__pyext[0m
[0.180s] [ 86%] Built target cpp_pubsub__rosidl_typesupport_introspection_c__pyext
[0.187s] [ 91%] Built target cpp_pubsub__rosidl_typesupport_c__pyext
[0.189s] [ 95%] Built target cpp_pubsub__rosidl_typesupport_fastrtps_c__pyext
[0.253s] running egg_info
[0.253s] writing cpp_pubsub.egg-info/PKG-INFO
[0.253s] writing dependency_links to cpp_pubsub.egg-info/dependency_links.txt
[0.254s] writing top-level names to cpp_pubsub.egg-info/top_level.txt
[0.255s] reading manifest file 'cpp_pubsub.egg-info/SOURCES.txt'
[0.255s] writing manifest file 'cpp_pubsub.egg-info/SOURCES.txt'
[0.275s] [ 95%] Built target ament_cmake_python_build_cpp_pubsub_egg
[5.938s] [ 97%] [32m[1mLinking CXX executable today[0m
[6.235s] [ 97%] Built target today
[9.734s] [100%] [32m[1mLinking CXX executable commander[0m
[10.015s] [100%] Built target commander
[10.023s] Invoked command in '/home/luna/ws/build/cpp_pubsub' returned '0': CMAKE_PREFIX_PATH=/home/luna/ws/install/ros_phoenix:/home/luna/ws/install/serial:/home/luna/ws/install/csm:/opt/ros/humble LD_LIBRARY_PATH=/home/luna/ws/install/ros_phoenix/lib:/home/luna/ws/install/serial/lib:/home/luna/ws/install/csm/lib:/usr/lib/x86_64-linux-gnu/gazebo-11/plugins:/opt/ros/humble/opt/rviz_ogre_vendor/lib:/opt/ros/humble/lib/x86_64-linux-gnu:/opt/ros/humble/lib /usr/bin/cmake --build /home/luna/ws/build/cpp_pubsub -- -j8 -l8
[10.091s] Invoking command in '/home/luna/ws/build/cpp_pubsub': CMAKE_PREFIX_PATH=/home/luna/ws/install/ros_phoenix:/home/luna/ws/install/serial:/home/luna/ws/install/csm:/opt/ros/humble LD_LIBRARY_PATH=/home/luna/ws/install/ros_phoenix/lib:/home/luna/ws/install/serial/lib:/home/luna/ws/install/csm/lib:/usr/lib/x86_64-linux-gnu/gazebo-11/plugins:/opt/ros/humble/opt/rviz_ogre_vendor/lib:/opt/ros/humble/lib/x86_64-linux-gnu:/opt/ros/humble/lib /usr/bin/cmake --install /home/luna/ws/build/cpp_pubsub
[10.097s] -- Install configuration: ""
[10.097s] -- Execute custom install script
[10.098s] -- Up-to-date symlink: /home/luna/ws/install/cpp_pubsub/share/ament_index/resource_index/rosidl_interfaces/cpp_pubsub
[10.098s] -- Up-to-date symlink: /home/luna/ws/install/cpp_pubsub/include/cpp_pubsub/cpp_pubsub/msg/detail/phoenix_control__functions.h
[10.098s] -- Up-to-date symlink: /home/luna/ws/install/cpp_pubsub/include/cpp_pubsub/cpp_pubsub/msg/detail/phoenix_control__struct.h
[10.098s] -- Up-to-date symlink: /home/luna/ws/install/cpp_pubsub/include/cpp_pubsub/cpp_pubsub/msg/detail/phoenix_control__type_support.h
[10.098s] -- Up-to-date symlink: /home/luna/ws/install/cpp_pubsub/include/cpp_pubsub/cpp_pubsub/msg/phoenix_control.h
[10.098s] -- Up-to-date symlink: /home/luna/ws/install/cpp_pubsub/include/cpp_pubsub/cpp_pubsub/msg/rosidl_generator_c__visibility_control.h
[10.098s] -- Up-to-date symlink: /home/luna/ws/install/cpp_pubsub/share/cpp_pubsub/environment/library_path.sh
[10.098s] -- Up-to-date symlink: /home/luna/ws/install/cpp_pubsub/share/cpp_pubsub/environment/library_path.dsv
[10.099s] -- Up-to-date symlink: /home/luna/ws/install/cpp_pubsub/include/cpp_pubsub/cpp_pubsub/msg/detail/phoenix_control__rosidl_typesupport_fastrtps_c.h
[10.099s] -- Up-to-date symlink: /home/luna/ws/install/cpp_pubsub/include/cpp_pubsub/cpp_pubsub/msg/rosidl_typesupport_fastrtps_c__visibility_control.h
[10.099s] -- Up-to-date symlink: /home/luna/ws/install/cpp_pubsub/include/cpp_pubsub/cpp_pubsub/msg/detail/phoenix_control__builder.hpp
[10.099s] -- Up-to-date symlink: /home/luna/ws/install/cpp_pubsub/include/cpp_pubsub/cpp_pubsub/msg/detail/phoenix_control__struct.hpp
[10.099s] -- Up-to-date symlink: /home/luna/ws/install/cpp_pubsub/include/cpp_pubsub/cpp_pubsub/msg/detail/phoenix_control__traits.hpp
[10.099s] -- Up-to-date symlink: /home/luna/ws/install/cpp_pubsub/include/cpp_pubsub/cpp_pubsub/msg/phoenix_control.hpp
[10.099s] -- Up-to-date symlink: /home/luna/ws/install/cpp_pubsub/include/cpp_pubsub/cpp_pubsub/msg/detail/phoenix_control__rosidl_typesupport_fastrtps_cpp.hpp
[10.099s] -- Up-to-date symlink: /home/luna/ws/install/cpp_pubsub/include/cpp_pubsub/cpp_pubsub/msg/rosidl_typesupport_fastrtps_cpp__visibility_control.h
[10.099s] -- Up-to-date symlink: /home/luna/ws/install/cpp_pubsub/include/cpp_pubsub/cpp_pubsub/msg/detail/phoenix_control__rosidl_typesupport_introspection_c.h
[10.100s] -- Up-to-date symlink: /home/luna/ws/install/cpp_pubsub/include/cpp_pubsub/cpp_pubsub/msg/rosidl_typesupport_introspection_c__visibility_control.h
[10.100s] -- Up-to-date symlink: /home/luna/ws/install/cpp_pubsub/include/cpp_pubsub/cpp_pubsub/msg/detail/phoenix_control__rosidl_typesupport_introspection_cpp.hpp
[10.100s] -- Up-to-date symlink: /home/luna/ws/install/cpp_pubsub/share/cpp_pubsub/environment/pythonpath.sh
[10.100s] -- Up-to-date symlink: /home/luna/ws/install/cpp_pubsub/share/cpp_pubsub/environment/pythonpath.dsv
[10.100s] -- Up-to-date symlink: /home/luna/ws/install/cpp_pubsub/local/lib/python3.10/dist-packages/cpp_pubsub-0.0.3-py3.10.egg-info/PKG-INFO
[10.100s] -- Up-to-date symlink: /home/luna/ws/install/cpp_pubsub/local/lib/python3.10/dist-packages/cpp_pubsub-0.0.3-py3.10.egg-info/SOURCES.txt
[10.100s] -- Up-to-date symlink: /home/luna/ws/install/cpp_pubsub/local/lib/python3.10/dist-packages/cpp_pubsub-0.0.3-py3.10.egg-info/dependency_links.txt
[10.100s] -- Up-to-date symlink: /home/luna/ws/install/cpp_pubsub/local/lib/python3.10/dist-packages/cpp_pubsub-0.0.3-py3.10.egg-info/top_level.txt
[10.101s] -- Up-to-date symlink: /home/luna/ws/install/cpp_pubsub/local/lib/python3.10/dist-packages/cpp_pubsub/__init__.py
[10.101s] -- Up-to-date symlink: /home/luna/ws/install/cpp_pubsub/local/lib/python3.10/dist-packages/cpp_pubsub/_cpp_pubsub_s.ep.rosidl_typesupport_c.c
[10.101s] -- Up-to-date symlink: /home/luna/ws/install/cpp_pubsub/local/lib/python3.10/dist-packages/cpp_pubsub/_cpp_pubsub_s.ep.rosidl_typesupport_fastrtps_c.c
[10.101s] -- Up-to-date symlink: /home/luna/ws/install/cpp_pubsub/local/lib/python3.10/dist-packages/cpp_pubsub/_cpp_pubsub_s.ep.rosidl_typesupport_introspection_c.c
[10.101s] -- Up-to-date symlink: /home/luna/ws/install/cpp_pubsub/local/lib/python3.10/dist-packages/cpp_pubsub/cpp_pubsub_s__rosidl_typesupport_c.cpython-310-x86_64-linux-gnu.so
[10.101s] -- Up-to-date symlink: /home/luna/ws/install/cpp_pubsub/local/lib/python3.10/dist-packages/cpp_pubsub/cpp_pubsub_s__rosidl_typesupport_fastrtps_c.cpython-310-x86_64-linux-gnu.so
[10.101s] -- Up-to-date symlink: /home/luna/ws/install/cpp_pubsub/local/lib/python3.10/dist-packages/cpp_pubsub/cpp_pubsub_s__rosidl_typesupport_introspection_c.cpython-310-x86_64-linux-gnu.so
[10.101s] -- Up-to-date symlink: /home/luna/ws/install/cpp_pubsub/local/lib/python3.10/dist-packages/cpp_pubsub/libcpp_pubsub__rosidl_generator_py.so
[10.101s] -- Up-to-date symlink: /home/luna/ws/install/cpp_pubsub/local/lib/python3.10/dist-packages/cpp_pubsub/msg/__init__.py
[10.101s] -- Up-to-date symlink: /home/luna/ws/install/cpp_pubsub/local/lib/python3.10/dist-packages/cpp_pubsub/msg/_phoenix_control.py
[10.101s] -- Up-to-date symlink: /home/luna/ws/install/cpp_pubsub/local/lib/python3.10/dist-packages/cpp_pubsub/msg/_phoenix_control_s.c
[10.101s] -- Up-to-date symlink: /home/luna/ws/install/cpp_pubsub/local/lib/python3.10/dist-packages/cpp_pubsub/cpp_pubsub_s__rosidl_typesupport_fastrtps_c.cpython-310-x86_64-linux-gnu.so
[10.101s] -- Up-to-date symlink: /home/luna/ws/install/cpp_pubsub/local/lib/python3.10/dist-packages/cpp_pubsub/cpp_pubsub_s__rosidl_typesupport_introspection_c.cpython-310-x86_64-linux-gnu.so
[10.102s] -- Up-to-date symlink: /home/luna/ws/install/cpp_pubsub/local/lib/python3.10/dist-packages/cpp_pubsub/cpp_pubsub_s__rosidl_typesupport_c.cpython-310-x86_64-linux-gnu.so
[10.102s] -- Up-to-date symlink: /home/luna/ws/install/cpp_pubsub/share/cpp_pubsub/msg/PhoenixControl.idl
[10.102s] -- Up-to-date symlink: /home/luna/ws/install/cpp_pubsub/share/cpp_pubsub/msg/PhoenixControl.msg
[10.102s] -- Up-to-date symlink: /home/luna/ws/install/cpp_pubsub/lib/cpp_pubsub/serial_com
[10.102s] -- Up-to-date symlink: /home/luna/ws/install/cpp_pubsub/lib/cpp_pubsub/listener
[10.102s] -- Up-to-date symlink: /home/luna/ws/install/cpp_pubsub/lib/cpp_pubsub/talker
[10.102s] -- Up-to-date symlink: /home/luna/ws/install/cpp_pubsub/lib/cpp_pubsub/commander
[10.102s] -- Up-to-date symlink: /home/luna/ws/install/cpp_pubsub/lib/cpp_pubsub/rover
[10.103s] -- Up-to-date symlink: /home/luna/ws/install/cpp_pubsub/lib/cpp_pubsub/motors
[10.103s] -- Up-to-date symlink: /home/luna/ws/install/cpp_pubsub/lib/cpp_pubsub/today
[10.103s] -- Up-to-date symlink: /home/luna/ws/install/cpp_pubsub/share/cpp_pubsub//launch/commander.launch.py
[10.103s] -- Up-to-date symlink: /home/luna/ws/install/cpp_pubsub/share/cpp_pubsub//launch/motors.launch.py
[10.103s] -- Up-to-date symlink: /home/luna/ws/install/cpp_pubsub/share/ament_index/resource_index/package_run_dependencies/cpp_pubsub
[10.103s] -- Up-to-date symlink: /home/luna/ws/install/cpp_pubsub/share/ament_index/resource_index/parent_prefix_path/cpp_pubsub
[10.103s] -- Up-to-date symlink: /home/luna/ws/install/cpp_pubsub/share/cpp_pubsub/environment/ament_prefix_path.sh
[10.103s] -- Up-to-date symlink: /home/luna/ws/install/cpp_pubsub/share/cpp_pubsub/environment/ament_prefix_path.dsv
[10.103s] -- Up-to-date symlink: /home/luna/ws/install/cpp_pubsub/share/cpp_pubsub/environment/path.sh
[10.103s] -- Up-to-date symlink: /home/luna/ws/install/cpp_pubsub/share/cpp_pubsub/environment/path.dsv
[10.103s] -- Up-to-date symlink: /home/luna/ws/install/cpp_pubsub/share/cpp_pubsub/local_setup.bash
[10.104s] -- Up-to-date symlink: /home/luna/ws/install/cpp_pubsub/share/cpp_pubsub/local_setup.sh
[10.104s] -- Up-to-date symlink: /home/luna/ws/install/cpp_pubsub/share/cpp_pubsub/local_setup.zsh
[10.104s] -- Up-to-date symlink: /home/luna/ws/install/cpp_pubsub/share/cpp_pubsub/local_setup.dsv
[10.104s] -- Symlinking: /home/luna/ws/install/cpp_pubsub/share/cpp_pubsub/package.dsv
[10.110s] -- Up-to-date symlink: /home/luna/ws/install/cpp_pubsub/share/ament_index/resource_index/packages/cpp_pubsub
[10.110s] -- Up-to-date symlink: /home/luna/ws/install/cpp_pubsub/share/cpp_pubsub/cmake/rosidl_cmake-extras.cmake
[10.110s] -- Up-to-date symlink: /home/luna/ws/install/cpp_pubsub/share/cpp_pubsub/cmake/ament_cmake_export_dependencies-extras.cmake
[10.110s] -- Up-to-date symlink: /home/luna/ws/install/cpp_pubsub/share/cpp_pubsub/cmake/ament_cmake_export_include_directories-extras.cmake
[10.110s] -- Up-to-date symlink: /home/luna/ws/install/cpp_pubsub/share/cpp_pubsub/cmake/ament_cmake_export_libraries-extras.cmake
[10.110s] -- Up-to-date symlink: /home/luna/ws/install/cpp_pubsub/share/cpp_pubsub/cmake/ament_cmake_export_targets-extras.cmake
[10.110s] -- Up-to-date symlink: /home/luna/ws/install/cpp_pubsub/share/cpp_pubsub/cmake/rosidl_cmake_export_typesupport_targets-extras.cmake
[10.111s] -- Up-to-date symlink: /home/luna/ws/install/cpp_pubsub/share/cpp_pubsub/cmake/rosidl_cmake_export_typesupport_libraries-extras.cmake
[10.111s] -- Up-to-date symlink: /home/luna/ws/install/cpp_pubsub/share/cpp_pubsub/cmake/cpp_pubsubConfig.cmake
[10.111s] -- Up-to-date symlink: /home/luna/ws/install/cpp_pubsub/share/cpp_pubsub/cmake/cpp_pubsubConfig-version.cmake
[10.111s] -- Up-to-date symlink: /home/luna/ws/install/cpp_pubsub/share/cpp_pubsub/package.xml
[10.111s] -- Up-to-date: /home/luna/ws/install/cpp_pubsub/lib/libcpp_pubsub__rosidl_generator_c.so
[10.111s] -- Up-to-date: /home/luna/ws/install/cpp_pubsub/lib/libcpp_pubsub__rosidl_typesupport_fastrtps_c.so
[10.111s] -- Up-to-date: /home/luna/ws/install/cpp_pubsub/lib/libcpp_pubsub__rosidl_typesupport_fastrtps_cpp.so
[10.111s] -- Up-to-date: /home/luna/ws/install/cpp_pubsub/lib/libcpp_pubsub__rosidl_typesupport_introspection_c.so
[10.111s] -- Up-to-date: /home/luna/ws/install/cpp_pubsub/lib/libcpp_pubsub__rosidl_typesupport_c.so
[10.112s] -- Up-to-date: /home/luna/ws/install/cpp_pubsub/lib/libcpp_pubsub__rosidl_typesupport_introspection_cpp.so
[10.112s] -- Up-to-date: /home/luna/ws/install/cpp_pubsub/lib/libcpp_pubsub__rosidl_typesupport_cpp.so
[10.133s] Listing '/home/luna/ws/install/cpp_pubsub/local/lib/python3.10/dist-packages/cpp_pubsub'...
[10.133s] Listing '/home/luna/ws/install/cpp_pubsub/local/lib/python3.10/dist-packages/cpp_pubsub/msg'...
[10.135s] -- Up-to-date: /home/luna/ws/install/cpp_pubsub/lib/libcpp_pubsub__rosidl_generator_py.so
[10.136s] -- Up-to-date: /home/luna/ws/install/cpp_pubsub/share/cpp_pubsub/cmake/export_cpp_pubsub__rosidl_generator_cExport.cmake
[10.136s] -- Up-to-date: /home/luna/ws/install/cpp_pubsub/share/cpp_pubsub/cmake/export_cpp_pubsub__rosidl_generator_cExport-noconfig.cmake
[10.136s] -- Up-to-date: /home/luna/ws/install/cpp_pubsub/share/cpp_pubsub/cmake/export_cpp_pubsub__rosidl_typesupport_fastrtps_cExport.cmake
[10.136s] -- Up-to-date: /home/luna/ws/install/cpp_pubsub/share/cpp_pubsub/cmake/export_cpp_pubsub__rosidl_typesupport_fastrtps_cExport-noconfig.cmake
[10.136s] -- Up-to-date: /home/luna/ws/install/cpp_pubsub/share/cpp_pubsub/cmake/export_cpp_pubsub__rosidl_generator_cppExport.cmake
[10.136s] -- Up-to-date: /home/luna/ws/install/cpp_pubsub/share/cpp_pubsub/cmake/export_cpp_pubsub__rosidl_typesupport_fastrtps_cppExport.cmake
[10.136s] -- Up-to-date: /home/luna/ws/install/cpp_pubsub/share/cpp_pubsub/cmake/export_cpp_pubsub__rosidl_typesupport_fastrtps_cppExport-noconfig.cmake
[10.136s] -- Up-to-date: /home/luna/ws/install/cpp_pubsub/share/cpp_pubsub/cmake/cpp_pubsub__rosidl_typesupport_introspection_cExport.cmake
[10.136s] -- Up-to-date: /home/luna/ws/install/cpp_pubsub/share/cpp_pubsub/cmake/cpp_pubsub__rosidl_typesupport_introspection_cExport-noconfig.cmake
[10.136s] -- Up-to-date: /home/luna/ws/install/cpp_pubsub/share/cpp_pubsub/cmake/cpp_pubsub__rosidl_typesupport_cExport.cmake
[10.136s] -- Up-to-date: /home/luna/ws/install/cpp_pubsub/share/cpp_pubsub/cmake/cpp_pubsub__rosidl_typesupport_cExport-noconfig.cmake
[10.136s] -- Up-to-date: /home/luna/ws/install/cpp_pubsub/share/cpp_pubsub/cmake/cpp_pubsub__rosidl_typesupport_introspection_cppExport.cmake
[10.136s] -- Up-to-date: /home/luna/ws/install/cpp_pubsub/share/cpp_pubsub/cmake/cpp_pubsub__rosidl_typesupport_introspection_cppExport-noconfig.cmake
[10.136s] -- Up-to-date: /home/luna/ws/install/cpp_pubsub/share/cpp_pubsub/cmake/cpp_pubsub__rosidl_typesupport_cppExport.cmake
[10.136s] -- Up-to-date: /home/luna/ws/install/cpp_pubsub/share/cpp_pubsub/cmake/cpp_pubsub__rosidl_typesupport_cppExport-noconfig.cmake
[10.136s] -- Up-to-date: /home/luna/ws/install/cpp_pubsub/share/cpp_pubsub/cmake/export_cpp_pubsub__rosidl_generator_pyExport.cmake
[10.136s] -- Up-to-date: /home/luna/ws/install/cpp_pubsub/share/cpp_pubsub/cmake/export_cpp_pubsub__rosidl_generator_pyExport-noconfig.cmake
[10.138s] Invoked command in '/home/luna/ws/build/cpp_pubsub' returned '0': CMAKE_PREFIX_PATH=/home/luna/ws/install/ros_phoenix:/home/luna/ws/install/serial:/home/luna/ws/install/csm:/opt/ros/humble LD_LIBRARY_PATH=/home/luna/ws/install/ros_phoenix/lib:/home/luna/ws/install/serial/lib:/home/luna/ws/install/csm/lib:/usr/lib/x86_64-linux-gnu/gazebo-11/plugins:/opt/ros/humble/opt/rviz_ogre_vendor/lib:/opt/ros/humble/lib/x86_64-linux-gnu:/opt/ros/humble/lib /usr/bin/cmake --install /home/luna/ws/build/cpp_pubsub
