[0.007s] Invoking command in '/home/luna/ws/build/ros2_laser_scan_matcher': CMAKE_PREFIX_PATH=/home/luna/ws/install/csm:/home/luna/ws/install/serial:/home/luna/ws/install/cpp_pubsub:/home/luna/ws/install/ros_phoenix:/opt/ros/humble LD_LIBRARY_PATH=/home/luna/ws/install/csm/lib:/home/luna/ws/install/serial/lib:/home/luna/ws/install/cpp_pubsub/lib:/home/luna/ws/install/ros_phoenix/lib:/usr/lib/x86_64-linux-gnu/gazebo-11/plugins:/opt/ros/humble/opt/rviz_ogre_vendor/lib:/opt/ros/humble/lib/x86_64-linux-gnu:/opt/ros/humble/lib /usr/bin/cmake /home/luna/ws/src/ros2_laser_scan_matcher -DAMENT_CMAKE_SYMLINK_INSTALL=1 -DCMAKE_INSTALL_PREFIX=/home/luna/ws/install/ros2_laser_scan_matcher
[0.048s] -- The C compiler identification is GNU 11.4.0
[0.092s] -- The CXX compiler identification is GNU 11.4.0
[0.098s] -- Detecting C compiler ABI info
[0.149s] -- Detecting C compiler ABI info - done
[0.155s] -- Check for working C compiler: /usr/bin/cc - skipped
[0.155s] -- Detecting C compile features
[0.155s] -- Detecting C compile features - done
[0.157s] -- Detecting CXX compiler ABI info
[0.216s] -- Detecting CXX compiler ABI info - done
[0.222s] -- Check for working CXX compiler: /usr/bin/c++ - skipped
[0.222s] -- Detecting CXX compile features
[0.222s] -- Detecting CXX compile features - done
[0.224s] -- Found ament_cmake: 1.3.8 (/opt/ros/humble/share/ament_cmake/cmake)
[0.332s] -- Found Python3: /usr/bin/python3 (found version "3.10.12") found components: Interpreter 
[0.375s] -- Override CMake install command with custom implementation using symlinks instead of copying resources
[0.395s] -- Found sensor_msgs: 4.2.3 (/opt/ros/humble/share/sensor_msgs/cmake)
[0.421s] -- Found rosidl_generator_c: 3.1.5 (/opt/ros/humble/share/rosidl_generator_c/cmake)
[0.425s] -- Found rosidl_adapter: 3.1.5 (/opt/ros/humble/share/rosidl_adapter/cmake)
[0.431s] -- Found rosidl_generator_cpp: 3.1.5 (/opt/ros/humble/share/rosidl_generator_cpp/cmake)
[0.440s] -- Using all available rosidl_typesupport_c: rosidl_typesupport_fastrtps_c;rosidl_typesupport_introspection_c
[0.454s] -- Using all available rosidl_typesupport_cpp: rosidl_typesupport_fastrtps_cpp;rosidl_typesupport_introspection_cpp
[0.597s] -- Found rclcpp: 16.0.8 (/opt/ros/humble/share/rclcpp/cmake)
[0.638s] -- Found rmw_implementation_cmake: 6.1.1 (/opt/ros/humble/share/rmw_implementation_cmake/cmake)
[0.640s] -- Found rmw_fastrtps_cpp: 6.2.6 (/opt/ros/humble/share/rmw_fastrtps_cpp/cmake)
[0.708s] -- Found OpenSSL: /usr/lib/x86_64-linux-gnu/libcrypto.so (found version "3.0.2")  
[0.727s] -- Found FastRTPS: /opt/ros/humble/include  
[0.761s] -- Using RMW implementation 'rmw_fastrtps_cpp' as default
[0.768s] -- Looking for pthread.h
[0.824s] -- Looking for pthread.h - found
[0.824s] -- Performing Test CMAKE_HAVE_LIBC_PTHREAD
[0.899s] -- Performing Test CMAKE_HAVE_LIBC_PTHREAD - Success
[0.900s] -- Found Threads: TRUE  
[0.987s] -- Found nav_msgs: 4.2.3 (/opt/ros/humble/share/nav_msgs/cmake)
[1.045s] -- Found tf2_ros: 0.25.6 (/opt/ros/humble/share/tf2_ros/cmake)
[1.281s] -- Found tf2_geometry_msgs: 0.25.6 (/opt/ros/humble/share/tf2_geometry_msgs/cmake)
[1.292s] -- Found eigen3_cmake_module: 0.1.1 (/opt/ros/humble/share/eigen3_cmake_module/cmake)
[1.293s] -- Found Eigen3: TRUE (found version "3.4.0") 
[1.293s] -- Ensuring Eigen3 include directory is part of orocos-kdl CMake target
[1.302s] -- Found PkgConfig: /usr/bin/pkg-config (found version "0.29.2") 
[1.303s] -- Found csm: 0.0.0 (/home/luna/ws/install/csm/share/csm/cmake)
[1.307s] -- Found rosidl_default_generators: 1.2.0 (/opt/ros/humble/share/rosidl_default_generators/cmake)
[1.323s] -- Found Boost: /usr/lib/x86_64-linux-gnu/cmake/Boost-1.74.0/BoostConfig.cmake (found version "1.74.0") found components: thread 
[1.371s] -- Configuring done
[1.379s] -- Generating done
[1.380s] -- Build files have been written to: /home/luna/ws/build/ros2_laser_scan_matcher
[1.387s] Invoked command in '/home/luna/ws/build/ros2_laser_scan_matcher' returned '0': CMAKE_PREFIX_PATH=/home/luna/ws/install/csm:/home/luna/ws/install/serial:/home/luna/ws/install/cpp_pubsub:/home/luna/ws/install/ros_phoenix:/opt/ros/humble LD_LIBRARY_PATH=/home/luna/ws/install/csm/lib:/home/luna/ws/install/serial/lib:/home/luna/ws/install/cpp_pubsub/lib:/home/luna/ws/install/ros_phoenix/lib:/usr/lib/x86_64-linux-gnu/gazebo-11/plugins:/opt/ros/humble/opt/rviz_ogre_vendor/lib:/opt/ros/humble/lib/x86_64-linux-gnu:/opt/ros/humble/lib /usr/bin/cmake /home/luna/ws/src/ros2_laser_scan_matcher -DAMENT_CMAKE_SYMLINK_INSTALL=1 -DCMAKE_INSTALL_PREFIX=/home/luna/ws/install/ros2_laser_scan_matcher
[1.388s] Invoking command in '/home/luna/ws/build/ros2_laser_scan_matcher': CMAKE_PREFIX_PATH=/home/luna/ws/install/csm:/home/luna/ws/install/serial:/home/luna/ws/install/cpp_pubsub:/home/luna/ws/install/ros_phoenix:/opt/ros/humble LD_LIBRARY_PATH=/home/luna/ws/install/csm/lib:/home/luna/ws/install/serial/lib:/home/luna/ws/install/cpp_pubsub/lib:/home/luna/ws/install/ros_phoenix/lib:/usr/lib/x86_64-linux-gnu/gazebo-11/plugins:/opt/ros/humble/opt/rviz_ogre_vendor/lib:/opt/ros/humble/lib/x86_64-linux-gnu:/opt/ros/humble/lib /usr/bin/cmake --build /home/luna/ws/build/ros2_laser_scan_matcher -- -j8 -l8
[1.431s] [ 50%] [32mBuilding CXX object CMakeFiles/laser_scan_matcher.dir/src/laser_scan_matcher.cpp.o[0m
[1.599s] In file included from [01m[K/home/luna/ws/src/ros2_laser_scan_matcher/include/ros2_laser_scan_matcher/laser_scan_matcher.h:47[m[K,
[1.600s]                  from [01m[K/home/luna/ws/src/ros2_laser_scan_matcher/src/laser_scan_matcher.cpp:38[m[K:
[1.600s] [01m[K/opt/ros/humble/include/tf2_geometry_msgs/tf2_geometry_msgs/tf2_geometry_msgs.h:35:2:[m[K [01;35m[Kwarning: [m[K#warning This header is obsolete, please include tf2_geometry_msgs/tf2_geometry_msgs.hpp instead [[01;35m[K]8;;https://gcc.gnu.org/onlinedocs/gcc/Warning-Options.html#index-Wcpp-Wcpp]8;;[m[K]
[1.600s]    35 | #[01;35m[Kwarning[m[K This header is obsolete, please include tf2_geometry_msgs/tf2_geometry_msgs.hpp instead
[1.600s]       |  [01;35m[K^~~~~~~[m[K
[9.257s] [100%] [32m[1mLinking CXX executable laser_scan_matcher[0m
[9.732s] [100%] Built target laser_scan_matcher
[9.740s] Invoked command in '/home/luna/ws/build/ros2_laser_scan_matcher' returned '0': CMAKE_PREFIX_PATH=/home/luna/ws/install/csm:/home/luna/ws/install/serial:/home/luna/ws/install/cpp_pubsub:/home/luna/ws/install/ros_phoenix:/opt/ros/humble LD_LIBRARY_PATH=/home/luna/ws/install/csm/lib:/home/luna/ws/install/serial/lib:/home/luna/ws/install/cpp_pubsub/lib:/home/luna/ws/install/ros_phoenix/lib:/usr/lib/x86_64-linux-gnu/gazebo-11/plugins:/opt/ros/humble/opt/rviz_ogre_vendor/lib:/opt/ros/humble/lib/x86_64-linux-gnu:/opt/ros/humble/lib /usr/bin/cmake --build /home/luna/ws/build/ros2_laser_scan_matcher -- -j8 -l8
[9.767s] Invoking command in '/home/luna/ws/build/ros2_laser_scan_matcher': CMAKE_PREFIX_PATH=/home/luna/ws/install/csm:/home/luna/ws/install/serial:/home/luna/ws/install/cpp_pubsub:/home/luna/ws/install/ros_phoenix:/opt/ros/humble LD_LIBRARY_PATH=/home/luna/ws/install/csm/lib:/home/luna/ws/install/serial/lib:/home/luna/ws/install/cpp_pubsub/lib:/home/luna/ws/install/ros_phoenix/lib:/usr/lib/x86_64-linux-gnu/gazebo-11/plugins:/opt/ros/humble/opt/rviz_ogre_vendor/lib:/opt/ros/humble/lib/x86_64-linux-gnu:/opt/ros/humble/lib /usr/bin/cmake --install /home/luna/ws/build/ros2_laser_scan_matcher
[9.778s] -- Install configuration: ""
[9.779s] -- Execute custom install script
[9.779s] -- Symlinking: /home/luna/ws/install/ros2_laser_scan_matcher/lib/ros2_laser_scan_matcher/laser_scan_matcher
[9.791s] -- Symlinking: /home/luna/ws/install/ros2_laser_scan_matcher/share/ros2_laser_scan_matcher//launch/laser2odom.launch.py
[9.798s] -- Symlinking: /home/luna/ws/install/ros2_laser_scan_matcher/share/ament_index/resource_index/package_run_dependencies/ros2_laser_scan_matcher
[9.804s] -- Symlinking: /home/luna/ws/install/ros2_laser_scan_matcher/share/ament_index/resource_index/parent_prefix_path/ros2_laser_scan_matcher
[9.810s] -- Symlinking: /home/luna/ws/install/ros2_laser_scan_matcher/share/ros2_laser_scan_matcher/environment/ament_prefix_path.sh
[9.815s] -- Symlinking: /home/luna/ws/install/ros2_laser_scan_matcher/share/ros2_laser_scan_matcher/environment/ament_prefix_path.dsv
[9.821s] -- Symlinking: /home/luna/ws/install/ros2_laser_scan_matcher/share/ros2_laser_scan_matcher/environment/path.sh
[9.827s] -- Symlinking: /home/luna/ws/install/ros2_laser_scan_matcher/share/ros2_laser_scan_matcher/environment/path.dsv
[9.832s] -- Symlinking: /home/luna/ws/install/ros2_laser_scan_matcher/share/ros2_laser_scan_matcher/local_setup.bash
[9.838s] -- Symlinking: /home/luna/ws/install/ros2_laser_scan_matcher/share/ros2_laser_scan_matcher/local_setup.sh
[9.844s] -- Symlinking: /home/luna/ws/install/ros2_laser_scan_matcher/share/ros2_laser_scan_matcher/local_setup.zsh
[9.850s] -- Symlinking: /home/luna/ws/install/ros2_laser_scan_matcher/share/ros2_laser_scan_matcher/local_setup.dsv
[9.856s] -- Symlinking: /home/luna/ws/install/ros2_laser_scan_matcher/share/ros2_laser_scan_matcher/package.dsv
[9.862s] -- Symlinking: /home/luna/ws/install/ros2_laser_scan_matcher/share/ament_index/resource_index/packages/ros2_laser_scan_matcher
[9.868s] -- Symlinking: /home/luna/ws/install/ros2_laser_scan_matcher/share/ros2_laser_scan_matcher/cmake/ros2_laser_scan_matcherConfig.cmake
[9.875s] -- Symlinking: /home/luna/ws/install/ros2_laser_scan_matcher/share/ros2_laser_scan_matcher/cmake/ros2_laser_scan_matcherConfig-version.cmake
[9.880s] -- Symlinking: /home/luna/ws/install/ros2_laser_scan_matcher/share/ros2_laser_scan_matcher/package.xml
[9.888s] Invoked command in '/home/luna/ws/build/ros2_laser_scan_matcher' returned '0': CMAKE_PREFIX_PATH=/home/luna/ws/install/csm:/home/luna/ws/install/serial:/home/luna/ws/install/cpp_pubsub:/home/luna/ws/install/ros_phoenix:/opt/ros/humble LD_LIBRARY_PATH=/home/luna/ws/install/csm/lib:/home/luna/ws/install/serial/lib:/home/luna/ws/install/cpp_pubsub/lib:/home/luna/ws/install/ros_phoenix/lib:/usr/lib/x86_64-linux-gnu/gazebo-11/plugins:/opt/ros/humble/opt/rviz_ogre_vendor/lib:/opt/ros/humble/lib/x86_64-linux-gnu:/opt/ros/humble/lib /usr/bin/cmake --install /home/luna/ws/build/ros2_laser_scan_matcher
