[0.067s] DEBUG:colcon:Command line arguments: ['/usr/bin/colcon', 'build', '--symlink-install', '--packages-select', 'cpp_pubsub', 'ros2_laser*']
[0.067s] DEBUG:colcon:Parsed command line arguments: Namespace(log_base=None, log_level=None, verb_name='build', build_base='build', install_base='install', merge_install=False, symlink_install=True, test_result_base=None, continue_on_error=False, executor='parallel', parallel_workers=8, event_handlers=None, ignore_user_meta=False, metas=['./colcon.meta'], base_paths=['.'], packages_ignore=None, packages_ignore_regex=None, paths=None, packages_up_to=None, packages_up_to_regex=None, packages_above=None, packages_above_and_dependencies=None, packages_above_depth=None, packages_select_by_dep=None, packages_skip_by_dep=None, packages_skip_up_to=None, packages_select_build_failed=False, packages_skip_build_finished=False, packages_select_test_failures=False, packages_skip_test_passed=False, packages_select=['cpp_pubsub', 'ros2_laser*'], packages_skip=None, packages_select_regex=None, packages_skip_regex=None, packages_start=None, packages_end=None, allow_overriding=[], cmake_args=None, cmake_target=None, cmake_target_skip_unavailable=False, cmake_clean_cache=False, cmake_clean_first=False, cmake_force_configure=False, ament_cmake_args=None, catkin_cmake_args=None, catkin_skip_building_tests=False, verb_parser=<colcon_defaults.argument_parser.defaults.DefaultArgumentsDecorator object at 0x757eff730b50>, verb_extension=<colcon_core.verb.build.BuildVerb object at 0x757eff730610>, main=<bound method BuildVerb.main of <colcon_core.verb.build.BuildVerb object at 0x757eff730610>>)
[0.170s] Level 1:colcon.colcon_core.package_discovery:discover_packages(colcon_meta) check parameters
[0.170s] Level 1:colcon.colcon_core.package_discovery:discover_packages(recursive) check parameters
[0.170s] Level 1:colcon.colcon_core.package_discovery:discover_packages(ignore) check parameters
[0.170s] Level 1:colcon.colcon_core.package_discovery:discover_packages(path) check parameters
[0.170s] Level 1:colcon.colcon_core.package_discovery:discover_packages(colcon_meta) discover
[0.170s] Level 1:colcon.colcon_core.package_discovery:discover_packages(recursive) discover
[0.170s] INFO:colcon.colcon_core.package_discovery:Crawling recursively for packages in '/home/luna/ws'
[0.170s] Level 1:colcon.colcon_core.package_identification:_identify(.) by extensions ['ignore', 'ignore_ament_install']
[0.171s] Level 1:colcon.colcon_core.package_identification:_identify(.) by extension 'ignore'
[0.171s] Level 1:colcon.colcon_core.package_identification:_identify(.) by extension 'ignore_ament_install'
[0.171s] Level 1:colcon.colcon_core.package_identification:_identify(.) by extensions ['colcon_pkg']
[0.171s] Level 1:colcon.colcon_core.package_identification:_identify(.) by extension 'colcon_pkg'
[0.171s] Level 1:colcon.colcon_core.package_identification:_identify(.) by extensions ['colcon_meta']
[0.171s] Level 1:colcon.colcon_core.package_identification:_identify(.) by extension 'colcon_meta'
[0.171s] Level 1:colcon.colcon_core.package_identification:_identify(.) by extensions ['ros']
[0.171s] Level 1:colcon.colcon_core.package_identification:_identify(.) by extension 'ros'
[0.178s] Level 1:colcon.colcon_core.package_identification:_identify(.) by extensions ['cmake', 'python']
[0.178s] Level 1:colcon.colcon_core.package_identification:_identify(.) by extension 'cmake'
[0.178s] Level 1:colcon.colcon_core.package_identification:_identify(.) by extension 'python'
[0.178s] Level 1:colcon.colcon_core.package_identification:_identify(.) by extensions ['python_setup_py']
[0.178s] Level 1:colcon.colcon_core.package_identification:_identify(.) by extension 'python_setup_py'
[0.178s] Level 1:colcon.colcon_core.package_identification:_identify(build) by extensions ['ignore', 'ignore_ament_install']
[0.178s] Level 1:colcon.colcon_core.package_identification:_identify(build) by extension 'ignore'
[0.178s] Level 1:colcon.colcon_core.package_identification:_identify(build) ignored
[0.178s] Level 1:colcon.colcon_core.package_identification:_identify(install) by extensions ['ignore', 'ignore_ament_install']
[0.178s] Level 1:colcon.colcon_core.package_identification:_identify(install) by extension 'ignore'
[0.179s] Level 1:colcon.colcon_core.package_identification:_identify(install) ignored
[0.179s] Level 1:colcon.colcon_core.package_identification:_identify(log) by extensions ['ignore', 'ignore_ament_install']
[0.179s] Level 1:colcon.colcon_core.package_identification:_identify(log) by extension 'ignore'
[0.179s] Level 1:colcon.colcon_core.package_identification:_identify(log) ignored
[0.179s] Level 1:colcon.colcon_core.package_identification:_identify(src) by extensions ['ignore', 'ignore_ament_install']
[0.179s] Level 1:colcon.colcon_core.package_identification:_identify(src) by extension 'ignore'
[0.179s] Level 1:colcon.colcon_core.package_identification:_identify(src) by extension 'ignore_ament_install'
[0.179s] Level 1:colcon.colcon_core.package_identification:_identify(src) by extensions ['colcon_pkg']
[0.179s] Level 1:colcon.colcon_core.package_identification:_identify(src) by extension 'colcon_pkg'
[0.179s] Level 1:colcon.colcon_core.package_identification:_identify(src) by extensions ['colcon_meta']
[0.179s] Level 1:colcon.colcon_core.package_identification:_identify(src) by extension 'colcon_meta'
[0.179s] Level 1:colcon.colcon_core.package_identification:_identify(src) by extensions ['ros']
[0.179s] Level 1:colcon.colcon_core.package_identification:_identify(src) by extension 'ros'
[0.179s] Level 1:colcon.colcon_core.package_identification:_identify(src) by extensions ['cmake', 'python']
[0.179s] Level 1:colcon.colcon_core.package_identification:_identify(src) by extension 'cmake'
[0.179s] Level 1:colcon.colcon_core.package_identification:_identify(src) by extension 'python'
[0.179s] Level 1:colcon.colcon_core.package_identification:_identify(src) by extensions ['python_setup_py']
[0.179s] Level 1:colcon.colcon_core.package_identification:_identify(src) by extension 'python_setup_py'
[0.179s] Level 1:colcon.colcon_core.package_identification:_identify(src/cpp_pubsub) by extensions ['ignore', 'ignore_ament_install']
[0.179s] Level 1:colcon.colcon_core.package_identification:_identify(src/cpp_pubsub) by extension 'ignore'
[0.179s] Level 1:colcon.colcon_core.package_identification:_identify(src/cpp_pubsub) by extension 'ignore_ament_install'
[0.179s] Level 1:colcon.colcon_core.package_identification:_identify(src/cpp_pubsub) by extensions ['colcon_pkg']
[0.179s] Level 1:colcon.colcon_core.package_identification:_identify(src/cpp_pubsub) by extension 'colcon_pkg'
[0.179s] Level 1:colcon.colcon_core.package_identification:_identify(src/cpp_pubsub) by extensions ['colcon_meta']
[0.179s] Level 1:colcon.colcon_core.package_identification:_identify(src/cpp_pubsub) by extension 'colcon_meta'
[0.179s] Level 1:colcon.colcon_core.package_identification:_identify(src/cpp_pubsub) by extensions ['ros']
[0.179s] Level 1:colcon.colcon_core.package_identification:_identify(src/cpp_pubsub) by extension 'ros'
[0.181s] DEBUG:colcon.colcon_core.package_identification:Package 'src/cpp_pubsub' with type 'ros.ament_cmake' and name 'cpp_pubsub'
[0.181s] Level 1:colcon.colcon_core.package_identification:_identify(src/csm) by extensions ['ignore', 'ignore_ament_install']
[0.181s] Level 1:colcon.colcon_core.package_identification:_identify(src/csm) by extension 'ignore'
[0.181s] Level 1:colcon.colcon_core.package_identification:_identify(src/csm) by extension 'ignore_ament_install'
[0.181s] Level 1:colcon.colcon_core.package_identification:_identify(src/csm) by extensions ['colcon_pkg']
[0.181s] Level 1:colcon.colcon_core.package_identification:_identify(src/csm) by extension 'colcon_pkg'
[0.181s] Level 1:colcon.colcon_core.package_identification:_identify(src/csm) by extensions ['colcon_meta']
[0.181s] Level 1:colcon.colcon_core.package_identification:_identify(src/csm) by extension 'colcon_meta'
[0.181s] Level 1:colcon.colcon_core.package_identification:_identify(src/csm) by extensions ['ros']
[0.181s] Level 1:colcon.colcon_core.package_identification:_identify(src/csm) by extension 'ros'
[0.182s] DEBUG:colcon.colcon_core.package_identification:Package 'src/csm' with type 'ros.ament_cmake' and name 'csm'
[0.182s] Level 1:colcon.colcon_core.package_identification:_identify(src/ros2_laser_scan_matcher) by extensions ['ignore', 'ignore_ament_install']
[0.182s] Level 1:colcon.colcon_core.package_identification:_identify(src/ros2_laser_scan_matcher) by extension 'ignore'
[0.182s] Level 1:colcon.colcon_core.package_identification:_identify(src/ros2_laser_scan_matcher) by extension 'ignore_ament_install'
[0.182s] Level 1:colcon.colcon_core.package_identification:_identify(src/ros2_laser_scan_matcher) by extensions ['colcon_pkg']
[0.182s] Level 1:colcon.colcon_core.package_identification:_identify(src/ros2_laser_scan_matcher) by extension 'colcon_pkg'
[0.182s] Level 1:colcon.colcon_core.package_identification:_identify(src/ros2_laser_scan_matcher) by extensions ['colcon_meta']
[0.182s] Level 1:colcon.colcon_core.package_identification:_identify(src/ros2_laser_scan_matcher) by extension 'colcon_meta'
[0.182s] Level 1:colcon.colcon_core.package_identification:_identify(src/ros2_laser_scan_matcher) by extensions ['ros']
[0.182s] Level 1:colcon.colcon_core.package_identification:_identify(src/ros2_laser_scan_matcher) by extension 'ros'
[0.183s] DEBUG:colcon.colcon_core.package_identification:Package 'src/ros2_laser_scan_matcher' with type 'ros.ament_cmake' and name 'ros2_laser_scan_matcher'
[0.183s] Level 1:colcon.colcon_core.package_identification:_identify(src/ros_phoenix) by extensions ['ignore', 'ignore_ament_install']
[0.183s] Level 1:colcon.colcon_core.package_identification:_identify(src/ros_phoenix) by extension 'ignore'
[0.183s] Level 1:colcon.colcon_core.package_identification:_identify(src/ros_phoenix) by extension 'ignore_ament_install'
[0.183s] Level 1:colcon.colcon_core.package_identification:_identify(src/ros_phoenix) by extensions ['colcon_pkg']
[0.183s] Level 1:colcon.colcon_core.package_identification:_identify(src/ros_phoenix) by extension 'colcon_pkg'
[0.183s] Level 1:colcon.colcon_core.package_identification:_identify(src/ros_phoenix) by extensions ['colcon_meta']
[0.183s] Level 1:colcon.colcon_core.package_identification:_identify(src/ros_phoenix) by extension 'colcon_meta'
[0.183s] Level 1:colcon.colcon_core.package_identification:_identify(src/ros_phoenix) by extensions ['ros']
[0.183s] Level 1:colcon.colcon_core.package_identification:_identify(src/ros_phoenix) by extension 'ros'
[0.183s] DEBUG:colcon.colcon_core.package_identification:Package 'src/ros_phoenix' with type 'ros.ament_cmake' and name 'ros_phoenix'
[0.183s] Level 1:colcon.colcon_core.package_identification:_identify(src/serial) by extensions ['ignore', 'ignore_ament_install']
[0.183s] Level 1:colcon.colcon_core.package_identification:_identify(src/serial) by extension 'ignore'
[0.184s] Level 1:colcon.colcon_core.package_identification:_identify(src/serial) by extension 'ignore_ament_install'
[0.184s] Level 1:colcon.colcon_core.package_identification:_identify(src/serial) by extensions ['colcon_pkg']
[0.184s] Level 1:colcon.colcon_core.package_identification:_identify(src/serial) by extension 'colcon_pkg'
[0.184s] Level 1:colcon.colcon_core.package_identification:_identify(src/serial) by extensions ['colcon_meta']
[0.184s] Level 1:colcon.colcon_core.package_identification:_identify(src/serial) by extension 'colcon_meta'
[0.184s] Level 1:colcon.colcon_core.package_identification:_identify(src/serial) by extensions ['ros']
[0.184s] Level 1:colcon.colcon_core.package_identification:_identify(src/serial) by extension 'ros'
[0.184s] DEBUG:colcon.colcon_core.package_identification:Package 'src/serial' with type 'ros.ament_cmake' and name 'serial'
[0.184s] Level 1:colcon.colcon_core.package_discovery:discover_packages(recursive) using defaults
[0.184s] Level 1:colcon.colcon_core.package_discovery:discover_packages(ignore) discover
[0.184s] Level 1:colcon.colcon_core.package_discovery:discover_packages(ignore) using defaults
[0.184s] Level 1:colcon.colcon_core.package_discovery:discover_packages(path) discover
[0.184s] Level 1:colcon.colcon_core.package_discovery:discover_packages(path) using defaults
[0.184s] WARNING:colcon.colcon_core.package_selection:ignoring unknown package 'ros2_laser*' in --packages-select
[0.205s] INFO:colcon.colcon_core.package_selection:Skipping not selected package 'csm' in 'src/csm'
[0.206s] INFO:colcon.colcon_core.package_selection:Skipping not selected package 'ros_phoenix' in 'src/ros_phoenix'
[0.206s] INFO:colcon.colcon_core.package_selection:Skipping not selected package 'serial' in 'src/serial'
[0.206s] INFO:colcon.colcon_core.package_selection:Skipping not selected package 'ros2_laser_scan_matcher' in 'src/ros2_laser_scan_matcher'
[0.206s] Level 1:colcon.colcon_core.package_discovery:discover_packages(prefix_path) check parameters
[0.206s] Level 1:colcon.colcon_core.package_discovery:discover_packages(prefix_path) discover
[0.207s] DEBUG:colcon.colcon_installed_package_information.package_discovery:Found 3 installed packages in /home/luna/ws/install
[0.208s] DEBUG:colcon.colcon_installed_package_information.package_discovery:Found 396 installed packages in /opt/ros/humble
[0.209s] Level 1:colcon.colcon_core.package_discovery:discover_packages(prefix_path) using defaults
[0.240s] Level 5:colcon.colcon_core.verb:set package 'cpp_pubsub' build argument 'cmake_args' from command line to 'None'
[0.240s] Level 5:colcon.colcon_core.verb:set package 'cpp_pubsub' build argument 'cmake_target' from command line to 'None'
[0.240s] Level 5:colcon.colcon_core.verb:set package 'cpp_pubsub' build argument 'cmake_target_skip_unavailable' from command line to 'False'
[0.240s] Level 5:colcon.colcon_core.verb:set package 'cpp_pubsub' build argument 'cmake_clean_cache' from command line to 'False'
[0.240s] Level 5:colcon.colcon_core.verb:set package 'cpp_pubsub' build argument 'cmake_clean_first' from command line to 'False'
[0.240s] Level 5:colcon.colcon_core.verb:set package 'cpp_pubsub' build argument 'cmake_force_configure' from command line to 'False'
[0.240s] Level 5:colcon.colcon_core.verb:set package 'cpp_pubsub' build argument 'ament_cmake_args' from command line to 'None'
[0.240s] Level 5:colcon.colcon_core.verb:set package 'cpp_pubsub' build argument 'catkin_cmake_args' from command line to 'None'
[0.240s] Level 5:colcon.colcon_core.verb:set package 'cpp_pubsub' build argument 'catkin_skip_building_tests' from command line to 'False'
[0.240s] DEBUG:colcon.colcon_core.verb:Building package 'cpp_pubsub' with the following arguments: {'ament_cmake_args': None, 'build_base': '/home/luna/ws/build/cpp_pubsub', 'catkin_cmake_args': None, 'catkin_skip_building_tests': False, 'cmake_args': None, 'cmake_clean_cache': False, 'cmake_clean_first': False, 'cmake_force_configure': False, 'cmake_target': None, 'cmake_target_skip_unavailable': False, 'install_base': '/home/luna/ws/install/cpp_pubsub', 'merge_install': False, 'path': '/home/luna/ws/src/cpp_pubsub', 'symlink_install': True, 'test_result_base': None}
[0.240s] INFO:colcon.colcon_core.executor:Executing jobs using 'parallel' executor
[0.241s] DEBUG:colcon.colcon_parallel_executor.executor.parallel:run_until_complete
[0.241s] INFO:colcon.colcon_ros.task.ament_cmake.build:Building ROS package in '/home/luna/ws/src/cpp_pubsub' with build type 'ament_cmake'
[0.241s] INFO:colcon.colcon_cmake.task.cmake.build:Building CMake package in '/home/luna/ws/src/cpp_pubsub'
[0.243s] INFO:colcon.colcon_core.plugin_system:Skipping extension 'colcon_core.shell.bat': Not used on non-Windows systems
[0.243s] INFO:colcon.colcon_core.shell:Skip shell extension 'powershell' for command environment: Not usable outside of PowerShell
[0.243s] DEBUG:colcon.colcon_core.shell:Skip shell extension 'dsv' for command environment
[0.251s] DEBUG:colcon.colcon_core.event_handler.log_command:Invoking command in '/home/luna/ws/build/cpp_pubsub': CMAKE_PREFIX_PATH=/home/luna/ws/install/ros_phoenix:/home/luna/ws/install/serial:/home/luna/ws/install/csm:/opt/ros/humble LD_LIBRARY_PATH=/home/luna/ws/install/ros_phoenix/lib:/home/luna/ws/install/serial/lib:/home/luna/ws/install/csm/lib:/usr/lib/x86_64-linux-gnu/gazebo-11/plugins:/opt/ros/humble/opt/rviz_ogre_vendor/lib:/opt/ros/humble/lib/x86_64-linux-gnu:/opt/ros/humble/lib /usr/bin/cmake /home/luna/ws/src/cpp_pubsub -DAMENT_CMAKE_SYMLINK_INSTALL=1 -DCMAKE_INSTALL_PREFIX=/home/luna/ws/install/cpp_pubsub
[1.747s] DEBUG:colcon.colcon_core.event_handler.log_command:Invoked command in '/home/luna/ws/build/cpp_pubsub' returned '0': CMAKE_PREFIX_PATH=/home/luna/ws/install/ros_phoenix:/home/luna/ws/install/serial:/home/luna/ws/install/csm:/opt/ros/humble LD_LIBRARY_PATH=/home/luna/ws/install/ros_phoenix/lib:/home/luna/ws/install/serial/lib:/home/luna/ws/install/csm/lib:/usr/lib/x86_64-linux-gnu/gazebo-11/plugins:/opt/ros/humble/opt/rviz_ogre_vendor/lib:/opt/ros/humble/lib/x86_64-linux-gnu:/opt/ros/humble/lib /usr/bin/cmake /home/luna/ws/src/cpp_pubsub -DAMENT_CMAKE_SYMLINK_INSTALL=1 -DCMAKE_INSTALL_PREFIX=/home/luna/ws/install/cpp_pubsub
[1.748s] DEBUG:colcon.colcon_core.event_handler.log_command:Invoking command in '/home/luna/ws/build/cpp_pubsub': CMAKE_PREFIX_PATH=/home/luna/ws/install/ros_phoenix:/home/luna/ws/install/serial:/home/luna/ws/install/csm:/opt/ros/humble LD_LIBRARY_PATH=/home/luna/ws/install/ros_phoenix/lib:/home/luna/ws/install/serial/lib:/home/luna/ws/install/csm/lib:/usr/lib/x86_64-linux-gnu/gazebo-11/plugins:/opt/ros/humble/opt/rviz_ogre_vendor/lib:/opt/ros/humble/lib/x86_64-linux-gnu:/opt/ros/humble/lib /usr/bin/cmake --build /home/luna/ws/build/cpp_pubsub -- -j8 -l8
[14.363s] DEBUG:colcon.colcon_core.event_handler.log_command:Invoked command in '/home/luna/ws/build/cpp_pubsub' returned '0': CMAKE_PREFIX_PATH=/home/luna/ws/install/ros_phoenix:/home/luna/ws/install/serial:/home/luna/ws/install/csm:/opt/ros/humble LD_LIBRARY_PATH=/home/luna/ws/install/ros_phoenix/lib:/home/luna/ws/install/serial/lib:/home/luna/ws/install/csm/lib:/usr/lib/x86_64-linux-gnu/gazebo-11/plugins:/opt/ros/humble/opt/rviz_ogre_vendor/lib:/opt/ros/humble/lib/x86_64-linux-gnu:/opt/ros/humble/lib /usr/bin/cmake --build /home/luna/ws/build/cpp_pubsub -- -j8 -l8
[14.431s] DEBUG:colcon.colcon_core.event_handler.log_command:Invoking command in '/home/luna/ws/build/cpp_pubsub': CMAKE_PREFIX_PATH=/home/luna/ws/install/ros_phoenix:/home/luna/ws/install/serial:/home/luna/ws/install/csm:/opt/ros/humble LD_LIBRARY_PATH=/home/luna/ws/install/ros_phoenix/lib:/home/luna/ws/install/serial/lib:/home/luna/ws/install/csm/lib:/usr/lib/x86_64-linux-gnu/gazebo-11/plugins:/opt/ros/humble/opt/rviz_ogre_vendor/lib:/opt/ros/humble/lib/x86_64-linux-gnu:/opt/ros/humble/lib /usr/bin/cmake --install /home/luna/ws/build/cpp_pubsub
[14.878s] Level 1:colcon.colcon_core.environment:create_environment_scripts_only(cpp_pubsub)
[14.878s] DEBUG:colcon.colcon_core.event_handler.log_command:Invoked command in '/home/luna/ws/build/cpp_pubsub' returned '0': CMAKE_PREFIX_PATH=/home/luna/ws/install/ros_phoenix:/home/luna/ws/install/serial:/home/luna/ws/install/csm:/opt/ros/humble LD_LIBRARY_PATH=/home/luna/ws/install/ros_phoenix/lib:/home/luna/ws/install/serial/lib:/home/luna/ws/install/csm/lib:/usr/lib/x86_64-linux-gnu/gazebo-11/plugins:/opt/ros/humble/opt/rviz_ogre_vendor/lib:/opt/ros/humble/lib/x86_64-linux-gnu:/opt/ros/humble/lib /usr/bin/cmake --install /home/luna/ws/build/cpp_pubsub
[14.880s] Level 1:colcon.colcon_core.environment:checking '/home/luna/ws/install/cpp_pubsub' for CMake module files
[14.880s] Level 1:colcon.colcon_core.environment:checking '/home/luna/ws/install/cpp_pubsub' for CMake config files
[14.880s] Level 1:colcon.colcon_core.shell:create_environment_hook('cpp_pubsub', 'cmake_prefix_path')
[14.881s] INFO:colcon.colcon_core.shell:Creating environment hook '/home/luna/ws/install/cpp_pubsub/share/cpp_pubsub/hook/cmake_prefix_path.ps1'
[14.881s] INFO:colcon.colcon_core.shell:Creating environment descriptor '/home/luna/ws/install/cpp_pubsub/share/cpp_pubsub/hook/cmake_prefix_path.dsv'
[14.881s] INFO:colcon.colcon_core.shell:Creating environment hook '/home/luna/ws/install/cpp_pubsub/share/cpp_pubsub/hook/cmake_prefix_path.sh'
[14.882s] Level 1:colcon.colcon_core.environment:checking '/home/luna/ws/install/cpp_pubsub/lib'
[14.882s] Level 1:colcon.colcon_core.shell:create_environment_hook('cpp_pubsub', 'ld_library_path_lib')
[14.882s] INFO:colcon.colcon_core.shell:Creating environment hook '/home/luna/ws/install/cpp_pubsub/share/cpp_pubsub/hook/ld_library_path_lib.ps1'
[14.882s] INFO:colcon.colcon_core.shell:Creating environment descriptor '/home/luna/ws/install/cpp_pubsub/share/cpp_pubsub/hook/ld_library_path_lib.dsv'
[14.883s] INFO:colcon.colcon_core.shell:Creating environment hook '/home/luna/ws/install/cpp_pubsub/share/cpp_pubsub/hook/ld_library_path_lib.sh'
[14.883s] Level 1:colcon.colcon_core.environment:checking '/home/luna/ws/install/cpp_pubsub/bin'
[14.883s] Level 1:colcon.colcon_core.environment:checking '/home/luna/ws/install/cpp_pubsub/lib/pkgconfig/cpp_pubsub.pc'
[14.883s] Level 1:colcon.colcon_core.environment:checking '/home/luna/ws/install/cpp_pubsub/lib/python3.10/site-packages'
[14.883s] Level 1:colcon.colcon_core.environment:checking '/home/luna/ws/install/cpp_pubsub/bin'
[14.883s] INFO:colcon.colcon_core.shell:Creating package script '/home/luna/ws/install/cpp_pubsub/share/cpp_pubsub/package.ps1'
[14.884s] INFO:colcon.colcon_core.shell:Creating package descriptor '/home/luna/ws/install/cpp_pubsub/share/cpp_pubsub/package.dsv'
[14.884s] INFO:colcon.colcon_core.shell:Creating package script '/home/luna/ws/install/cpp_pubsub/share/cpp_pubsub/package.sh'
[14.885s] INFO:colcon.colcon_core.shell:Creating package script '/home/luna/ws/install/cpp_pubsub/share/cpp_pubsub/package.bash'
[14.885s] INFO:colcon.colcon_core.shell:Creating package script '/home/luna/ws/install/cpp_pubsub/share/cpp_pubsub/package.zsh'
[14.885s] Level 1:colcon.colcon_core.environment:create_file_with_runtime_dependencies(/home/luna/ws/install/cpp_pubsub/share/colcon-core/packages/cpp_pubsub)
[14.945s] Level 1:colcon.colcon_core.environment:create_environment_scripts_only(cpp_pubsub)
[14.945s] Level 1:colcon.colcon_core.environment:checking '/home/luna/ws/install/cpp_pubsub' for CMake module files
[14.945s] Level 1:colcon.colcon_core.environment:checking '/home/luna/ws/install/cpp_pubsub' for CMake config files
[14.946s] Level 1:colcon.colcon_core.shell:create_environment_hook('cpp_pubsub', 'cmake_prefix_path')
[14.946s] INFO:colcon.colcon_core.shell:Creating environment hook '/home/luna/ws/install/cpp_pubsub/share/cpp_pubsub/hook/cmake_prefix_path.ps1'
[14.946s] INFO:colcon.colcon_core.shell:Creating environment descriptor '/home/luna/ws/install/cpp_pubsub/share/cpp_pubsub/hook/cmake_prefix_path.dsv'
[14.946s] INFO:colcon.colcon_core.shell:Creating environment hook '/home/luna/ws/install/cpp_pubsub/share/cpp_pubsub/hook/cmake_prefix_path.sh'
[14.947s] Level 1:colcon.colcon_core.environment:checking '/home/luna/ws/install/cpp_pubsub/lib'
[14.947s] Level 1:colcon.colcon_core.shell:create_environment_hook('cpp_pubsub', 'ld_library_path_lib')
[14.947s] INFO:colcon.colcon_core.shell:Creating environment hook '/home/luna/ws/install/cpp_pubsub/share/cpp_pubsub/hook/ld_library_path_lib.ps1'
[14.947s] INFO:colcon.colcon_core.shell:Creating environment descriptor '/home/luna/ws/install/cpp_pubsub/share/cpp_pubsub/hook/ld_library_path_lib.dsv'
[14.947s] INFO:colcon.colcon_core.shell:Creating environment hook '/home/luna/ws/install/cpp_pubsub/share/cpp_pubsub/hook/ld_library_path_lib.sh'
[14.947s] Level 1:colcon.colcon_core.environment:checking '/home/luna/ws/install/cpp_pubsub/bin'
[14.947s] Level 1:colcon.colcon_core.environment:checking '/home/luna/ws/install/cpp_pubsub/lib/pkgconfig/cpp_pubsub.pc'
[14.948s] Level 1:colcon.colcon_core.environment:checking '/home/luna/ws/install/cpp_pubsub/lib/python3.10/site-packages'
[14.948s] Level 1:colcon.colcon_core.environment:checking '/home/luna/ws/install/cpp_pubsub/bin'
[14.948s] INFO:colcon.colcon_core.shell:Creating package script '/home/luna/ws/install/cpp_pubsub/share/cpp_pubsub/package.ps1'
[14.948s] INFO:colcon.colcon_core.shell:Creating package descriptor '/home/luna/ws/install/cpp_pubsub/share/cpp_pubsub/package.dsv'
[14.948s] INFO:colcon.colcon_core.shell:Creating package script '/home/luna/ws/install/cpp_pubsub/share/cpp_pubsub/package.sh'
[14.949s] INFO:colcon.colcon_core.shell:Creating package script '/home/luna/ws/install/cpp_pubsub/share/cpp_pubsub/package.bash'
[14.949s] INFO:colcon.colcon_core.shell:Creating package script '/home/luna/ws/install/cpp_pubsub/share/cpp_pubsub/package.zsh'
[14.949s] Level 1:colcon.colcon_core.environment:create_file_with_runtime_dependencies(/home/luna/ws/install/cpp_pubsub/share/colcon-core/packages/cpp_pubsub)
[14.949s] DEBUG:colcon.colcon_parallel_executor.executor.parallel:closing loop
[14.950s] DEBUG:colcon.colcon_parallel_executor.executor.parallel:loop closed
[14.950s] DEBUG:colcon.colcon_parallel_executor.executor.parallel:run_until_complete finished with '0'
[14.950s] DEBUG:colcon.colcon_core.event_reactor:joining thread
[14.954s] INFO:colcon.colcon_core.plugin_system:Skipping extension 'colcon_notification.desktop_notification.terminal_notifier': Not used on non-Darwin systems
[14.954s] INFO:colcon.colcon_core.plugin_system:Skipping extension 'colcon_notification.desktop_notification.win32': Not used on non-Windows systems
[14.954s] INFO:colcon.colcon_notification.desktop_notification:Sending desktop notification using 'notify2'
[14.963s] DEBUG:colcon.colcon_core.event_reactor:joined thread
[14.963s] INFO:colcon.colcon_core.shell:Creating prefix script '/home/luna/ws/install/local_setup.ps1'
[14.965s] INFO:colcon.colcon_core.shell:Creating prefix util module '/home/luna/ws/install/_local_setup_util_ps1.py'
[14.967s] INFO:colcon.colcon_core.shell:Creating prefix chain script '/home/luna/ws/install/setup.ps1'
[14.969s] INFO:colcon.colcon_core.shell:Creating prefix script '/home/luna/ws/install/local_setup.sh'
[14.969s] INFO:colcon.colcon_core.shell:Creating prefix util module '/home/luna/ws/install/_local_setup_util_sh.py'
[14.970s] INFO:colcon.colcon_core.shell:Creating prefix chain script '/home/luna/ws/install/setup.sh'
[14.972s] INFO:colcon.colcon_core.shell:Creating prefix script '/home/luna/ws/install/local_setup.bash'
[14.972s] INFO:colcon.colcon_core.shell:Creating prefix chain script '/home/luna/ws/install/setup.bash'
[14.973s] INFO:colcon.colcon_core.shell:Creating prefix script '/home/luna/ws/install/local_setup.zsh'
[14.974s] INFO:colcon.colcon_core.shell:Creating prefix chain script '/home/luna/ws/install/setup.zsh'
