[0.027s] Invoking command in '/home/luna/ws/build/serial': CMAKE_PREFIX_PATH=/opt/ros/humble /usr/bin/cmake --build /home/luna/ws/build/serial -- -j8 -l8
[0.076s] [ 28%] Built target serial
[0.077s] [ 42%] Built target gtest
[0.078s] [ 57%] Built target gtest_main
[0.096s] [ 71%] Built target serial_example
[0.099s] [ 92%] Built target serial-test-timer
[0.099s] [100%] Built target serial-test
[0.110s] Invoked command in '/home/luna/ws/build/serial' returned '0': CMAKE_PREFIX_PATH=/opt/ros/humble /usr/bin/cmake --build /home/luna/ws/build/serial -- -j8 -l8
[0.145s] Invoking command in '/home/luna/ws/build/serial': CMAKE_PREFIX_PATH=/opt/ros/humble /usr/bin/cmake --install /home/luna/ws/build/serial
[0.151s] -- Install configuration: ""
[0.151s] -- Execute custom install script
[0.152s] -- Up-to-date symlink: /home/luna/ws/install/serial/lib/libserial.a
[0.152s] -- Up-to-date symlink: /home/luna/ws/install/serial/include/serial/serial.h
[0.152s] -- Up-to-date symlink: /home/luna/ws/install/serial/include/serial/v8stdint.h
[0.152s] -- Up-to-date symlink: /home/luna/ws/install/serial/share/serial/environment/library_path.sh
[0.152s] -- Up-to-date symlink: /home/luna/ws/install/serial/share/serial/environment/library_path.dsv
[0.152s] -- Up-to-date symlink: /home/luna/ws/install/serial/share/ament_index/resource_index/package_run_dependencies/serial
[0.153s] -- Up-to-date symlink: /home/luna/ws/install/serial/share/ament_index/resource_index/parent_prefix_path/serial
[0.153s] -- Up-to-date symlink: /home/luna/ws/install/serial/share/serial/environment/ament_prefix_path.sh
[0.153s] -- Up-to-date symlink: /home/luna/ws/install/serial/share/serial/environment/ament_prefix_path.dsv
[0.153s] -- Up-to-date symlink: /home/luna/ws/install/serial/share/serial/environment/path.sh
[0.153s] -- Up-to-date symlink: /home/luna/ws/install/serial/share/serial/environment/path.dsv
[0.154s] -- Up-to-date symlink: /home/luna/ws/install/serial/share/serial/local_setup.bash
[0.154s] -- Up-to-date symlink: /home/luna/ws/install/serial/share/serial/local_setup.sh
[0.154s] -- Up-to-date symlink: /home/luna/ws/install/serial/share/serial/local_setup.zsh
[0.154s] -- Up-to-date symlink: /home/luna/ws/install/serial/share/serial/local_setup.dsv
[0.154s] -- Symlinking: /home/luna/ws/install/serial/share/serial/package.dsv
[0.160s] -- Up-to-date symlink: /home/luna/ws/install/serial/share/ament_index/resource_index/packages/serial
[0.160s] -- Up-to-date symlink: /home/luna/ws/install/serial/share/serial/cmake/ament_cmake_export_include_directories-extras.cmake
[0.160s] -- Up-to-date symlink: /home/luna/ws/install/serial/share/serial/cmake/ament_cmake_export_libraries-extras.cmake
[0.160s] -- Up-to-date symlink: /home/luna/ws/install/serial/share/serial/cmake/serialConfig.cmake
[0.160s] -- Up-to-date symlink: /home/luna/ws/install/serial/share/serial/cmake/serialConfig-version.cmake
[0.160s] -- Up-to-date symlink: /home/luna/ws/install/serial/share/serial/package.xml
[0.162s] Invoked command in '/home/luna/ws/build/serial' returned '0': CMAKE_PREFIX_PATH=/opt/ros/humble /usr/bin/cmake --install /home/luna/ws/build/serial
