[0.066s] DEBUG:colcon:Command line arguments: ['/usr/bin/colcon', 'build', '--symlink-install']
[0.066s] DEBUG:colcon:Parsed command line arguments: Namespace(log_base=None, log_level=None, verb_name='build', build_base='build', install_base='install', merge_install=False, symlink_install=True, test_result_base=None, continue_on_error=False, executor='parallel', parallel_workers=8, event_handlers=None, ignore_user_meta=False, metas=['./colcon.meta'], base_paths=['.'], packages_ignore=None, packages_ignore_regex=None, paths=None, packages_up_to=None, packages_up_to_regex=None, packages_above=None, packages_above_and_dependencies=None, packages_above_depth=None, packages_select_by_dep=None, packages_skip_by_dep=None, packages_skip_up_to=None, packages_select_build_failed=False, packages_skip_build_finished=False, packages_select_test_failures=False, packages_skip_test_passed=False, packages_select=None, packages_skip=None, packages_select_regex=None, packages_skip_regex=None, packages_start=None, packages_end=None, allow_overriding=[], cmake_args=None, cmake_target=None, cmake_target_skip_unavailable=False, cmake_clean_cache=False, cmake_clean_first=False, cmake_force_configure=False, ament_cmake_args=None, catkin_cmake_args=None, catkin_skip_building_tests=False, verb_parser=<colcon_defaults.argument_parser.defaults.DefaultArgumentsDecorator object at 0x7ecafb3b0ac0>, verb_extension=<colcon_core.verb.build.BuildVerb object at 0x7ecafb3b0580>, main=<bound method BuildVerb.main of <colcon_core.verb.build.BuildVerb object at 0x7ecafb3b0580>>)
[0.169s] Level 1:colcon.colcon_core.package_discovery:discover_packages(colcon_meta) check parameters
[0.169s] Level 1:colcon.colcon_core.package_discovery:discover_packages(recursive) check parameters
[0.169s] Level 1:colcon.colcon_core.package_discovery:discover_packages(ignore) check parameters
[0.169s] Level 1:colcon.colcon_core.package_discovery:discover_packages(path) check parameters
[0.169s] Level 1:colcon.colcon_core.package_discovery:discover_packages(colcon_meta) discover
[0.169s] Level 1:colcon.colcon_core.package_discovery:discover_packages(recursive) discover
[0.169s] INFO:colcon.colcon_core.package_discovery:Crawling recursively for packages in '/home/luna/ws'
[0.169s] Level 1:colcon.colcon_core.package_identification:_identify(.) by extensions ['ignore', 'ignore_ament_install']
[0.169s] Level 1:colcon.colcon_core.package_identification:_identify(.) by extension 'ignore'
[0.169s] Level 1:colcon.colcon_core.package_identification:_identify(.) by extension 'ignore_ament_install'
[0.169s] Level 1:colcon.colcon_core.package_identification:_identify(.) by extensions ['colcon_pkg']
[0.169s] Level 1:colcon.colcon_core.package_identification:_identify(.) by extension 'colcon_pkg'
[0.170s] Level 1:colcon.colcon_core.package_identification:_identify(.) by extensions ['colcon_meta']
[0.170s] Level 1:colcon.colcon_core.package_identification:_identify(.) by extension 'colcon_meta'
[0.170s] Level 1:colcon.colcon_core.package_identification:_identify(.) by extensions ['ros']
[0.170s] Level 1:colcon.colcon_core.package_identification:_identify(.) by extension 'ros'
[0.177s] Level 1:colcon.colcon_core.package_identification:_identify(.) by extensions ['cmake', 'python']
[0.177s] Level 1:colcon.colcon_core.package_identification:_identify(.) by extension 'cmake'
[0.177s] Level 1:colcon.colcon_core.package_identification:_identify(.) by extension 'python'
[0.177s] Level 1:colcon.colcon_core.package_identification:_identify(.) by extensions ['python_setup_py']
[0.177s] Level 1:colcon.colcon_core.package_identification:_identify(.) by extension 'python_setup_py'
[0.177s] Level 1:colcon.colcon_core.package_identification:_identify(build) by extensions ['ignore', 'ignore_ament_install']
[0.177s] Level 1:colcon.colcon_core.package_identification:_identify(build) by extension 'ignore'
[0.177s] Level 1:colcon.colcon_core.package_identification:_identify(build) ignored
[0.177s] Level 1:colcon.colcon_core.package_identification:_identify(install) by extensions ['ignore', 'ignore_ament_install']
[0.177s] Level 1:colcon.colcon_core.package_identification:_identify(install) by extension 'ignore'
[0.177s] Level 1:colcon.colcon_core.package_identification:_identify(install) ignored
[0.177s] Level 1:colcon.colcon_core.package_identification:_identify(log) by extensions ['ignore', 'ignore_ament_install']
[0.177s] Level 1:colcon.colcon_core.package_identification:_identify(log) by extension 'ignore'
[0.177s] Level 1:colcon.colcon_core.package_identification:_identify(log) ignored
[0.177s] Level 1:colcon.colcon_core.package_identification:_identify(src) by extensions ['ignore', 'ignore_ament_install']
[0.178s] Level 1:colcon.colcon_core.package_identification:_identify(src) by extension 'ignore'
[0.178s] Level 1:colcon.colcon_core.package_identification:_identify(src) by extension 'ignore_ament_install'
[0.178s] Level 1:colcon.colcon_core.package_identification:_identify(src) by extensions ['colcon_pkg']
[0.178s] Level 1:colcon.colcon_core.package_identification:_identify(src) by extension 'colcon_pkg'
[0.178s] Level 1:colcon.colcon_core.package_identification:_identify(src) by extensions ['colcon_meta']
[0.178s] Level 1:colcon.colcon_core.package_identification:_identify(src) by extension 'colcon_meta'
[0.178s] Level 1:colcon.colcon_core.package_identification:_identify(src) by extensions ['ros']
[0.178s] Level 1:colcon.colcon_core.package_identification:_identify(src) by extension 'ros'
[0.178s] Level 1:colcon.colcon_core.package_identification:_identify(src) by extensions ['cmake', 'python']
[0.178s] Level 1:colcon.colcon_core.package_identification:_identify(src) by extension 'cmake'
[0.178s] Level 1:colcon.colcon_core.package_identification:_identify(src) by extension 'python'
[0.178s] Level 1:colcon.colcon_core.package_identification:_identify(src) by extensions ['python_setup_py']
[0.178s] Level 1:colcon.colcon_core.package_identification:_identify(src) by extension 'python_setup_py'
[0.178s] Level 1:colcon.colcon_core.package_identification:_identify(src/cpp_pubsub) by extensions ['ignore', 'ignore_ament_install']
[0.178s] Level 1:colcon.colcon_core.package_identification:_identify(src/cpp_pubsub) by extension 'ignore'
[0.178s] Level 1:colcon.colcon_core.package_identification:_identify(src/cpp_pubsub) by extension 'ignore_ament_install'
[0.178s] Level 1:colcon.colcon_core.package_identification:_identify(src/cpp_pubsub) by extensions ['colcon_pkg']
[0.178s] Level 1:colcon.colcon_core.package_identification:_identify(src/cpp_pubsub) by extension 'colcon_pkg'
[0.178s] Level 1:colcon.colcon_core.package_identification:_identify(src/cpp_pubsub) by extensions ['colcon_meta']
[0.178s] Level 1:colcon.colcon_core.package_identification:_identify(src/cpp_pubsub) by extension 'colcon_meta'
[0.178s] Level 1:colcon.colcon_core.package_identification:_identify(src/cpp_pubsub) by extensions ['ros']
[0.178s] Level 1:colcon.colcon_core.package_identification:_identify(src/cpp_pubsub) by extension 'ros'
[0.180s] DEBUG:colcon.colcon_core.package_identification:Package 'src/cpp_pubsub' with type 'ros.ament_cmake' and name 'cpp_pubsub'
[0.180s] Level 1:colcon.colcon_core.package_identification:_identify(src/csm) by extensions ['ignore', 'ignore_ament_install']
[0.180s] Level 1:colcon.colcon_core.package_identification:_identify(src/csm) by extension 'ignore'
[0.180s] Level 1:colcon.colcon_core.package_identification:_identify(src/csm) by extension 'ignore_ament_install'
[0.180s] Level 1:colcon.colcon_core.package_identification:_identify(src/csm) by extensions ['colcon_pkg']
[0.180s] Level 1:colcon.colcon_core.package_identification:_identify(src/csm) by extension 'colcon_pkg'
[0.180s] Level 1:colcon.colcon_core.package_identification:_identify(src/csm) by extensions ['colcon_meta']
[0.180s] Level 1:colcon.colcon_core.package_identification:_identify(src/csm) by extension 'colcon_meta'
[0.180s] Level 1:colcon.colcon_core.package_identification:_identify(src/csm) by extensions ['ros']
[0.180s] Level 1:colcon.colcon_core.package_identification:_identify(src/csm) by extension 'ros'
[0.181s] DEBUG:colcon.colcon_core.package_identification:Package 'src/csm' with type 'ros.ament_cmake' and name 'csm'
[0.181s] Level 1:colcon.colcon_core.package_identification:_identify(src/ros2_laser_scan_matcher) by extensions ['ignore', 'ignore_ament_install']
[0.181s] Level 1:colcon.colcon_core.package_identification:_identify(src/ros2_laser_scan_matcher) by extension 'ignore'
[0.181s] Level 1:colcon.colcon_core.package_identification:_identify(src/ros2_laser_scan_matcher) by extension 'ignore_ament_install'
[0.181s] Level 1:colcon.colcon_core.package_identification:_identify(src/ros2_laser_scan_matcher) by extensions ['colcon_pkg']
[0.181s] Level 1:colcon.colcon_core.package_identification:_identify(src/ros2_laser_scan_matcher) by extension 'colcon_pkg'
[0.181s] Level 1:colcon.colcon_core.package_identification:_identify(src/ros2_laser_scan_matcher) by extensions ['colcon_meta']
[0.181s] Level 1:colcon.colcon_core.package_identification:_identify(src/ros2_laser_scan_matcher) by extension 'colcon_meta'
[0.181s] Level 1:colcon.colcon_core.package_identification:_identify(src/ros2_laser_scan_matcher) by extensions ['ros']
[0.181s] Level 1:colcon.colcon_core.package_identification:_identify(src/ros2_laser_scan_matcher) by extension 'ros'
[0.181s] DEBUG:colcon.colcon_core.package_identification:Package 'src/ros2_laser_scan_matcher' with type 'ros.ament_cmake' and name 'ros2_laser_scan_matcher'
[0.181s] Level 1:colcon.colcon_core.package_identification:_identify(src/ros_phoenix) by extensions ['ignore', 'ignore_ament_install']
[0.181s] Level 1:colcon.colcon_core.package_identification:_identify(src/ros_phoenix) by extension 'ignore'
[0.181s] Level 1:colcon.colcon_core.package_identification:_identify(src/ros_phoenix) by extension 'ignore_ament_install'
[0.181s] Level 1:colcon.colcon_core.package_identification:_identify(src/ros_phoenix) by extensions ['colcon_pkg']
[0.182s] Level 1:colcon.colcon_core.package_identification:_identify(src/ros_phoenix) by extension 'colcon_pkg'
[0.182s] Level 1:colcon.colcon_core.package_identification:_identify(src/ros_phoenix) by extensions ['colcon_meta']
[0.182s] Level 1:colcon.colcon_core.package_identification:_identify(src/ros_phoenix) by extension 'colcon_meta'
[0.182s] Level 1:colcon.colcon_core.package_identification:_identify(src/ros_phoenix) by extensions ['ros']
[0.182s] Level 1:colcon.colcon_core.package_identification:_identify(src/ros_phoenix) by extension 'ros'
[0.182s] DEBUG:colcon.colcon_core.package_identification:Package 'src/ros_phoenix' with type 'ros.ament_cmake' and name 'ros_phoenix'
[0.182s] Level 1:colcon.colcon_core.package_identification:_identify(src/serial) by extensions ['ignore', 'ignore_ament_install']
[0.182s] Level 1:colcon.colcon_core.package_identification:_identify(src/serial) by extension 'ignore'
[0.182s] Level 1:colcon.colcon_core.package_identification:_identify(src/serial) by extension 'ignore_ament_install'
[0.182s] Level 1:colcon.colcon_core.package_identification:_identify(src/serial) by extensions ['colcon_pkg']
[0.182s] Level 1:colcon.colcon_core.package_identification:_identify(src/serial) by extension 'colcon_pkg'
[0.182s] Level 1:colcon.colcon_core.package_identification:_identify(src/serial) by extensions ['colcon_meta']
[0.182s] Level 1:colcon.colcon_core.package_identification:_identify(src/serial) by extension 'colcon_meta'
[0.182s] Level 1:colcon.colcon_core.package_identification:_identify(src/serial) by extensions ['ros']
[0.182s] Level 1:colcon.colcon_core.package_identification:_identify(src/serial) by extension 'ros'
[0.183s] DEBUG:colcon.colcon_core.package_identification:Package 'src/serial' with type 'ros.ament_cmake' and name 'serial'
[0.183s] Level 1:colcon.colcon_core.package_discovery:discover_packages(recursive) using defaults
[0.183s] Level 1:colcon.colcon_core.package_discovery:discover_packages(ignore) discover
[0.183s] Level 1:colcon.colcon_core.package_discovery:discover_packages(ignore) using defaults
[0.183s] Level 1:colcon.colcon_core.package_discovery:discover_packages(path) discover
[0.183s] Level 1:colcon.colcon_core.package_discovery:discover_packages(path) using defaults
[0.204s] Level 1:colcon.colcon_core.package_discovery:discover_packages(prefix_path) check parameters
[0.204s] Level 1:colcon.colcon_core.package_discovery:discover_packages(prefix_path) discover
[0.206s] DEBUG:colcon.colcon_installed_package_information.package_discovery:Found 401 installed packages in /opt/ros/humble
[0.207s] Level 1:colcon.colcon_core.package_discovery:discover_packages(prefix_path) using defaults
[0.237s] Level 5:colcon.colcon_core.verb:set package 'csm' build argument 'cmake_args' from command line to 'None'
[0.237s] Level 5:colcon.colcon_core.verb:set package 'csm' build argument 'cmake_target' from command line to 'None'
[0.237s] Level 5:colcon.colcon_core.verb:set package 'csm' build argument 'cmake_target_skip_unavailable' from command line to 'False'
[0.237s] Level 5:colcon.colcon_core.verb:set package 'csm' build argument 'cmake_clean_cache' from command line to 'False'
[0.237s] Level 5:colcon.colcon_core.verb:set package 'csm' build argument 'cmake_clean_first' from command line to 'False'
[0.237s] Level 5:colcon.colcon_core.verb:set package 'csm' build argument 'cmake_force_configure' from command line to 'False'
[0.237s] Level 5:colcon.colcon_core.verb:set package 'csm' build argument 'ament_cmake_args' from command line to 'None'
[0.237s] Level 5:colcon.colcon_core.verb:set package 'csm' build argument 'catkin_cmake_args' from command line to 'None'
[0.237s] Level 5:colcon.colcon_core.verb:set package 'csm' build argument 'catkin_skip_building_tests' from command line to 'False'
[0.237s] DEBUG:colcon.colcon_core.verb:Building package 'csm' with the following arguments: {'ament_cmake_args': None, 'build_base': '/home/luna/ws/build/csm', 'catkin_cmake_args': None, 'catkin_skip_building_tests': False, 'cmake_args': None, 'cmake_clean_cache': False, 'cmake_clean_first': False, 'cmake_force_configure': False, 'cmake_target': None, 'cmake_target_skip_unavailable': False, 'install_base': '/home/luna/ws/install/csm', 'merge_install': False, 'path': '/home/luna/ws/src/csm', 'symlink_install': True, 'test_result_base': None}
[0.237s] Level 5:colcon.colcon_core.verb:set package 'ros_phoenix' build argument 'cmake_args' from command line to 'None'
[0.237s] Level 5:colcon.colcon_core.verb:set package 'ros_phoenix' build argument 'cmake_target' from command line to 'None'
[0.237s] Level 5:colcon.colcon_core.verb:set package 'ros_phoenix' build argument 'cmake_target_skip_unavailable' from command line to 'False'
[0.237s] Level 5:colcon.colcon_core.verb:set package 'ros_phoenix' build argument 'cmake_clean_cache' from command line to 'False'
[0.237s] Level 5:colcon.colcon_core.verb:set package 'ros_phoenix' build argument 'cmake_clean_first' from command line to 'False'
[0.237s] Level 5:colcon.colcon_core.verb:set package 'ros_phoenix' build argument 'cmake_force_configure' from command line to 'False'
[0.237s] Level 5:colcon.colcon_core.verb:set package 'ros_phoenix' build argument 'ament_cmake_args' from command line to 'None'
[0.237s] Level 5:colcon.colcon_core.verb:set package 'ros_phoenix' build argument 'catkin_cmake_args' from command line to 'None'
[0.237s] Level 5:colcon.colcon_core.verb:set package 'ros_phoenix' build argument 'catkin_skip_building_tests' from command line to 'False'
[0.237s] DEBUG:colcon.colcon_core.verb:Building package 'ros_phoenix' with the following arguments: {'ament_cmake_args': None, 'build_base': '/home/luna/ws/build/ros_phoenix', 'catkin_cmake_args': None, 'catkin_skip_building_tests': False, 'cmake_args': None, 'cmake_clean_cache': False, 'cmake_clean_first': False, 'cmake_force_configure': False, 'cmake_target': None, 'cmake_target_skip_unavailable': False, 'install_base': '/home/luna/ws/install/ros_phoenix', 'merge_install': False, 'path': '/home/luna/ws/src/ros_phoenix', 'symlink_install': True, 'test_result_base': None}
[0.238s] Level 5:colcon.colcon_core.verb:set package 'serial' build argument 'cmake_args' from command line to 'None'
[0.238s] Level 5:colcon.colcon_core.verb:set package 'serial' build argument 'cmake_target' from command line to 'None'
[0.238s] Level 5:colcon.colcon_core.verb:set package 'serial' build argument 'cmake_target_skip_unavailable' from command line to 'False'
[0.238s] Level 5:colcon.colcon_core.verb:set package 'serial' build argument 'cmake_clean_cache' from command line to 'False'
[0.238s] Level 5:colcon.colcon_core.verb:set package 'serial' build argument 'cmake_clean_first' from command line to 'False'
[0.238s] Level 5:colcon.colcon_core.verb:set package 'serial' build argument 'cmake_force_configure' from command line to 'False'
[0.238s] Level 5:colcon.colcon_core.verb:set package 'serial' build argument 'ament_cmake_args' from command line to 'None'
[0.238s] Level 5:colcon.colcon_core.verb:set package 'serial' build argument 'catkin_cmake_args' from command line to 'None'
[0.238s] Level 5:colcon.colcon_core.verb:set package 'serial' build argument 'catkin_skip_building_tests' from command line to 'False'
[0.238s] DEBUG:colcon.colcon_core.verb:Building package 'serial' with the following arguments: {'ament_cmake_args': None, 'build_base': '/home/luna/ws/build/serial', 'catkin_cmake_args': None, 'catkin_skip_building_tests': False, 'cmake_args': None, 'cmake_clean_cache': False, 'cmake_clean_first': False, 'cmake_force_configure': False, 'cmake_target': None, 'cmake_target_skip_unavailable': False, 'install_base': '/home/luna/ws/install/serial', 'merge_install': False, 'path': '/home/luna/ws/src/serial', 'symlink_install': True, 'test_result_base': None}
[0.238s] Level 5:colcon.colcon_core.verb:set package 'cpp_pubsub' build argument 'cmake_args' from command line to 'None'
[0.238s] Level 5:colcon.colcon_core.verb:set package 'cpp_pubsub' build argument 'cmake_target' from command line to 'None'
[0.238s] Level 5:colcon.colcon_core.verb:set package 'cpp_pubsub' build argument 'cmake_target_skip_unavailable' from command line to 'False'
[0.238s] Level 5:colcon.colcon_core.verb:set package 'cpp_pubsub' build argument 'cmake_clean_cache' from command line to 'False'
[0.238s] Level 5:colcon.colcon_core.verb:set package 'cpp_pubsub' build argument 'cmake_clean_first' from command line to 'False'
[0.238s] Level 5:colcon.colcon_core.verb:set package 'cpp_pubsub' build argument 'cmake_force_configure' from command line to 'False'
[0.238s] Level 5:colcon.colcon_core.verb:set package 'cpp_pubsub' build argument 'ament_cmake_args' from command line to 'None'
[0.238s] Level 5:colcon.colcon_core.verb:set package 'cpp_pubsub' build argument 'catkin_cmake_args' from command line to 'None'
[0.238s] Level 5:colcon.colcon_core.verb:set package 'cpp_pubsub' build argument 'catkin_skip_building_tests' from command line to 'False'
[0.238s] DEBUG:colcon.colcon_core.verb:Building package 'cpp_pubsub' with the following arguments: {'ament_cmake_args': None, 'build_base': '/home/luna/ws/build/cpp_pubsub', 'catkin_cmake_args': None, 'catkin_skip_building_tests': False, 'cmake_args': None, 'cmake_clean_cache': False, 'cmake_clean_first': False, 'cmake_force_configure': False, 'cmake_target': None, 'cmake_target_skip_unavailable': False, 'install_base': '/home/luna/ws/install/cpp_pubsub', 'merge_install': False, 'path': '/home/luna/ws/src/cpp_pubsub', 'symlink_install': True, 'test_result_base': None}
[0.238s] Level 5:colcon.colcon_core.verb:set package 'ros2_laser_scan_matcher' build argument 'cmake_args' from command line to 'None'
[0.238s] Level 5:colcon.colcon_core.verb:set package 'ros2_laser_scan_matcher' build argument 'cmake_target' from command line to 'None'
[0.238s] Level 5:colcon.colcon_core.verb:set package 'ros2_laser_scan_matcher' build argument 'cmake_target_skip_unavailable' from command line to 'False'
[0.238s] Level 5:colcon.colcon_core.verb:set package 'ros2_laser_scan_matcher' build argument 'cmake_clean_cache' from command line to 'False'
[0.238s] Level 5:colcon.colcon_core.verb:set package 'ros2_laser_scan_matcher' build argument 'cmake_clean_first' from command line to 'False'
[0.238s] Level 5:colcon.colcon_core.verb:set package 'ros2_laser_scan_matcher' build argument 'cmake_force_configure' from command line to 'False'
[0.238s] Level 5:colcon.colcon_core.verb:set package 'ros2_laser_scan_matcher' build argument 'ament_cmake_args' from command line to 'None'
[0.238s] Level 5:colcon.colcon_core.verb:set package 'ros2_laser_scan_matcher' build argument 'catkin_cmake_args' from command line to 'None'
[0.238s] Level 5:colcon.colcon_core.verb:set package 'ros2_laser_scan_matcher' build argument 'catkin_skip_building_tests' from command line to 'False'
[0.239s] DEBUG:colcon.colcon_core.verb:Building package 'ros2_laser_scan_matcher' with the following arguments: {'ament_cmake_args': None, 'build_base': '/home/luna/ws/build/ros2_laser_scan_matcher', 'catkin_cmake_args': None, 'catkin_skip_building_tests': False, 'cmake_args': None, 'cmake_clean_cache': False, 'cmake_clean_first': False, 'cmake_force_configure': False, 'cmake_target': None, 'cmake_target_skip_unavailable': False, 'install_base': '/home/luna/ws/install/ros2_laser_scan_matcher', 'merge_install': False, 'path': '/home/luna/ws/src/ros2_laser_scan_matcher', 'symlink_install': True, 'test_result_base': None}
[0.239s] INFO:colcon.colcon_core.executor:Executing jobs using 'parallel' executor
[0.239s] DEBUG:colcon.colcon_parallel_executor.executor.parallel:run_until_complete
[0.239s] INFO:colcon.colcon_ros.task.ament_cmake.build:Building ROS package in '/home/luna/ws/src/csm' with build type 'ament_cmake'
[0.239s] INFO:colcon.colcon_cmake.task.cmake.build:Building CMake package in '/home/luna/ws/src/csm'
[0.241s] INFO:colcon.colcon_core.plugin_system:Skipping extension 'colcon_core.shell.bat': Not used on non-Windows systems
[0.241s] INFO:colcon.colcon_core.shell:Skip shell extension 'powershell' for command environment: Not usable outside of PowerShell
[0.241s] DEBUG:colcon.colcon_core.shell:Skip shell extension 'dsv' for command environment
[0.243s] INFO:colcon.colcon_ros.task.ament_cmake.build:Building ROS package in '/home/luna/ws/src/ros_phoenix' with build type 'ament_cmake'
[0.243s] INFO:colcon.colcon_cmake.task.cmake.build:Building CMake package in '/home/luna/ws/src/ros_phoenix'
[0.243s] INFO:colcon.colcon_core.shell:Skip shell extension 'powershell' for command environment: Not usable outside of PowerShell
[0.243s] DEBUG:colcon.colcon_core.shell:Skip shell extension 'dsv' for command environment
[0.245s] INFO:colcon.colcon_ros.task.ament_cmake.build:Building ROS package in '/home/luna/ws/src/serial' with build type 'ament_cmake'
[0.245s] INFO:colcon.colcon_cmake.task.cmake.build:Building CMake package in '/home/luna/ws/src/serial'
[0.246s] INFO:colcon.colcon_core.shell:Skip shell extension 'powershell' for command environment: Not usable outside of PowerShell
[0.246s] DEBUG:colcon.colcon_core.shell:Skip shell extension 'dsv' for command environment
[0.251s] DEBUG:colcon.colcon_core.event_handler.log_command:Invoking command in '/home/luna/ws/build/csm': CMAKE_PREFIX_PATH=/opt/ros/humble /usr/bin/cmake --build /home/luna/ws/build/csm -- -j8 -l8
[0.254s] DEBUG:colcon.colcon_core.event_handler.log_command:Invoking command in '/home/luna/ws/build/ros_phoenix': CMAKE_PREFIX_PATH=/opt/ros/humble /usr/bin/cmake --build /home/luna/ws/build/ros_phoenix -- -j8 -l8
[0.273s] DEBUG:colcon.colcon_core.event_handler.log_command:Invoking command in '/home/luna/ws/build/serial': CMAKE_PREFIX_PATH=/opt/ros/humble /usr/bin/cmake --build /home/luna/ws/build/serial -- -j8 -l8
[0.323s] DEBUG:colcon.colcon_core.event_handler.log_command:Invoked command in '/home/luna/ws/build/csm' returned '0': CMAKE_PREFIX_PATH=/opt/ros/humble /usr/bin/cmake --build /home/luna/ws/build/csm -- -j8 -l8
[0.356s] DEBUG:colcon.colcon_core.event_handler.log_command:Invoked command in '/home/luna/ws/build/serial' returned '0': CMAKE_PREFIX_PATH=/opt/ros/humble /usr/bin/cmake --build /home/luna/ws/build/serial -- -j8 -l8
[0.389s] DEBUG:colcon.colcon_core.event_handler.log_command:Invoking command in '/home/luna/ws/build/csm': CMAKE_PREFIX_PATH=/opt/ros/humble /usr/bin/cmake --install /home/luna/ws/build/csm
[0.391s] DEBUG:colcon.colcon_core.event_handler.log_command:Invoking command in '/home/luna/ws/build/serial': CMAKE_PREFIX_PATH=/opt/ros/humble /usr/bin/cmake --install /home/luna/ws/build/serial
[0.408s] Level 1:colcon.colcon_core.environment:create_environment_scripts_only(serial)
[0.408s] DEBUG:colcon.colcon_core.event_handler.log_command:Invoked command in '/home/luna/ws/build/serial' returned '0': CMAKE_PREFIX_PATH=/opt/ros/humble /usr/bin/cmake --install /home/luna/ws/build/serial
[0.410s] Level 1:colcon.colcon_core.environment:checking '/home/luna/ws/install/serial' for CMake module files
[0.410s] Level 1:colcon.colcon_core.environment:checking '/home/luna/ws/install/serial' for CMake config files
[0.410s] Level 1:colcon.colcon_core.shell:create_environment_hook('serial', 'cmake_prefix_path')
[0.411s] INFO:colcon.colcon_core.shell:Creating environment hook '/home/luna/ws/install/serial/share/serial/hook/cmake_prefix_path.ps1'
[0.411s] INFO:colcon.colcon_core.shell:Creating environment descriptor '/home/luna/ws/install/serial/share/serial/hook/cmake_prefix_path.dsv'
[0.411s] INFO:colcon.colcon_core.shell:Creating environment hook '/home/luna/ws/install/serial/share/serial/hook/cmake_prefix_path.sh'
[0.412s] Level 1:colcon.colcon_core.environment:checking '/home/luna/ws/install/serial/lib'
[0.412s] Level 1:colcon.colcon_core.environment:checking '/home/luna/ws/install/serial/bin'
[0.412s] Level 1:colcon.colcon_core.environment:checking '/home/luna/ws/install/serial/lib/pkgconfig/serial.pc'
[0.412s] Level 1:colcon.colcon_core.environment:checking '/home/luna/ws/install/serial/lib/python3.10/site-packages'
[0.412s] Level 1:colcon.colcon_core.environment:checking '/home/luna/ws/install/serial/bin'
[0.412s] INFO:colcon.colcon_core.shell:Creating package script '/home/luna/ws/install/serial/share/serial/package.ps1'
[0.413s] INFO:colcon.colcon_core.shell:Creating package descriptor '/home/luna/ws/install/serial/share/serial/package.dsv'
[0.413s] INFO:colcon.colcon_core.shell:Creating package script '/home/luna/ws/install/serial/share/serial/package.sh'
[0.414s] INFO:colcon.colcon_core.shell:Creating package script '/home/luna/ws/install/serial/share/serial/package.bash'
[0.414s] INFO:colcon.colcon_core.shell:Creating package script '/home/luna/ws/install/serial/share/serial/package.zsh'
[0.415s] Level 1:colcon.colcon_core.environment:create_file_with_runtime_dependencies(/home/luna/ws/install/serial/share/colcon-core/packages/serial)
[0.416s] Level 1:colcon.colcon_core.environment:create_environment_scripts_only(csm)
[0.416s] Level 1:colcon.colcon_core.environment:checking '/home/luna/ws/install/csm' for CMake module files
[0.416s] DEBUG:colcon.colcon_core.event_handler.log_command:Invoked command in '/home/luna/ws/build/csm' returned '0': CMAKE_PREFIX_PATH=/opt/ros/humble /usr/bin/cmake --install /home/luna/ws/build/csm
[0.416s] Level 1:colcon.colcon_core.environment:checking '/home/luna/ws/install/csm' for CMake config files
[0.417s] Level 1:colcon.colcon_core.shell:create_environment_hook('csm', 'cmake_prefix_path')
[0.417s] INFO:colcon.colcon_core.shell:Creating environment hook '/home/luna/ws/install/csm/share/csm/hook/cmake_prefix_path.ps1'
[0.417s] INFO:colcon.colcon_core.shell:Creating environment descriptor '/home/luna/ws/install/csm/share/csm/hook/cmake_prefix_path.dsv'
[0.417s] INFO:colcon.colcon_core.shell:Creating environment hook '/home/luna/ws/install/csm/share/csm/hook/cmake_prefix_path.sh'
[0.418s] Level 1:colcon.colcon_core.environment:checking '/home/luna/ws/install/csm/lib'
[0.418s] Level 1:colcon.colcon_core.shell:create_environment_hook('csm', 'ld_library_path_lib')
[0.418s] INFO:colcon.colcon_core.shell:Creating environment hook '/home/luna/ws/install/csm/share/csm/hook/ld_library_path_lib.ps1'
[0.418s] INFO:colcon.colcon_core.shell:Creating environment descriptor '/home/luna/ws/install/csm/share/csm/hook/ld_library_path_lib.dsv'
[0.418s] INFO:colcon.colcon_core.shell:Creating environment hook '/home/luna/ws/install/csm/share/csm/hook/ld_library_path_lib.sh'
[0.418s] Level 1:colcon.colcon_core.environment:checking '/home/luna/ws/install/csm/bin'
[0.418s] Level 1:colcon.colcon_core.environment:checking '/home/luna/ws/install/csm/lib/pkgconfig/csm.pc'
[0.419s] Level 1:colcon.colcon_core.environment:checking '/home/luna/ws/install/csm/lib/python3.10/site-packages'
[0.419s] Level 1:colcon.colcon_core.environment:checking '/home/luna/ws/install/csm/bin'
[0.419s] INFO:colcon.colcon_core.shell:Creating package script '/home/luna/ws/install/csm/share/csm/package.ps1'
[0.419s] INFO:colcon.colcon_core.shell:Creating package descriptor '/home/luna/ws/install/csm/share/csm/package.dsv'
[0.420s] INFO:colcon.colcon_core.shell:Creating package script '/home/luna/ws/install/csm/share/csm/package.sh'
[0.420s] INFO:colcon.colcon_core.shell:Creating package script '/home/luna/ws/install/csm/share/csm/package.bash'
[0.420s] INFO:colcon.colcon_core.shell:Creating package script '/home/luna/ws/install/csm/share/csm/package.zsh'
[0.420s] Level 1:colcon.colcon_core.environment:create_file_with_runtime_dependencies(/home/luna/ws/install/csm/share/colcon-core/packages/csm)
[0.437s] Level 1:colcon.colcon_core.environment:create_environment_scripts_only(serial)
[0.437s] Level 1:colcon.colcon_core.environment:checking '/home/luna/ws/install/serial' for CMake module files
[0.438s] Level 1:colcon.colcon_core.environment:checking '/home/luna/ws/install/serial' for CMake config files
[0.438s] Level 1:colcon.colcon_core.shell:create_environment_hook('serial', 'cmake_prefix_path')
[0.438s] INFO:colcon.colcon_core.shell:Creating environment hook '/home/luna/ws/install/serial/share/serial/hook/cmake_prefix_path.ps1'
[0.438s] INFO:colcon.colcon_core.shell:Creating environment descriptor '/home/luna/ws/install/serial/share/serial/hook/cmake_prefix_path.dsv'
[0.438s] INFO:colcon.colcon_core.shell:Creating environment hook '/home/luna/ws/install/serial/share/serial/hook/cmake_prefix_path.sh'
[0.439s] Level 1:colcon.colcon_core.environment:checking '/home/luna/ws/install/serial/lib'
[0.439s] Level 1:colcon.colcon_core.environment:checking '/home/luna/ws/install/serial/bin'
[0.439s] Level 1:colcon.colcon_core.environment:checking '/home/luna/ws/install/serial/lib/pkgconfig/serial.pc'
[0.439s] Level 1:colcon.colcon_core.environment:checking '/home/luna/ws/install/serial/lib/python3.10/site-packages'
[0.439s] Level 1:colcon.colcon_core.environment:checking '/home/luna/ws/install/serial/bin'
[0.439s] INFO:colcon.colcon_core.shell:Creating package script '/home/luna/ws/install/serial/share/serial/package.ps1'
[0.440s] INFO:colcon.colcon_core.shell:Creating package descriptor '/home/luna/ws/install/serial/share/serial/package.dsv'
[0.440s] INFO:colcon.colcon_core.shell:Creating package script '/home/luna/ws/install/serial/share/serial/package.sh'
[0.440s] INFO:colcon.colcon_core.shell:Creating package script '/home/luna/ws/install/serial/share/serial/package.bash'
[0.441s] INFO:colcon.colcon_core.shell:Creating package script '/home/luna/ws/install/serial/share/serial/package.zsh'
[0.441s] Level 1:colcon.colcon_core.environment:create_file_with_runtime_dependencies(/home/luna/ws/install/serial/share/colcon-core/packages/serial)
[0.465s] Level 1:colcon.colcon_core.environment:create_environment_scripts_only(csm)
[0.465s] Level 1:colcon.colcon_core.environment:checking '/home/luna/ws/install/csm' for CMake module files
[0.465s] Level 1:colcon.colcon_core.environment:checking '/home/luna/ws/install/csm' for CMake config files
[0.466s] Level 1:colcon.colcon_core.shell:create_environment_hook('csm', 'cmake_prefix_path')
[0.466s] INFO:colcon.colcon_core.shell:Creating environment hook '/home/luna/ws/install/csm/share/csm/hook/cmake_prefix_path.ps1'
[0.466s] INFO:colcon.colcon_core.shell:Creating environment descriptor '/home/luna/ws/install/csm/share/csm/hook/cmake_prefix_path.dsv'
[0.466s] INFO:colcon.colcon_core.shell:Creating environment hook '/home/luna/ws/install/csm/share/csm/hook/cmake_prefix_path.sh'
[0.467s] Level 1:colcon.colcon_core.environment:checking '/home/luna/ws/install/csm/lib'
[0.467s] Level 1:colcon.colcon_core.shell:create_environment_hook('csm', 'ld_library_path_lib')
[0.467s] INFO:colcon.colcon_core.shell:Creating environment hook '/home/luna/ws/install/csm/share/csm/hook/ld_library_path_lib.ps1'
[0.467s] INFO:colcon.colcon_core.shell:Creating environment descriptor '/home/luna/ws/install/csm/share/csm/hook/ld_library_path_lib.dsv'
[0.467s] INFO:colcon.colcon_core.shell:Creating environment hook '/home/luna/ws/install/csm/share/csm/hook/ld_library_path_lib.sh'
[0.468s] Level 1:colcon.colcon_core.environment:checking '/home/luna/ws/install/csm/bin'
[0.468s] Level 1:colcon.colcon_core.environment:checking '/home/luna/ws/install/csm/lib/pkgconfig/csm.pc'
[0.468s] Level 1:colcon.colcon_core.environment:checking '/home/luna/ws/install/csm/lib/python3.10/site-packages'
[0.468s] Level 1:colcon.colcon_core.environment:checking '/home/luna/ws/install/csm/bin'
[0.468s] INFO:colcon.colcon_core.shell:Creating package script '/home/luna/ws/install/csm/share/csm/package.ps1'
[0.468s] INFO:colcon.colcon_core.shell:Creating package descriptor '/home/luna/ws/install/csm/share/csm/package.dsv'
[0.469s] INFO:colcon.colcon_core.shell:Creating package script '/home/luna/ws/install/csm/share/csm/package.sh'
[0.469s] INFO:colcon.colcon_core.shell:Creating package script '/home/luna/ws/install/csm/share/csm/package.bash'
[0.469s] INFO:colcon.colcon_core.shell:Creating package script '/home/luna/ws/install/csm/share/csm/package.zsh'
[0.469s] Level 1:colcon.colcon_core.environment:create_file_with_runtime_dependencies(/home/luna/ws/install/csm/share/colcon-core/packages/csm)
[0.470s] INFO:colcon.colcon_ros.task.ament_cmake.build:Building ROS package in '/home/luna/ws/src/ros2_laser_scan_matcher' with build type 'ament_cmake'
[0.470s] INFO:colcon.colcon_cmake.task.cmake.build:Building CMake package in '/home/luna/ws/src/ros2_laser_scan_matcher'
[0.470s] INFO:colcon.colcon_core.shell:Skip shell extension 'powershell' for command environment: Not usable outside of PowerShell
[0.470s] DEBUG:colcon.colcon_core.shell:Skip shell extension 'dsv' for command environment
[0.477s] DEBUG:colcon.colcon_core.event_handler.log_command:Invoking command in '/home/luna/ws/build/ros2_laser_scan_matcher': AMENT_PREFIX_PATH=/home/luna/ws/install/csm:${AMENT_PREFIX_PATH} CMAKE_PREFIX_PATH=/home/luna/ws/install/csm:/opt/ros/humble LD_LIBRARY_PATH=/home/luna/ws/install/csm/lib:${LD_LIBRARY_PATH} /usr/bin/cmake --build /home/luna/ws/build/ros2_laser_scan_matcher -- -j8 -l8
[0.530s] DEBUG:colcon.colcon_core.event_handler.log_command:Invoked command in '/home/luna/ws/build/ros2_laser_scan_matcher' returned '0': AMENT_PREFIX_PATH=/home/luna/ws/install/csm:${AMENT_PREFIX_PATH} CMAKE_PREFIX_PATH=/home/luna/ws/install/csm:/opt/ros/humble LD_LIBRARY_PATH=/home/luna/ws/install/csm/lib:${LD_LIBRARY_PATH} /usr/bin/cmake --build /home/luna/ws/build/ros2_laser_scan_matcher -- -j8 -l8
[0.537s] DEBUG:colcon.colcon_core.event_handler.log_command:Invoked command in '/home/luna/ws/build/ros_phoenix' returned '0': CMAKE_PREFIX_PATH=/opt/ros/humble /usr/bin/cmake --build /home/luna/ws/build/ros_phoenix -- -j8 -l8
[0.546s] DEBUG:colcon.colcon_core.event_handler.log_command:Invoking command in '/home/luna/ws/build/ros2_laser_scan_matcher': AMENT_PREFIX_PATH=/home/luna/ws/install/csm:${AMENT_PREFIX_PATH} CMAKE_PREFIX_PATH=/home/luna/ws/install/csm:/opt/ros/humble LD_LIBRARY_PATH=/home/luna/ws/install/csm/lib:${LD_LIBRARY_PATH} /usr/bin/cmake --install /home/luna/ws/build/ros2_laser_scan_matcher
[0.561s] Level 1:colcon.colcon_core.environment:create_environment_scripts_only(ros2_laser_scan_matcher)
[0.561s] Level 1:colcon.colcon_core.environment:checking '/home/luna/ws/install/ros2_laser_scan_matcher' for CMake module files
[0.561s] DEBUG:colcon.colcon_core.event_handler.log_command:Invoked command in '/home/luna/ws/build/ros2_laser_scan_matcher' returned '0': AMENT_PREFIX_PATH=/home/luna/ws/install/csm:${AMENT_PREFIX_PATH} CMAKE_PREFIX_PATH=/home/luna/ws/install/csm:/opt/ros/humble LD_LIBRARY_PATH=/home/luna/ws/install/csm/lib:${LD_LIBRARY_PATH} /usr/bin/cmake --install /home/luna/ws/build/ros2_laser_scan_matcher
[0.562s] Level 1:colcon.colcon_core.environment:checking '/home/luna/ws/install/ros2_laser_scan_matcher' for CMake config files
[0.562s] Level 1:colcon.colcon_core.shell:create_environment_hook('ros2_laser_scan_matcher', 'cmake_prefix_path')
[0.562s] INFO:colcon.colcon_core.shell:Creating environment hook '/home/luna/ws/install/ros2_laser_scan_matcher/share/ros2_laser_scan_matcher/hook/cmake_prefix_path.ps1'
[0.562s] INFO:colcon.colcon_core.shell:Creating environment descriptor '/home/luna/ws/install/ros2_laser_scan_matcher/share/ros2_laser_scan_matcher/hook/cmake_prefix_path.dsv'
[0.563s] INFO:colcon.colcon_core.shell:Creating environment hook '/home/luna/ws/install/ros2_laser_scan_matcher/share/ros2_laser_scan_matcher/hook/cmake_prefix_path.sh'
[0.563s] Level 1:colcon.colcon_core.environment:checking '/home/luna/ws/install/ros2_laser_scan_matcher/lib'
[0.563s] Level 1:colcon.colcon_core.environment:checking '/home/luna/ws/install/ros2_laser_scan_matcher/bin'
[0.563s] Level 1:colcon.colcon_core.environment:checking '/home/luna/ws/install/ros2_laser_scan_matcher/lib/pkgconfig/ros2_laser_scan_matcher.pc'
[0.563s] Level 1:colcon.colcon_core.environment:checking '/home/luna/ws/install/ros2_laser_scan_matcher/lib/python3.10/site-packages'
[0.563s] Level 1:colcon.colcon_core.environment:checking '/home/luna/ws/install/ros2_laser_scan_matcher/bin'
[0.563s] INFO:colcon.colcon_core.shell:Creating package script '/home/luna/ws/install/ros2_laser_scan_matcher/share/ros2_laser_scan_matcher/package.ps1'
[0.564s] INFO:colcon.colcon_core.shell:Creating package descriptor '/home/luna/ws/install/ros2_laser_scan_matcher/share/ros2_laser_scan_matcher/package.dsv'
[0.564s] INFO:colcon.colcon_core.shell:Creating package script '/home/luna/ws/install/ros2_laser_scan_matcher/share/ros2_laser_scan_matcher/package.sh'
[0.564s] INFO:colcon.colcon_core.shell:Creating package script '/home/luna/ws/install/ros2_laser_scan_matcher/share/ros2_laser_scan_matcher/package.bash'
[0.564s] INFO:colcon.colcon_core.shell:Creating package script '/home/luna/ws/install/ros2_laser_scan_matcher/share/ros2_laser_scan_matcher/package.zsh'
[0.565s] Level 1:colcon.colcon_core.environment:create_file_with_runtime_dependencies(/home/luna/ws/install/ros2_laser_scan_matcher/share/colcon-core/packages/ros2_laser_scan_matcher)
[0.581s] Level 1:colcon.colcon_core.environment:create_environment_scripts_only(ros2_laser_scan_matcher)
[0.581s] Level 1:colcon.colcon_core.environment:checking '/home/luna/ws/install/ros2_laser_scan_matcher' for CMake module files
[0.581s] Level 1:colcon.colcon_core.environment:checking '/home/luna/ws/install/ros2_laser_scan_matcher' for CMake config files
[0.582s] Level 1:colcon.colcon_core.shell:create_environment_hook('ros2_laser_scan_matcher', 'cmake_prefix_path')
[0.582s] INFO:colcon.colcon_core.shell:Creating environment hook '/home/luna/ws/install/ros2_laser_scan_matcher/share/ros2_laser_scan_matcher/hook/cmake_prefix_path.ps1'
[0.582s] INFO:colcon.colcon_core.shell:Creating environment descriptor '/home/luna/ws/install/ros2_laser_scan_matcher/share/ros2_laser_scan_matcher/hook/cmake_prefix_path.dsv'
[0.582s] INFO:colcon.colcon_core.shell:Creating environment hook '/home/luna/ws/install/ros2_laser_scan_matcher/share/ros2_laser_scan_matcher/hook/cmake_prefix_path.sh'
[0.583s] Level 1:colcon.colcon_core.environment:checking '/home/luna/ws/install/ros2_laser_scan_matcher/lib'
[0.583s] Level 1:colcon.colcon_core.environment:checking '/home/luna/ws/install/ros2_laser_scan_matcher/bin'
[0.583s] Level 1:colcon.colcon_core.environment:checking '/home/luna/ws/install/ros2_laser_scan_matcher/lib/pkgconfig/ros2_laser_scan_matcher.pc'
[0.583s] Level 1:colcon.colcon_core.environment:checking '/home/luna/ws/install/ros2_laser_scan_matcher/lib/python3.10/site-packages'
[0.583s] Level 1:colcon.colcon_core.environment:checking '/home/luna/ws/install/ros2_laser_scan_matcher/bin'
[0.583s] INFO:colcon.colcon_core.shell:Creating package script '/home/luna/ws/install/ros2_laser_scan_matcher/share/ros2_laser_scan_matcher/package.ps1'
[0.583s] INFO:colcon.colcon_core.shell:Creating package descriptor '/home/luna/ws/install/ros2_laser_scan_matcher/share/ros2_laser_scan_matcher/package.dsv'
[0.584s] INFO:colcon.colcon_core.shell:Creating package script '/home/luna/ws/install/ros2_laser_scan_matcher/share/ros2_laser_scan_matcher/package.sh'
[0.584s] INFO:colcon.colcon_core.shell:Creating package script '/home/luna/ws/install/ros2_laser_scan_matcher/share/ros2_laser_scan_matcher/package.bash'
[0.584s] INFO:colcon.colcon_core.shell:Creating package script '/home/luna/ws/install/ros2_laser_scan_matcher/share/ros2_laser_scan_matcher/package.zsh'
[0.584s] Level 1:colcon.colcon_core.environment:create_file_with_runtime_dependencies(/home/luna/ws/install/ros2_laser_scan_matcher/share/colcon-core/packages/ros2_laser_scan_matcher)
[0.598s] DEBUG:colcon.colcon_core.event_handler.log_command:Invoking command in '/home/luna/ws/build/ros_phoenix': CMAKE_PREFIX_PATH=/opt/ros/humble /usr/bin/cmake --install /home/luna/ws/build/ros_phoenix
[0.647s] Level 1:colcon.colcon_core.environment:create_environment_scripts_only(ros_phoenix)
[0.647s] Level 1:colcon.colcon_core.environment:checking '/home/luna/ws/install/ros_phoenix' for CMake module files
[0.648s] DEBUG:colcon.colcon_core.event_handler.log_command:Invoked command in '/home/luna/ws/build/ros_phoenix' returned '0': CMAKE_PREFIX_PATH=/opt/ros/humble /usr/bin/cmake --install /home/luna/ws/build/ros_phoenix
[0.648s] Level 1:colcon.colcon_core.environment:checking '/home/luna/ws/install/ros_phoenix' for CMake config files
[0.649s] Level 1:colcon.colcon_core.shell:create_environment_hook('ros_phoenix', 'cmake_prefix_path')
[0.649s] INFO:colcon.colcon_core.shell:Creating environment hook '/home/luna/ws/install/ros_phoenix/share/ros_phoenix/hook/cmake_prefix_path.ps1'
[0.649s] INFO:colcon.colcon_core.shell:Creating environment descriptor '/home/luna/ws/install/ros_phoenix/share/ros_phoenix/hook/cmake_prefix_path.dsv'
[0.649s] INFO:colcon.colcon_core.shell:Creating environment hook '/home/luna/ws/install/ros_phoenix/share/ros_phoenix/hook/cmake_prefix_path.sh'
[0.650s] Level 1:colcon.colcon_core.environment:checking '/home/luna/ws/install/ros_phoenix/lib'
[0.650s] Level 1:colcon.colcon_core.shell:create_environment_hook('ros_phoenix', 'ld_library_path_lib')
[0.650s] INFO:colcon.colcon_core.shell:Creating environment hook '/home/luna/ws/install/ros_phoenix/share/ros_phoenix/hook/ld_library_path_lib.ps1'
[0.650s] INFO:colcon.colcon_core.shell:Creating environment descriptor '/home/luna/ws/install/ros_phoenix/share/ros_phoenix/hook/ld_library_path_lib.dsv'
[0.650s] INFO:colcon.colcon_core.shell:Creating environment hook '/home/luna/ws/install/ros_phoenix/share/ros_phoenix/hook/ld_library_path_lib.sh'
[0.650s] Level 1:colcon.colcon_core.environment:checking '/home/luna/ws/install/ros_phoenix/bin'
[0.650s] Level 1:colcon.colcon_core.environment:checking '/home/luna/ws/install/ros_phoenix/lib/pkgconfig/ros_phoenix.pc'
[0.651s] Level 1:colcon.colcon_core.environment:checking '/home/luna/ws/install/ros_phoenix/lib/python3.10/site-packages'
[0.651s] Level 1:colcon.colcon_core.environment:checking '/home/luna/ws/install/ros_phoenix/bin'
[0.651s] INFO:colcon.colcon_core.shell:Creating package script '/home/luna/ws/install/ros_phoenix/share/ros_phoenix/package.ps1'
[0.651s] INFO:colcon.colcon_core.shell:Creating package descriptor '/home/luna/ws/install/ros_phoenix/share/ros_phoenix/package.dsv'
[0.652s] INFO:colcon.colcon_core.shell:Creating package script '/home/luna/ws/install/ros_phoenix/share/ros_phoenix/package.sh'
[0.652s] INFO:colcon.colcon_core.shell:Creating package script '/home/luna/ws/install/ros_phoenix/share/ros_phoenix/package.bash'
[0.652s] INFO:colcon.colcon_core.shell:Creating package script '/home/luna/ws/install/ros_phoenix/share/ros_phoenix/package.zsh'
[0.652s] Level 1:colcon.colcon_core.environment:create_file_with_runtime_dependencies(/home/luna/ws/install/ros_phoenix/share/colcon-core/packages/ros_phoenix)
[0.714s] Level 1:colcon.colcon_core.environment:create_environment_scripts_only(ros_phoenix)
[0.714s] Level 1:colcon.colcon_core.environment:checking '/home/luna/ws/install/ros_phoenix' for CMake module files
[0.714s] Level 1:colcon.colcon_core.environment:checking '/home/luna/ws/install/ros_phoenix' for CMake config files
[0.715s] Level 1:colcon.colcon_core.shell:create_environment_hook('ros_phoenix', 'cmake_prefix_path')
[0.715s] INFO:colcon.colcon_core.shell:Creating environment hook '/home/luna/ws/install/ros_phoenix/share/ros_phoenix/hook/cmake_prefix_path.ps1'
[0.715s] INFO:colcon.colcon_core.shell:Creating environment descriptor '/home/luna/ws/install/ros_phoenix/share/ros_phoenix/hook/cmake_prefix_path.dsv'
[0.715s] INFO:colcon.colcon_core.shell:Creating environment hook '/home/luna/ws/install/ros_phoenix/share/ros_phoenix/hook/cmake_prefix_path.sh'
[0.716s] Level 1:colcon.colcon_core.environment:checking '/home/luna/ws/install/ros_phoenix/lib'
[0.716s] Level 1:colcon.colcon_core.shell:create_environment_hook('ros_phoenix', 'ld_library_path_lib')
[0.716s] INFO:colcon.colcon_core.shell:Creating environment hook '/home/luna/ws/install/ros_phoenix/share/ros_phoenix/hook/ld_library_path_lib.ps1'
[0.716s] INFO:colcon.colcon_core.shell:Creating environment descriptor '/home/luna/ws/install/ros_phoenix/share/ros_phoenix/hook/ld_library_path_lib.dsv'
[0.716s] INFO:colcon.colcon_core.shell:Creating environment hook '/home/luna/ws/install/ros_phoenix/share/ros_phoenix/hook/ld_library_path_lib.sh'
[0.716s] Level 1:colcon.colcon_core.environment:checking '/home/luna/ws/install/ros_phoenix/bin'
[0.717s] Level 1:colcon.colcon_core.environment:checking '/home/luna/ws/install/ros_phoenix/lib/pkgconfig/ros_phoenix.pc'
[0.717s] Level 1:colcon.colcon_core.environment:checking '/home/luna/ws/install/ros_phoenix/lib/python3.10/site-packages'
[0.717s] Level 1:colcon.colcon_core.environment:checking '/home/luna/ws/install/ros_phoenix/bin'
[0.717s] INFO:colcon.colcon_core.shell:Creating package script '/home/luna/ws/install/ros_phoenix/share/ros_phoenix/package.ps1'
[0.717s] INFO:colcon.colcon_core.shell:Creating package descriptor '/home/luna/ws/install/ros_phoenix/share/ros_phoenix/package.dsv'
[0.718s] INFO:colcon.colcon_core.shell:Creating package script '/home/luna/ws/install/ros_phoenix/share/ros_phoenix/package.sh'
[0.718s] INFO:colcon.colcon_core.shell:Creating package script '/home/luna/ws/install/ros_phoenix/share/ros_phoenix/package.bash'
[0.718s] INFO:colcon.colcon_core.shell:Creating package script '/home/luna/ws/install/ros_phoenix/share/ros_phoenix/package.zsh'
[0.719s] Level 1:colcon.colcon_core.environment:create_file_with_runtime_dependencies(/home/luna/ws/install/ros_phoenix/share/colcon-core/packages/ros_phoenix)
[0.719s] INFO:colcon.colcon_ros.task.ament_cmake.build:Building ROS package in '/home/luna/ws/src/cpp_pubsub' with build type 'ament_cmake'
[0.719s] INFO:colcon.colcon_cmake.task.cmake.build:Building CMake package in '/home/luna/ws/src/cpp_pubsub'
[0.719s] INFO:colcon.colcon_core.shell:Skip shell extension 'powershell' for command environment: Not usable outside of PowerShell
[0.719s] DEBUG:colcon.colcon_core.shell:Skip shell extension 'dsv' for command environment
[0.728s] DEBUG:colcon.colcon_core.event_handler.log_command:Invoking command in '/home/luna/ws/build/cpp_pubsub': AMENT_PREFIX_PATH=/home/luna/ws/install/ros_phoenix:${AMENT_PREFIX_PATH} CMAKE_PREFIX_PATH=/home/luna/ws/install/ros_phoenix:/opt/ros/humble LD_LIBRARY_PATH=/home/luna/ws/install/ros_phoenix/lib:${LD_LIBRARY_PATH} PYTHONPATH=/home/luna/ws/install/ros_phoenix/local/lib/python3.10/dist-packages:${PYTHONPATH} /usr/bin/cmake --build /home/luna/ws/build/cpp_pubsub -- -j8 -l8
[0.992s] DEBUG:colcon.colcon_core.event_handler.log_command:Invoked command in '/home/luna/ws/build/cpp_pubsub' returned '0': AMENT_PREFIX_PATH=/home/luna/ws/install/ros_phoenix:${AMENT_PREFIX_PATH} CMAKE_PREFIX_PATH=/home/luna/ws/install/ros_phoenix:/opt/ros/humble LD_LIBRARY_PATH=/home/luna/ws/install/ros_phoenix/lib:${LD_LIBRARY_PATH} PYTHONPATH=/home/luna/ws/install/ros_phoenix/local/lib/python3.10/dist-packages:${PYTHONPATH} /usr/bin/cmake --build /home/luna/ws/build/cpp_pubsub -- -j8 -l8
[1.044s] DEBUG:colcon.colcon_core.event_handler.log_command:Invoking command in '/home/luna/ws/build/cpp_pubsub': AMENT_PREFIX_PATH=/home/luna/ws/install/ros_phoenix:${AMENT_PREFIX_PATH} CMAKE_PREFIX_PATH=/home/luna/ws/install/ros_phoenix:/opt/ros/humble LD_LIBRARY_PATH=/home/luna/ws/install/ros_phoenix/lib:${LD_LIBRARY_PATH} PYTHONPATH=/home/luna/ws/install/ros_phoenix/local/lib/python3.10/dist-packages:${PYTHONPATH} /usr/bin/cmake --install /home/luna/ws/build/cpp_pubsub
[1.091s] Level 1:colcon.colcon_core.environment:create_environment_scripts_only(cpp_pubsub)
[1.091s] Level 1:colcon.colcon_core.environment:checking '/home/luna/ws/install/cpp_pubsub' for CMake module files
[1.092s] DEBUG:colcon.colcon_core.event_handler.log_command:Invoked command in '/home/luna/ws/build/cpp_pubsub' returned '0': AMENT_PREFIX_PATH=/home/luna/ws/install/ros_phoenix:${AMENT_PREFIX_PATH} CMAKE_PREFIX_PATH=/home/luna/ws/install/ros_phoenix:/opt/ros/humble LD_LIBRARY_PATH=/home/luna/ws/install/ros_phoenix/lib:${LD_LIBRARY_PATH} PYTHONPATH=/home/luna/ws/install/ros_phoenix/local/lib/python3.10/dist-packages:${PYTHONPATH} /usr/bin/cmake --install /home/luna/ws/build/cpp_pubsub
[1.092s] Level 1:colcon.colcon_core.environment:checking '/home/luna/ws/install/cpp_pubsub' for CMake config files
[1.093s] Level 1:colcon.colcon_core.shell:create_environment_hook('cpp_pubsub', 'cmake_prefix_path')
[1.093s] INFO:colcon.colcon_core.shell:Creating environment hook '/home/luna/ws/install/cpp_pubsub/share/cpp_pubsub/hook/cmake_prefix_path.ps1'
[1.093s] INFO:colcon.colcon_core.shell:Creating environment descriptor '/home/luna/ws/install/cpp_pubsub/share/cpp_pubsub/hook/cmake_prefix_path.dsv'
[1.093s] INFO:colcon.colcon_core.shell:Creating environment hook '/home/luna/ws/install/cpp_pubsub/share/cpp_pubsub/hook/cmake_prefix_path.sh'
[1.094s] Level 1:colcon.colcon_core.environment:checking '/home/luna/ws/install/cpp_pubsub/lib'
[1.094s] Level 1:colcon.colcon_core.shell:create_environment_hook('cpp_pubsub', 'ld_library_path_lib')
[1.094s] INFO:colcon.colcon_core.shell:Creating environment hook '/home/luna/ws/install/cpp_pubsub/share/cpp_pubsub/hook/ld_library_path_lib.ps1'
[1.094s] INFO:colcon.colcon_core.shell:Creating environment descriptor '/home/luna/ws/install/cpp_pubsub/share/cpp_pubsub/hook/ld_library_path_lib.dsv'
[1.094s] INFO:colcon.colcon_core.shell:Creating environment hook '/home/luna/ws/install/cpp_pubsub/share/cpp_pubsub/hook/ld_library_path_lib.sh'
[1.094s] Level 1:colcon.colcon_core.environment:checking '/home/luna/ws/install/cpp_pubsub/bin'
[1.095s] Level 1:colcon.colcon_core.environment:checking '/home/luna/ws/install/cpp_pubsub/lib/pkgconfig/cpp_pubsub.pc'
[1.095s] Level 1:colcon.colcon_core.environment:checking '/home/luna/ws/install/cpp_pubsub/lib/python3.10/site-packages'
[1.095s] Level 1:colcon.colcon_core.environment:checking '/home/luna/ws/install/cpp_pubsub/bin'
[1.095s] INFO:colcon.colcon_core.shell:Creating package script '/home/luna/ws/install/cpp_pubsub/share/cpp_pubsub/package.ps1'
[1.095s] INFO:colcon.colcon_core.shell:Creating package descriptor '/home/luna/ws/install/cpp_pubsub/share/cpp_pubsub/package.dsv'
[1.096s] INFO:colcon.colcon_core.shell:Creating package script '/home/luna/ws/install/cpp_pubsub/share/cpp_pubsub/package.sh'
[1.096s] INFO:colcon.colcon_core.shell:Creating package script '/home/luna/ws/install/cpp_pubsub/share/cpp_pubsub/package.bash'
[1.096s] INFO:colcon.colcon_core.shell:Creating package script '/home/luna/ws/install/cpp_pubsub/share/cpp_pubsub/package.zsh'
[1.096s] Level 1:colcon.colcon_core.environment:create_file_with_runtime_dependencies(/home/luna/ws/install/cpp_pubsub/share/colcon-core/packages/cpp_pubsub)
[1.147s] Level 1:colcon.colcon_core.environment:create_environment_scripts_only(cpp_pubsub)
[1.147s] Level 1:colcon.colcon_core.environment:checking '/home/luna/ws/install/cpp_pubsub' for CMake module files
[1.148s] Level 1:colcon.colcon_core.environment:checking '/home/luna/ws/install/cpp_pubsub' for CMake config files
[1.148s] Level 1:colcon.colcon_core.shell:create_environment_hook('cpp_pubsub', 'cmake_prefix_path')
[1.148s] INFO:colcon.colcon_core.shell:Creating environment hook '/home/luna/ws/install/cpp_pubsub/share/cpp_pubsub/hook/cmake_prefix_path.ps1'
[1.149s] INFO:colcon.colcon_core.shell:Creating environment descriptor '/home/luna/ws/install/cpp_pubsub/share/cpp_pubsub/hook/cmake_prefix_path.dsv'
[1.149s] INFO:colcon.colcon_core.shell:Creating environment hook '/home/luna/ws/install/cpp_pubsub/share/cpp_pubsub/hook/cmake_prefix_path.sh'
[1.149s] Level 1:colcon.colcon_core.environment:checking '/home/luna/ws/install/cpp_pubsub/lib'
[1.149s] Level 1:colcon.colcon_core.shell:create_environment_hook('cpp_pubsub', 'ld_library_path_lib')
[1.149s] INFO:colcon.colcon_core.shell:Creating environment hook '/home/luna/ws/install/cpp_pubsub/share/cpp_pubsub/hook/ld_library_path_lib.ps1'
[1.150s] INFO:colcon.colcon_core.shell:Creating environment descriptor '/home/luna/ws/install/cpp_pubsub/share/cpp_pubsub/hook/ld_library_path_lib.dsv'
[1.150s] INFO:colcon.colcon_core.shell:Creating environment hook '/home/luna/ws/install/cpp_pubsub/share/cpp_pubsub/hook/ld_library_path_lib.sh'
[1.150s] Level 1:colcon.colcon_core.environment:checking '/home/luna/ws/install/cpp_pubsub/bin'
[1.150s] Level 1:colcon.colcon_core.environment:checking '/home/luna/ws/install/cpp_pubsub/lib/pkgconfig/cpp_pubsub.pc'
[1.150s] Level 1:colcon.colcon_core.environment:checking '/home/luna/ws/install/cpp_pubsub/lib/python3.10/site-packages'
[1.150s] Level 1:colcon.colcon_core.environment:checking '/home/luna/ws/install/cpp_pubsub/bin'
[1.150s] INFO:colcon.colcon_core.shell:Creating package script '/home/luna/ws/install/cpp_pubsub/share/cpp_pubsub/package.ps1'
[1.151s] INFO:colcon.colcon_core.shell:Creating package descriptor '/home/luna/ws/install/cpp_pubsub/share/cpp_pubsub/package.dsv'
[1.151s] INFO:colcon.colcon_core.shell:Creating package script '/home/luna/ws/install/cpp_pubsub/share/cpp_pubsub/package.sh'
[1.151s] INFO:colcon.colcon_core.shell:Creating package script '/home/luna/ws/install/cpp_pubsub/share/cpp_pubsub/package.bash'
[1.151s] INFO:colcon.colcon_core.shell:Creating package script '/home/luna/ws/install/cpp_pubsub/share/cpp_pubsub/package.zsh'
[1.152s] Level 1:colcon.colcon_core.environment:create_file_with_runtime_dependencies(/home/luna/ws/install/cpp_pubsub/share/colcon-core/packages/cpp_pubsub)
[1.152s] DEBUG:colcon.colcon_parallel_executor.executor.parallel:closing loop
[1.152s] DEBUG:colcon.colcon_parallel_executor.executor.parallel:loop closed
[1.152s] DEBUG:colcon.colcon_parallel_executor.executor.parallel:run_until_complete finished with '0'
[1.152s] DEBUG:colcon.colcon_core.event_reactor:joining thread
[1.156s] INFO:colcon.colcon_core.plugin_system:Skipping extension 'colcon_notification.desktop_notification.terminal_notifier': Not used on non-Darwin systems
[1.156s] INFO:colcon.colcon_core.plugin_system:Skipping extension 'colcon_notification.desktop_notification.win32': Not used on non-Windows systems
[1.156s] INFO:colcon.colcon_notification.desktop_notification:Sending desktop notification using 'notify2'
[1.166s] DEBUG:colcon.colcon_core.event_reactor:joined thread
[1.167s] INFO:colcon.colcon_core.shell:Creating prefix script '/home/luna/ws/install/local_setup.ps1'
[1.168s] INFO:colcon.colcon_core.shell:Creating prefix util module '/home/luna/ws/install/_local_setup_util_ps1.py'
[1.169s] INFO:colcon.colcon_core.shell:Creating prefix chain script '/home/luna/ws/install/setup.ps1'
[1.170s] INFO:colcon.colcon_core.shell:Creating prefix script '/home/luna/ws/install/local_setup.sh'
[1.171s] INFO:colcon.colcon_core.shell:Creating prefix util module '/home/luna/ws/install/_local_setup_util_sh.py'
[1.171s] INFO:colcon.colcon_core.shell:Creating prefix chain script '/home/luna/ws/install/setup.sh'
[1.172s] INFO:colcon.colcon_core.shell:Creating prefix script '/home/luna/ws/install/local_setup.bash'
[1.173s] INFO:colcon.colcon_core.shell:Creating prefix chain script '/home/luna/ws/install/setup.bash'
[1.173s] INFO:colcon.colcon_core.shell:Creating prefix script '/home/luna/ws/install/local_setup.zsh'
[1.174s] INFO:colcon.colcon_core.shell:Creating prefix chain script '/home/luna/ws/install/setup.zsh'
