[0.011s] Invoking command in '/home/luna/backup_ws2/build/csm': CMAKE_PREFIX_PATH=/opt/ros/humble /usr/bin/cmake /home/luna/backup_ws2/src/csm -DAMENT_CMAKE_SYMLINK_INSTALL=1 -DCMAKE_INSTALL_PREFIX=/home/luna/backup_ws2/install/csm
[0.049s] -- The C compiler identification is GNU 11.4.0
[0.110s] -- The CXX compiler identification is GNU 11.4.0
[0.118s] -- Detecting C compiler ABI info
[0.166s] -- Detecting C compiler ABI info - done
[0.175s] -- Check for working C compiler: /usr/bin/cc - skipped
[0.176s] -- Detecting C compile features
[0.176s] -- Detecting C compile features - done
[0.179s] -- Detecting CXX compiler ABI info
[0.239s] -- Detecting CXX compiler ABI info - done
[0.245s] -- Check for working CXX compiler: /usr/bin/c++ - skipped
[0.245s] -- Detecting CXX compile features
[0.245s] -- Detecting CXX compile features - done
[0.247s] -- Found ament_cmake: 1.3.8 (/opt/ros/humble/share/ament_cmake/cmake)
[0.358s] -- Found Python3: /usr/bin/python3 (found version "3.10.12") found components: Interpreter 
[0.405s] -- Override CMake install command with custom implementation using symlinks instead of copying resources
[0.424s] -- Found rclcpp: 16.0.8 (/opt/ros/humble/share/rclcpp/cmake)
[0.457s] -- Found rosidl_generator_c: 3.1.5 (/opt/ros/humble/share/rosidl_generator_c/cmake)
[0.461s] -- Found rosidl_adapter: 3.1.5 (/opt/ros/humble/share/rosidl_adapter/cmake)
[0.468s] -- Found rosidl_generator_cpp: 3.1.5 (/opt/ros/humble/share/rosidl_generator_cpp/cmake)
[0.478s] -- Using all available rosidl_typesupport_c: rosidl_typesupport_fastrtps_c;rosidl_typesupport_introspection_c
[0.493s] -- Using all available rosidl_typesupport_cpp: rosidl_typesupport_fastrtps_cpp;rosidl_typesupport_introspection_cpp
[0.548s] -- Found rmw_implementation_cmake: 6.1.1 (/opt/ros/humble/share/rmw_implementation_cmake/cmake)
[0.550s] -- Found rmw_fastrtps_cpp: 6.2.6 (/opt/ros/humble/share/rmw_fastrtps_cpp/cmake)
[0.649s] -- Found OpenSSL: /usr/lib/x86_64-linux-gnu/libcrypto.so (found version "3.0.2")  
[0.680s] -- Found FastRTPS: /opt/ros/humble/include  
[0.737s] -- Using RMW implementation 'rmw_fastrtps_cpp' as default
[0.748s] -- Looking for pthread.h
[0.824s] -- Looking for pthread.h - found
[0.825s] -- Performing Test CMAKE_HAVE_LIBC_PTHREAD
[0.899s] -- Performing Test CMAKE_HAVE_LIBC_PTHREAD - Success
[0.901s] -- Found Threads: TRUE  
[1.321s] -- Configuring done
[1.345s] -- Generating done
[1.350s] -- Build files have been written to: /home/luna/backup_ws2/build/csm
[1.379s] Invoked command in '/home/luna/backup_ws2/build/csm' returned '0': CMAKE_PREFIX_PATH=/opt/ros/humble /usr/bin/cmake /home/luna/backup_ws2/src/csm -DAMENT_CMAKE_SYMLINK_INSTALL=1 -DCMAKE_INSTALL_PREFIX=/home/luna/backup_ws2/install/csm
[1.381s] Invoking command in '/home/luna/backup_ws2/build/csm': CMAKE_PREFIX_PATH=/opt/ros/humble /usr/bin/cmake --build /home/luna/backup_ws2/build/csm -- -j8 -l8
[1.488s] [  8%] [32mBuilding CXX object CMakeFiles/csm.dir/src/csm/math_utils.cpp.o[0m
[1.488s] [  8%] [32mBuilding CXX object CMakeFiles/csm.dir/src/csm/laser_data.cpp.o[0m
[1.490s] [ 12%] [32mBuilding CXX object CMakeFiles/csm.dir/src/csm/math_utils_gsl.cpp.o[0m
[1.491s] [ 16%] [32mBuilding CXX object CMakeFiles/csm.dir/src/csm/sm_options.cpp.o[0m
[1.495s] [ 20%] [32mBuilding CXX object CMakeFiles/csm.dir/src/csm/utils.cpp.o[0m
[1.500s] [ 25%] [32mBuilding CXX object CMakeFiles/csm.dir/src/csm/orientation.cpp.o[0m
[1.502s] [ 29%] [32mBuilding CXX object CMakeFiles/csm.dir/src/csm/logging.cpp.o[0m
[1.582s] [ 33%] [32mBuilding CXX object CMakeFiles/csm.dir/src/csm/clustering.cpp.o[0m
[3.207s] [ 37%] [32mBuilding CXX object CMakeFiles/csm.dir/src/egsl/egsl.cpp.o[0m
[3.319s] [ 41%] [32mBuilding CXX object CMakeFiles/csm.dir/src/egsl/egsl_conversions.cpp.o[0m
[3.429s] [ 45%] [32mBuilding CXX object CMakeFiles/csm.dir/src/egsl/egsl_misc.cpp.o[0m
[3.480s] [ 50%] [32mBuilding CXX object CMakeFiles/csm.dir/src/egsl/egsl_ops.cpp.o[0m
[3.484s] [ 54%] [32mBuilding CXX object CMakeFiles/csm.dir/src/gpc/gpc.cpp.o[0m
[3.495s] [ 58%] [32mBuilding CXX object CMakeFiles/csm.dir/src/gpc/gpc_utils.cpp.o[0m
[3.683s] [ 62%] [32mBuilding CXX object CMakeFiles/csm.dir/src/icp/icp.cpp.o[0m
[4.200s] [ 66%] [32mBuilding CXX object CMakeFiles/csm.dir/src/icp/icp_corr_dumb.cpp.o[0m
[4.818s] [ 70%] [32mBuilding CXX object CMakeFiles/csm.dir/src/icp/icp_corr_tricks.cpp.o[0m
[5.024s] [ 75%] [32mBuilding CXX object CMakeFiles/csm.dir/src/icp/icp_covariance.cpp.o[0m
[5.198s] [ 79%] [32mBuilding CXX object CMakeFiles/csm.dir/src/icp/icp_debug.cpp.o[0m
[5.711s] [ 83%] [32mBuilding CXX object CMakeFiles/csm.dir/src/icp/icp_loop.cpp.o[0m
[5.828s] [ 87%] [32mBuilding CXX object CMakeFiles/csm.dir/src/icp/icp_outliers.cpp.o[0m
[6.676s] [ 91%] [32mBuilding CXX object CMakeFiles/csm.dir/src/options/options.cpp.o[0m
[6.704s] [ 95%] [32mBuilding CXX object CMakeFiles/csm.dir/src/options/options_interface.cpp.o[0m
[19.560s] [100%] [32m[1mLinking CXX shared library libcsm.so[0m
[19.911s] [100%] Built target csm
[19.919s] Invoked command in '/home/luna/backup_ws2/build/csm' returned '0': CMAKE_PREFIX_PATH=/opt/ros/humble /usr/bin/cmake --build /home/luna/backup_ws2/build/csm -- -j8 -l8
[19.969s] Invoking command in '/home/luna/backup_ws2/build/csm': CMAKE_PREFIX_PATH=/opt/ros/humble /usr/bin/cmake --install /home/luna/backup_ws2/build/csm
[19.973s] -- Install configuration: ""
[19.974s] -- Execute custom install script
[19.974s] -- Symlinking: /home/luna/backup_ws2/install/csm/lib/libcsm.so
[19.981s] -- Symlinking: /home/luna/backup_ws2/install/csm/include/..//include/csm/algos.h
[19.988s] -- Symlinking: /home/luna/backup_ws2/install/csm/include/..//include/csm/csm.h
[19.994s] -- Symlinking: /home/luna/backup_ws2/install/csm/include/..//include/csm/laser_data.h
[20.000s] -- Symlinking: /home/luna/backup_ws2/install/csm/include/..//include/csm/laser_data_inline.h
[20.007s] -- Symlinking: /home/luna/backup_ws2/install/csm/include/..//include/csm/restrict.h
[20.013s] -- Symlinking: /home/luna/backup_ws2/install/csm/include/..//include/gsl_eigen/gsl_eigen.h
[20.020s] -- Symlinking: /home/luna/backup_ws2/install/csm/share/csm/resource/csm
[20.026s] -- Symlinking: /home/luna/backup_ws2/install/csm/include/../gsl_eigen/gsl_eigen.h
[20.033s] -- Symlinking: /home/luna/backup_ws2/install/csm/share/csm/environment/library_path.sh
[20.039s] -- Symlinking: /home/luna/backup_ws2/install/csm/share/csm/environment/library_path.dsv
[20.046s] -- Symlinking: /home/luna/backup_ws2/install/csm/share/ament_index/resource_index/package_run_dependencies/csm
[20.052s] -- Symlinking: /home/luna/backup_ws2/install/csm/share/ament_index/resource_index/parent_prefix_path/csm
[20.059s] -- Symlinking: /home/luna/backup_ws2/install/csm/share/csm/environment/ament_prefix_path.sh
[20.065s] -- Symlinking: /home/luna/backup_ws2/install/csm/share/csm/environment/ament_prefix_path.dsv
[20.072s] -- Symlinking: /home/luna/backup_ws2/install/csm/share/csm/environment/path.sh
[20.078s] -- Symlinking: /home/luna/backup_ws2/install/csm/share/csm/environment/path.dsv
[20.084s] -- Symlinking: /home/luna/backup_ws2/install/csm/share/csm/local_setup.bash
[20.091s] -- Symlinking: /home/luna/backup_ws2/install/csm/share/csm/local_setup.sh
[20.098s] -- Symlinking: /home/luna/backup_ws2/install/csm/share/csm/local_setup.zsh
[20.104s] -- Symlinking: /home/luna/backup_ws2/install/csm/share/csm/local_setup.dsv
[20.111s] -- Symlinking: /home/luna/backup_ws2/install/csm/share/csm/package.dsv
[20.118s] -- Symlinking: /home/luna/backup_ws2/install/csm/share/ament_index/resource_index/packages/csm
[20.124s] -- Symlinking: /home/luna/backup_ws2/install/csm/share/csm/cmake/ament_cmake_export_dependencies-extras.cmake
[20.131s] -- Symlinking: /home/luna/backup_ws2/install/csm/share/csm/cmake/ament_cmake_export_include_directories-extras.cmake
[20.138s] -- Symlinking: /home/luna/backup_ws2/install/csm/share/csm/cmake/ament_cmake_export_libraries-extras.cmake
[20.145s] -- Symlinking: /home/luna/backup_ws2/install/csm/share/csm/cmake/csmConfig.cmake
[20.151s] -- Symlinking: /home/luna/backup_ws2/install/csm/share/csm/cmake/csmConfig-version.cmake
[20.158s] -- Symlinking: /home/luna/backup_ws2/install/csm/share/csm/package.xml
[20.166s] Invoked command in '/home/luna/backup_ws2/build/csm' returned '0': CMAKE_PREFIX_PATH=/opt/ros/humble /usr/bin/cmake --install /home/luna/backup_ws2/build/csm
