[0.007s] Invoking command in '/home/luna/backup_ws2/build/ros2_laser_scan_matcher': CMAKE_PREFIX_PATH=/home/luna/backup_ws2/install/csm:/home/luna/backup_ws2/install/serial:/home/luna/backup_ws2/install/ros_phoenix:/opt/ros/humble LD_LIBRARY_PATH=/home/luna/backup_ws2/install/csm/lib:/home/luna/backup_ws2/install/serial/lib:/home/luna/backup_ws2/install/ros_phoenix/lib:/usr/lib/x86_64-linux-gnu/gazebo-11/plugins:/opt/ros/humble/opt/rviz_ogre_vendor/lib:/opt/ros/humble/lib/x86_64-linux-gnu:/opt/ros/humble/lib /usr/bin/cmake /home/luna/backup_ws2/src/ros2_laser_scan_matcher -DAMENT_CMAKE_SYMLINK_INSTALL=1 -DCMAKE_INSTALL_PREFIX=/home/luna/backup_ws2/install/ros2_laser_scan_matcher
[0.046s] -- The C compiler identification is GNU 11.4.0
[0.096s] -- The CXX compiler identification is GNU 11.4.0
[0.102s] -- Detecting C compiler ABI info
[0.152s] -- Detecting C compiler ABI info - done
[0.157s] -- Check for working C compiler: /usr/bin/cc - skipped
[0.157s] -- Detecting C compile features
[0.157s] -- Detecting C compile features - done
[0.160s] -- Detecting CXX compiler ABI info
[0.218s] -- Detecting CXX compiler ABI info - done
[0.224s] -- Check for working CXX compiler: /usr/bin/c++ - skipped
[0.224s] -- Detecting CXX compile features
[0.224s] -- Detecting CXX compile features - done
[0.226s] -- Found ament_cmake: 1.3.8 (/opt/ros/humble/share/ament_cmake/cmake)
[0.342s] -- Found Python3: /usr/bin/python3 (found version "3.10.12") found components: Interpreter 
[0.385s] -- Override CMake install command with custom implementation using symlinks instead of copying resources
[0.406s] -- Found sensor_msgs: 4.2.3 (/opt/ros/humble/share/sensor_msgs/cmake)
[0.434s] -- Found rosidl_generator_c: 3.1.5 (/opt/ros/humble/share/rosidl_generator_c/cmake)
[0.439s] -- Found rosidl_adapter: 3.1.5 (/opt/ros/humble/share/rosidl_adapter/cmake)
[0.445s] -- Found rosidl_generator_cpp: 3.1.5 (/opt/ros/humble/share/rosidl_generator_cpp/cmake)
[0.456s] -- Using all available rosidl_typesupport_c: rosidl_typesupport_fastrtps_c;rosidl_typesupport_introspection_c
[0.471s] -- Using all available rosidl_typesupport_cpp: rosidl_typesupport_fastrtps_cpp;rosidl_typesupport_introspection_cpp
[0.627s] -- Found rclcpp: 16.0.8 (/opt/ros/humble/share/rclcpp/cmake)
[0.673s] -- Found rmw_implementation_cmake: 6.1.1 (/opt/ros/humble/share/rmw_implementation_cmake/cmake)
[0.675s] -- Found rmw_fastrtps_cpp: 6.2.6 (/opt/ros/humble/share/rmw_fastrtps_cpp/cmake)
[0.749s] -- Found OpenSSL: /usr/lib/x86_64-linux-gnu/libcrypto.so (found version "3.0.2")  
[0.770s] -- Found FastRTPS: /opt/ros/humble/include  
[0.806s] -- Using RMW implementation 'rmw_fastrtps_cpp' as default
[0.814s] -- Looking for pthread.h
[0.901s] -- Looking for pthread.h - found
[0.901s] -- Performing Test CMAKE_HAVE_LIBC_PTHREAD
[0.962s] -- Performing Test CMAKE_HAVE_LIBC_PTHREAD - Success
[0.963s] -- Found Threads: TRUE  
[1.057s] -- Found nav_msgs: 4.2.3 (/opt/ros/humble/share/nav_msgs/cmake)
[1.120s] -- Found tf2_ros: 0.25.6 (/opt/ros/humble/share/tf2_ros/cmake)
[1.375s] -- Found tf2_geometry_msgs: 0.25.6 (/opt/ros/humble/share/tf2_geometry_msgs/cmake)
[1.386s] -- Found eigen3_cmake_module: 0.1.1 (/opt/ros/humble/share/eigen3_cmake_module/cmake)
[1.387s] -- Found Eigen3: TRUE (found version "3.4.0") 
[1.387s] -- Ensuring Eigen3 include directory is part of orocos-kdl CMake target
[1.397s] -- Found PkgConfig: /usr/bin/pkg-config (found version "0.29.2") 
[1.397s] -- Found csm: 0.0.0 (/home/luna/backup_ws2/install/csm/share/csm/cmake)
[1.402s] -- Found rosidl_default_generators: 1.2.0 (/opt/ros/humble/share/rosidl_default_generators/cmake)
[1.419s] -- Found Boost: /usr/lib/x86_64-linux-gnu/cmake/Boost-1.74.0/BoostConfig.cmake (found version "1.74.0") found components: thread 
[1.534s] -- Configuring done
[1.542s] -- Generating done
[1.543s] -- Build files have been written to: /home/luna/backup_ws2/build/ros2_laser_scan_matcher
[1.551s] Invoked command in '/home/luna/backup_ws2/build/ros2_laser_scan_matcher' returned '0': CMAKE_PREFIX_PATH=/home/luna/backup_ws2/install/csm:/home/luna/backup_ws2/install/serial:/home/luna/backup_ws2/install/ros_phoenix:/opt/ros/humble LD_LIBRARY_PATH=/home/luna/backup_ws2/install/csm/lib:/home/luna/backup_ws2/install/serial/lib:/home/luna/backup_ws2/install/ros_phoenix/lib:/usr/lib/x86_64-linux-gnu/gazebo-11/plugins:/opt/ros/humble/opt/rviz_ogre_vendor/lib:/opt/ros/humble/lib/x86_64-linux-gnu:/opt/ros/humble/lib /usr/bin/cmake /home/luna/backup_ws2/src/ros2_laser_scan_matcher -DAMENT_CMAKE_SYMLINK_INSTALL=1 -DCMAKE_INSTALL_PREFIX=/home/luna/backup_ws2/install/ros2_laser_scan_matcher
[1.552s] Invoking command in '/home/luna/backup_ws2/build/ros2_laser_scan_matcher': CMAKE_PREFIX_PATH=/home/luna/backup_ws2/install/csm:/home/luna/backup_ws2/install/serial:/home/luna/backup_ws2/install/ros_phoenix:/opt/ros/humble LD_LIBRARY_PATH=/home/luna/backup_ws2/install/csm/lib:/home/luna/backup_ws2/install/serial/lib:/home/luna/backup_ws2/install/ros_phoenix/lib:/usr/lib/x86_64-linux-gnu/gazebo-11/plugins:/opt/ros/humble/opt/rviz_ogre_vendor/lib:/opt/ros/humble/lib/x86_64-linux-gnu:/opt/ros/humble/lib /usr/bin/cmake --build /home/luna/backup_ws2/build/ros2_laser_scan_matcher -- -j8 -l8
[1.601s] [ 50%] [32mBuilding CXX object CMakeFiles/laser_scan_matcher.dir/src/laser_scan_matcher.cpp.o[0m
[1.768s] In file included from [01m[K/home/luna/backup_ws2/src/ros2_laser_scan_matcher/include/ros2_laser_scan_matcher/laser_scan_matcher.h:47[m[K,
[1.768s]                  from [01m[K/home/luna/backup_ws2/src/ros2_laser_scan_matcher/src/laser_scan_matcher.cpp:38[m[K:
[1.768s] [01m[K/opt/ros/humble/include/tf2_geometry_msgs/tf2_geometry_msgs/tf2_geometry_msgs.h:35:2:[m[K [01;35m[Kwarning: [m[K#warning This header is obsolete, please include tf2_geometry_msgs/tf2_geometry_msgs.hpp instead [[01;35m[K]8;;https://gcc.gnu.org/onlinedocs/gcc/Warning-Options.html#index-Wcpp-Wcpp]8;;[m[K]
[1.768s]    35 | #[01;35m[Kwarning[m[K This header is obsolete, please include tf2_geometry_msgs/tf2_geometry_msgs.hpp instead
[1.768s]       |  [01;35m[K^~~~~~~[m[K
[14.895s] [100%] [32m[1mLinking CXX executable laser_scan_matcher[0m
[15.453s] [100%] Built target laser_scan_matcher
[15.468s] Invoked command in '/home/luna/backup_ws2/build/ros2_laser_scan_matcher' returned '0': CMAKE_PREFIX_PATH=/home/luna/backup_ws2/install/csm:/home/luna/backup_ws2/install/serial:/home/luna/backup_ws2/install/ros_phoenix:/opt/ros/humble LD_LIBRARY_PATH=/home/luna/backup_ws2/install/csm/lib:/home/luna/backup_ws2/install/serial/lib:/home/luna/backup_ws2/install/ros_phoenix/lib:/usr/lib/x86_64-linux-gnu/gazebo-11/plugins:/opt/ros/humble/opt/rviz_ogre_vendor/lib:/opt/ros/humble/lib/x86_64-linux-gnu:/opt/ros/humble/lib /usr/bin/cmake --build /home/luna/backup_ws2/build/ros2_laser_scan_matcher -- -j8 -l8
[15.495s] Invoking command in '/home/luna/backup_ws2/build/ros2_laser_scan_matcher': CMAKE_PREFIX_PATH=/home/luna/backup_ws2/install/csm:/home/luna/backup_ws2/install/serial:/home/luna/backup_ws2/install/ros_phoenix:/opt/ros/humble LD_LIBRARY_PATH=/home/luna/backup_ws2/install/csm/lib:/home/luna/backup_ws2/install/serial/lib:/home/luna/backup_ws2/install/ros_phoenix/lib:/usr/lib/x86_64-linux-gnu/gazebo-11/plugins:/opt/ros/humble/opt/rviz_ogre_vendor/lib:/opt/ros/humble/lib/x86_64-linux-gnu:/opt/ros/humble/lib /usr/bin/cmake --install /home/luna/backup_ws2/build/ros2_laser_scan_matcher
[15.501s] -- Install configuration: ""
[15.501s] -- Execute custom install script
[15.501s] -- Symlinking: /home/luna/backup_ws2/install/ros2_laser_scan_matcher/lib/ros2_laser_scan_matcher/laser_scan_matcher
[15.508s] -- Symlinking: /home/luna/backup_ws2/install/ros2_laser_scan_matcher/share/ros2_laser_scan_matcher//launch/laser2odom.launch.py
[15.515s] -- Symlinking: /home/luna/backup_ws2/install/ros2_laser_scan_matcher/share/ament_index/resource_index/package_run_dependencies/ros2_laser_scan_matcher
[15.521s] -- Symlinking: /home/luna/backup_ws2/install/ros2_laser_scan_matcher/share/ament_index/resource_index/parent_prefix_path/ros2_laser_scan_matcher
[15.528s] -- Symlinking: /home/luna/backup_ws2/install/ros2_laser_scan_matcher/share/ros2_laser_scan_matcher/environment/ament_prefix_path.sh
[15.535s] -- Symlinking: /home/luna/backup_ws2/install/ros2_laser_scan_matcher/share/ros2_laser_scan_matcher/environment/ament_prefix_path.dsv
[15.542s] -- Symlinking: /home/luna/backup_ws2/install/ros2_laser_scan_matcher/share/ros2_laser_scan_matcher/environment/path.sh
[15.549s] -- Symlinking: /home/luna/backup_ws2/install/ros2_laser_scan_matcher/share/ros2_laser_scan_matcher/environment/path.dsv
[15.556s] -- Symlinking: /home/luna/backup_ws2/install/ros2_laser_scan_matcher/share/ros2_laser_scan_matcher/local_setup.bash
[15.563s] -- Symlinking: /home/luna/backup_ws2/install/ros2_laser_scan_matcher/share/ros2_laser_scan_matcher/local_setup.sh
[15.570s] -- Symlinking: /home/luna/backup_ws2/install/ros2_laser_scan_matcher/share/ros2_laser_scan_matcher/local_setup.zsh
[15.576s] -- Symlinking: /home/luna/backup_ws2/install/ros2_laser_scan_matcher/share/ros2_laser_scan_matcher/local_setup.dsv
[15.583s] -- Symlinking: /home/luna/backup_ws2/install/ros2_laser_scan_matcher/share/ros2_laser_scan_matcher/package.dsv
[15.590s] -- Symlinking: /home/luna/backup_ws2/install/ros2_laser_scan_matcher/share/ament_index/resource_index/packages/ros2_laser_scan_matcher
[15.596s] -- Symlinking: /home/luna/backup_ws2/install/ros2_laser_scan_matcher/share/ros2_laser_scan_matcher/cmake/ros2_laser_scan_matcherConfig.cmake
[15.603s] -- Symlinking: /home/luna/backup_ws2/install/ros2_laser_scan_matcher/share/ros2_laser_scan_matcher/cmake/ros2_laser_scan_matcherConfig-version.cmake
[15.609s] -- Symlinking: /home/luna/backup_ws2/install/ros2_laser_scan_matcher/share/ros2_laser_scan_matcher/package.xml
[15.617s] Invoked command in '/home/luna/backup_ws2/build/ros2_laser_scan_matcher' returned '0': CMAKE_PREFIX_PATH=/home/luna/backup_ws2/install/csm:/home/luna/backup_ws2/install/serial:/home/luna/backup_ws2/install/ros_phoenix:/opt/ros/humble LD_LIBRARY_PATH=/home/luna/backup_ws2/install/csm/lib:/home/luna/backup_ws2/install/serial/lib:/home/luna/backup_ws2/install/ros_phoenix/lib:/usr/lib/x86_64-linux-gnu/gazebo-11/plugins:/opt/ros/humble/opt/rviz_ogre_vendor/lib:/opt/ros/humble/lib/x86_64-linux-gnu:/opt/ros/humble/lib /usr/bin/cmake --install /home/luna/backup_ws2/build/ros2_laser_scan_matcher
