[0.010s] Invoking command in '/home/luna/backup_ws2/build/serial': CMAKE_PREFIX_PATH=/opt/ros/humble /usr/bin/cmake /home/luna/backup_ws2/src/serial -DAMENT_CMAKE_SYMLINK_INSTALL=1 -DCMAKE_INSTALL_PREFIX=/home/luna/backup_ws2/install/serial
[0.047s] -- The C compiler identification is GNU 11.4.0
[0.087s] -- The CXX compiler identification is GNU 11.4.0
[0.092s] -- Detecting C compiler ABI info
[0.161s] -- Detecting C compiler ABI info - done
[0.173s] -- Check for working C compiler: /usr/bin/cc - skipped
[0.173s] -- Detecting C compile features
[0.174s] -- Detecting C compile features - done
[0.177s] -- Detecting CXX compiler ABI info
[0.254s] -- Detecting CXX compiler ABI info - done
[0.260s] -- Check for working CXX compiler: /usr/bin/c++ - skipped
[0.260s] -- Detecting CXX compile features
[0.260s] -- Detecting CXX compile features - done
[0.262s] -- Found ament_cmake: 1.3.8 (/opt/ros/humble/share/ament_cmake/cmake)
[0.444s] -- Found Python3: /usr/bin/python3 (found version "3.10.12") found components: Interpreter 
[0.489s] -- Override CMake install command with custom implementation using symlinks instead of copying resources
[0.510s] -- Found ament_cmake_gtest: 1.3.8 (/opt/ros/humble/share/ament_cmake_gtest/cmake)
[0.515s] -- Found Boost: /usr/lib/x86_64-linux-gnu/cmake/Boost-1.74.0/BoostConfig.cmake (found version "1.74.0")  
[0.517s] -- Found gtest sources under '/opt/ros/humble/src/gtest_vendor': C++ tests using 'Google Test' will be built
[0.518s] -- Looking for pthread.h
[0.585s] -- Looking for pthread.h - found
[0.586s] -- Performing Test CMAKE_HAVE_LIBC_PTHREAD
[0.645s] -- Performing Test CMAKE_HAVE_LIBC_PTHREAD - Success
[0.645s] -- Found Threads: TRUE  
[0.696s] -- Configuring done
[0.703s] -- Generating done
[0.704s] -- Build files have been written to: /home/luna/backup_ws2/build/serial
[0.708s] Invoked command in '/home/luna/backup_ws2/build/serial' returned '0': CMAKE_PREFIX_PATH=/opt/ros/humble /usr/bin/cmake /home/luna/backup_ws2/src/serial -DAMENT_CMAKE_SYMLINK_INSTALL=1 -DCMAKE_INSTALL_PREFIX=/home/luna/backup_ws2/install/serial
[0.709s] Invoking command in '/home/luna/backup_ws2/build/serial': CMAKE_PREFIX_PATH=/opt/ros/humble /usr/bin/cmake --build /home/luna/backup_ws2/build/serial -- -j8 -l8
[0.746s] [ 14%] [32mBuilding CXX object CMakeFiles/serial.dir/src/serial.cc.o[0m
[0.746s] [ 14%] [32mBuilding CXX object gtest/CMakeFiles/gtest_main.dir/src/gtest_main.cc.o[0m
[0.747s] [ 21%] [32mBuilding CXX object CMakeFiles/serial.dir/src/impl/list_ports/list_ports_linux.cc.o[0m
[0.747s] [ 28%] [32mBuilding CXX object CMakeFiles/serial.dir/src/impl/unix.cc.o[0m
[0.755s] [ 35%] [32mBuilding CXX object gtest/CMakeFiles/gtest.dir/src/gtest-all.cc.o[0m
[1.734s] [ 42%] [32m[1mLinking CXX static library libserial.a[0m
[1.757s] [ 50%] [32m[1mLinking CXX static library libgtest_main.a[0m
[1.841s] [ 50%] Built target serial
[1.885s] [ 50%] Built target gtest_main
[2.001s] [ 57%] [32mBuilding CXX object CMakeFiles/serial_example.dir/examples/serial_example.cc.o[0m
[2.806s] [ 64%] [32m[1mLinking CXX executable serial_example[0m
[3.128s] [ 64%] Built target serial_example
[5.094s] [ 71%] [32m[1mLinking CXX static library libgtest.a[0m
[5.182s] [ 71%] Built target gtest
[5.285s] [ 78%] [32mBuilding CXX object tests/CMakeFiles/serial-test-timer.dir/unit/unix_timer_tests.cc.o[0m
[5.303s] [ 85%] [32mBuilding CXX object tests/CMakeFiles/serial-test.dir/unix_serial_tests.cc.o[0m
[7.177s] In file included from [01m[K/usr/include/boost/bind.hpp:30[m[K,
[7.177s]                  from [01m[K/home/luna/backup_ws2/src/serial/tests/unix_serial_tests.cc:23[m[K:
[7.177s] [01m[K/usr/include/boost/bind.hpp:36:1:[m[K [01;36m[Knote: [m[K‘[01m[K#pragma message: The practice of declaring the Bind placeholders (_1, _2, ...) in the global namespace is deprecated. Please use <boost/bind/bind.hpp> + using namespace boost::placeholders, or define BOOST_BIND_GLOBAL_PLACEHOLDERS to retain the current behavior.[m[K’
[7.177s]    36 | [01;36m[KBOOST_PRAGMA_MESSAGE[m[K(
[7.178s]       | [01;36m[K^~~~~~~~~~~~~~~~~~~~[m[K
[7.497s] [ 92%] [32m[1mLinking CXX executable serial-test-timer[0m
[7.508s] [100%] [32m[1mLinking CXX executable serial-test[0m
[7.684s] [100%] Built target serial-test-timer
[7.822s] [100%] Built target serial-test
[7.846s] Invoked command in '/home/luna/backup_ws2/build/serial' returned '0': CMAKE_PREFIX_PATH=/opt/ros/humble /usr/bin/cmake --build /home/luna/backup_ws2/build/serial -- -j8 -l8
[8.101s] Invoking command in '/home/luna/backup_ws2/build/serial': CMAKE_PREFIX_PATH=/opt/ros/humble /usr/bin/cmake --install /home/luna/backup_ws2/build/serial
[8.112s] -- Install configuration: ""
[8.112s] -- Execute custom install script
[8.112s] -- Symlinking: /home/luna/backup_ws2/install/serial/lib/libserial.a
[8.132s] -- Symlinking: /home/luna/backup_ws2/install/serial/include/serial/serial.h
[8.148s] -- Symlinking: /home/luna/backup_ws2/install/serial/include/serial/v8stdint.h
[8.175s] -- Symlinking: /home/luna/backup_ws2/install/serial/share/serial/environment/library_path.sh
[8.209s] -- Symlinking: /home/luna/backup_ws2/install/serial/share/serial/environment/library_path.dsv
[8.231s] -- Symlinking: /home/luna/backup_ws2/install/serial/share/ament_index/resource_index/package_run_dependencies/serial
[8.247s] -- Symlinking: /home/luna/backup_ws2/install/serial/share/ament_index/resource_index/parent_prefix_path/serial
[8.272s] -- Symlinking: /home/luna/backup_ws2/install/serial/share/serial/environment/ament_prefix_path.sh
[8.282s] -- Symlinking: /home/luna/backup_ws2/install/serial/share/serial/environment/ament_prefix_path.dsv
[8.314s] -- Symlinking: /home/luna/backup_ws2/install/serial/share/serial/environment/path.sh
[8.324s] -- Symlinking: /home/luna/backup_ws2/install/serial/share/serial/environment/path.dsv
[8.335s] -- Symlinking: /home/luna/backup_ws2/install/serial/share/serial/local_setup.bash
[8.346s] -- Symlinking: /home/luna/backup_ws2/install/serial/share/serial/local_setup.sh
[8.374s] -- Symlinking: /home/luna/backup_ws2/install/serial/share/serial/local_setup.zsh
[8.392s] -- Symlinking: /home/luna/backup_ws2/install/serial/share/serial/local_setup.dsv
[8.419s] -- Symlinking: /home/luna/backup_ws2/install/serial/share/serial/package.dsv
[8.429s] -- Symlinking: /home/luna/backup_ws2/install/serial/share/ament_index/resource_index/packages/serial
[8.440s] -- Symlinking: /home/luna/backup_ws2/install/serial/share/serial/cmake/ament_cmake_export_include_directories-extras.cmake
[8.450s] -- Symlinking: /home/luna/backup_ws2/install/serial/share/serial/cmake/ament_cmake_export_libraries-extras.cmake
[8.461s] -- Symlinking: /home/luna/backup_ws2/install/serial/share/serial/cmake/serialConfig.cmake
[8.482s] -- Symlinking: /home/luna/backup_ws2/install/serial/share/serial/cmake/serialConfig-version.cmake
[8.493s] -- Symlinking: /home/luna/backup_ws2/install/serial/share/serial/package.xml
[8.517s] Invoked command in '/home/luna/backup_ws2/build/serial' returned '0': CMAKE_PREFIX_PATH=/opt/ros/humble /usr/bin/cmake --install /home/luna/backup_ws2/build/serial
