[0.066s] DEBUG:colcon:Command line arguments: ['/usr/bin/colcon', 'build', '--symlink-install', '--packages-select', 'ros_phoenix']
[0.066s] DEBUG:colcon:Parsed command line arguments: Namespace(log_base=None, log_level=None, verb_name='build', build_base='build', install_base='install', merge_install=False, symlink_install=True, test_result_base=None, continue_on_error=False, executor='parallel', parallel_workers=8, event_handlers=None, ignore_user_meta=False, metas=['./colcon.meta'], base_paths=['.'], packages_ignore=None, packages_ignore_regex=None, paths=None, packages_up_to=None, packages_up_to_regex=None, packages_above=None, packages_above_and_dependencies=None, packages_above_depth=None, packages_select_by_dep=None, packages_skip_by_dep=None, packages_skip_up_to=None, packages_select_build_failed=False, packages_skip_build_finished=False, packages_select_test_failures=False, packages_skip_test_passed=False, packages_select=['ros_phoenix'], packages_skip=None, packages_select_regex=None, packages_skip_regex=None, packages_start=None, packages_end=None, allow_overriding=[], cmake_args=None, cmake_target=None, cmake_target_skip_unavailable=False, cmake_clean_cache=False, cmake_clean_first=False, cmake_force_configure=False, ament_cmake_args=None, catkin_cmake_args=None, catkin_skip_building_tests=False, verb_parser=<colcon_defaults.argument_parser.defaults.DefaultArgumentsDecorator object at 0x71365adfc940>, verb_extension=<colcon_core.verb.build.BuildVerb object at 0x71365adfc400>, main=<bound method BuildVerb.main of <colcon_core.verb.build.BuildVerb object at 0x71365adfc400>>)
[0.170s] Level 1:colcon.colcon_core.package_discovery:discover_packages(colcon_meta) check parameters
[0.170s] Level 1:colcon.colcon_core.package_discovery:discover_packages(recursive) check parameters
[0.170s] Level 1:colcon.colcon_core.package_discovery:discover_packages(ignore) check parameters
[0.170s] Level 1:colcon.colcon_core.package_discovery:discover_packages(path) check parameters
[0.170s] Level 1:colcon.colcon_core.package_discovery:discover_packages(colcon_meta) discover
[0.170s] Level 1:colcon.colcon_core.package_discovery:discover_packages(recursive) discover
[0.170s] INFO:colcon.colcon_core.package_discovery:Crawling recursively for packages in '/home/luna/ws'
[0.170s] Level 1:colcon.colcon_core.package_identification:_identify(.) by extensions ['ignore', 'ignore_ament_install']
[0.170s] Level 1:colcon.colcon_core.package_identification:_identify(.) by extension 'ignore'
[0.170s] Level 1:colcon.colcon_core.package_identification:_identify(.) by extension 'ignore_ament_install'
[0.170s] Level 1:colcon.colcon_core.package_identification:_identify(.) by extensions ['colcon_pkg']
[0.170s] Level 1:colcon.colcon_core.package_identification:_identify(.) by extension 'colcon_pkg'
[0.170s] Level 1:colcon.colcon_core.package_identification:_identify(.) by extensions ['colcon_meta']
[0.170s] Level 1:colcon.colcon_core.package_identification:_identify(.) by extension 'colcon_meta'
[0.170s] Level 1:colcon.colcon_core.package_identification:_identify(.) by extensions ['ros']
[0.170s] Level 1:colcon.colcon_core.package_identification:_identify(.) by extension 'ros'
[0.178s] Level 1:colcon.colcon_core.package_identification:_identify(.) by extensions ['cmake', 'python']
[0.178s] Level 1:colcon.colcon_core.package_identification:_identify(.) by extension 'cmake'
[0.178s] Level 1:colcon.colcon_core.package_identification:_identify(.) by extension 'python'
[0.178s] Level 1:colcon.colcon_core.package_identification:_identify(.) by extensions ['python_setup_py']
[0.178s] Level 1:colcon.colcon_core.package_identification:_identify(.) by extension 'python_setup_py'
[0.178s] Level 1:colcon.colcon_core.package_identification:_identify(build) by extensions ['ignore', 'ignore_ament_install']
[0.178s] Level 1:colcon.colcon_core.package_identification:_identify(build) by extension 'ignore'
[0.178s] Level 1:colcon.colcon_core.package_identification:_identify(build) ignored
[0.178s] Level 1:colcon.colcon_core.package_identification:_identify(install) by extensions ['ignore', 'ignore_ament_install']
[0.178s] Level 1:colcon.colcon_core.package_identification:_identify(install) by extension 'ignore'
[0.178s] Level 1:colcon.colcon_core.package_identification:_identify(install) ignored
[0.178s] Level 1:colcon.colcon_core.package_identification:_identify(log) by extensions ['ignore', 'ignore_ament_install']
[0.178s] Level 1:colcon.colcon_core.package_identification:_identify(log) by extension 'ignore'
[0.178s] Level 1:colcon.colcon_core.package_identification:_identify(log) ignored
[0.178s] Level 1:colcon.colcon_core.package_identification:_identify(src) by extensions ['ignore', 'ignore_ament_install']
[0.179s] Level 1:colcon.colcon_core.package_identification:_identify(src) by extension 'ignore'
[0.179s] Level 1:colcon.colcon_core.package_identification:_identify(src) by extension 'ignore_ament_install'
[0.179s] Level 1:colcon.colcon_core.package_identification:_identify(src) by extensions ['colcon_pkg']
[0.179s] Level 1:colcon.colcon_core.package_identification:_identify(src) by extension 'colcon_pkg'
[0.179s] Level 1:colcon.colcon_core.package_identification:_identify(src) by extensions ['colcon_meta']
[0.179s] Level 1:colcon.colcon_core.package_identification:_identify(src) by extension 'colcon_meta'
[0.179s] Level 1:colcon.colcon_core.package_identification:_identify(src) by extensions ['ros']
[0.179s] Level 1:colcon.colcon_core.package_identification:_identify(src) by extension 'ros'
[0.179s] Level 1:colcon.colcon_core.package_identification:_identify(src) by extensions ['cmake', 'python']
[0.179s] Level 1:colcon.colcon_core.package_identification:_identify(src) by extension 'cmake'
[0.179s] Level 1:colcon.colcon_core.package_identification:_identify(src) by extension 'python'
[0.179s] Level 1:colcon.colcon_core.package_identification:_identify(src) by extensions ['python_setup_py']
[0.179s] Level 1:colcon.colcon_core.package_identification:_identify(src) by extension 'python_setup_py'
[0.179s] Level 1:colcon.colcon_core.package_identification:_identify(src/cpp_pubsub) by extensions ['ignore', 'ignore_ament_install']
[0.179s] Level 1:colcon.colcon_core.package_identification:_identify(src/cpp_pubsub) by extension 'ignore'
[0.179s] Level 1:colcon.colcon_core.package_identification:_identify(src/cpp_pubsub) by extension 'ignore_ament_install'
[0.179s] Level 1:colcon.colcon_core.package_identification:_identify(src/cpp_pubsub) by extensions ['colcon_pkg']
[0.179s] Level 1:colcon.colcon_core.package_identification:_identify(src/cpp_pubsub) by extension 'colcon_pkg'
[0.179s] Level 1:colcon.colcon_core.package_identification:_identify(src/cpp_pubsub) by extensions ['colcon_meta']
[0.179s] Level 1:colcon.colcon_core.package_identification:_identify(src/cpp_pubsub) by extension 'colcon_meta'
[0.179s] Level 1:colcon.colcon_core.package_identification:_identify(src/cpp_pubsub) by extensions ['ros']
[0.179s] Level 1:colcon.colcon_core.package_identification:_identify(src/cpp_pubsub) by extension 'ros'
[0.181s] DEBUG:colcon.colcon_core.package_identification:Package 'src/cpp_pubsub' with type 'ros.ament_cmake' and name 'cpp_pubsub'
[0.181s] Level 1:colcon.colcon_core.package_identification:_identify(src/csm) by extensions ['ignore', 'ignore_ament_install']
[0.181s] Level 1:colcon.colcon_core.package_identification:_identify(src/csm) by extension 'ignore'
[0.181s] Level 1:colcon.colcon_core.package_identification:_identify(src/csm) by extension 'ignore_ament_install'
[0.181s] Level 1:colcon.colcon_core.package_identification:_identify(src/csm) by extensions ['colcon_pkg']
[0.181s] Level 1:colcon.colcon_core.package_identification:_identify(src/csm) by extension 'colcon_pkg'
[0.181s] Level 1:colcon.colcon_core.package_identification:_identify(src/csm) by extensions ['colcon_meta']
[0.181s] Level 1:colcon.colcon_core.package_identification:_identify(src/csm) by extension 'colcon_meta'
[0.181s] Level 1:colcon.colcon_core.package_identification:_identify(src/csm) by extensions ['ros']
[0.181s] Level 1:colcon.colcon_core.package_identification:_identify(src/csm) by extension 'ros'
[0.182s] DEBUG:colcon.colcon_core.package_identification:Package 'src/csm' with type 'ros.ament_cmake' and name 'csm'
[0.182s] Level 1:colcon.colcon_core.package_identification:_identify(src/ros2_laser_scan_matcher) by extensions ['ignore', 'ignore_ament_install']
[0.182s] Level 1:colcon.colcon_core.package_identification:_identify(src/ros2_laser_scan_matcher) by extension 'ignore'
[0.182s] Level 1:colcon.colcon_core.package_identification:_identify(src/ros2_laser_scan_matcher) by extension 'ignore_ament_install'
[0.182s] Level 1:colcon.colcon_core.package_identification:_identify(src/ros2_laser_scan_matcher) by extensions ['colcon_pkg']
[0.182s] Level 1:colcon.colcon_core.package_identification:_identify(src/ros2_laser_scan_matcher) by extension 'colcon_pkg'
[0.182s] Level 1:colcon.colcon_core.package_identification:_identify(src/ros2_laser_scan_matcher) by extensions ['colcon_meta']
[0.182s] Level 1:colcon.colcon_core.package_identification:_identify(src/ros2_laser_scan_matcher) by extension 'colcon_meta'
[0.182s] Level 1:colcon.colcon_core.package_identification:_identify(src/ros2_laser_scan_matcher) by extensions ['ros']
[0.182s] Level 1:colcon.colcon_core.package_identification:_identify(src/ros2_laser_scan_matcher) by extension 'ros'
[0.182s] DEBUG:colcon.colcon_core.package_identification:Package 'src/ros2_laser_scan_matcher' with type 'ros.ament_cmake' and name 'ros2_laser_scan_matcher'
[0.182s] Level 1:colcon.colcon_core.package_identification:_identify(src/ros_phoenix) by extensions ['ignore', 'ignore_ament_install']
[0.182s] Level 1:colcon.colcon_core.package_identification:_identify(src/ros_phoenix) by extension 'ignore'
[0.183s] Level 1:colcon.colcon_core.package_identification:_identify(src/ros_phoenix) by extension 'ignore_ament_install'
[0.183s] Level 1:colcon.colcon_core.package_identification:_identify(src/ros_phoenix) by extensions ['colcon_pkg']
[0.183s] Level 1:colcon.colcon_core.package_identification:_identify(src/ros_phoenix) by extension 'colcon_pkg'
[0.183s] Level 1:colcon.colcon_core.package_identification:_identify(src/ros_phoenix) by extensions ['colcon_meta']
[0.183s] Level 1:colcon.colcon_core.package_identification:_identify(src/ros_phoenix) by extension 'colcon_meta'
[0.183s] Level 1:colcon.colcon_core.package_identification:_identify(src/ros_phoenix) by extensions ['ros']
[0.183s] Level 1:colcon.colcon_core.package_identification:_identify(src/ros_phoenix) by extension 'ros'
[0.183s] DEBUG:colcon.colcon_core.package_identification:Package 'src/ros_phoenix' with type 'ros.ament_cmake' and name 'ros_phoenix'
[0.183s] Level 1:colcon.colcon_core.package_identification:_identify(src/serial) by extensions ['ignore', 'ignore_ament_install']
[0.183s] Level 1:colcon.colcon_core.package_identification:_identify(src/serial) by extension 'ignore'
[0.183s] Level 1:colcon.colcon_core.package_identification:_identify(src/serial) by extension 'ignore_ament_install'
[0.183s] Level 1:colcon.colcon_core.package_identification:_identify(src/serial) by extensions ['colcon_pkg']
[0.183s] Level 1:colcon.colcon_core.package_identification:_identify(src/serial) by extension 'colcon_pkg'
[0.183s] Level 1:colcon.colcon_core.package_identification:_identify(src/serial) by extensions ['colcon_meta']
[0.183s] Level 1:colcon.colcon_core.package_identification:_identify(src/serial) by extension 'colcon_meta'
[0.183s] Level 1:colcon.colcon_core.package_identification:_identify(src/serial) by extensions ['ros']
[0.183s] Level 1:colcon.colcon_core.package_identification:_identify(src/serial) by extension 'ros'
[0.184s] DEBUG:colcon.colcon_core.package_identification:Package 'src/serial' with type 'ros.ament_cmake' and name 'serial'
[0.184s] Level 1:colcon.colcon_core.package_discovery:discover_packages(recursive) using defaults
[0.184s] Level 1:colcon.colcon_core.package_discovery:discover_packages(ignore) discover
[0.184s] Level 1:colcon.colcon_core.package_discovery:discover_packages(ignore) using defaults
[0.184s] Level 1:colcon.colcon_core.package_discovery:discover_packages(path) discover
[0.184s] Level 1:colcon.colcon_core.package_discovery:discover_packages(path) using defaults
[0.205s] INFO:colcon.colcon_core.package_selection:Skipping not selected package 'csm' in 'src/csm'
[0.205s] INFO:colcon.colcon_core.package_selection:Skipping not selected package 'serial' in 'src/serial'
[0.205s] INFO:colcon.colcon_core.package_selection:Skipping not selected package 'cpp_pubsub' in 'src/cpp_pubsub'
[0.205s] INFO:colcon.colcon_core.package_selection:Skipping not selected package 'ros2_laser_scan_matcher' in 'src/ros2_laser_scan_matcher'
[0.205s] Level 1:colcon.colcon_core.package_discovery:discover_packages(prefix_path) check parameters
[0.205s] Level 1:colcon.colcon_core.package_discovery:discover_packages(prefix_path) discover
[0.207s] DEBUG:colcon.colcon_installed_package_information.package_discovery:Found 396 installed packages in /opt/ros/humble
[0.208s] Level 1:colcon.colcon_core.package_discovery:discover_packages(prefix_path) using defaults
[0.238s] Level 5:colcon.colcon_core.verb:set package 'ros_phoenix' build argument 'cmake_args' from command line to 'None'
[0.238s] Level 5:colcon.colcon_core.verb:set package 'ros_phoenix' build argument 'cmake_target' from command line to 'None'
[0.238s] Level 5:colcon.colcon_core.verb:set package 'ros_phoenix' build argument 'cmake_target_skip_unavailable' from command line to 'False'
[0.239s] Level 5:colcon.colcon_core.verb:set package 'ros_phoenix' build argument 'cmake_clean_cache' from command line to 'False'
[0.239s] Level 5:colcon.colcon_core.verb:set package 'ros_phoenix' build argument 'cmake_clean_first' from command line to 'False'
[0.239s] Level 5:colcon.colcon_core.verb:set package 'ros_phoenix' build argument 'cmake_force_configure' from command line to 'False'
[0.239s] Level 5:colcon.colcon_core.verb:set package 'ros_phoenix' build argument 'ament_cmake_args' from command line to 'None'
[0.239s] Level 5:colcon.colcon_core.verb:set package 'ros_phoenix' build argument 'catkin_cmake_args' from command line to 'None'
[0.239s] Level 5:colcon.colcon_core.verb:set package 'ros_phoenix' build argument 'catkin_skip_building_tests' from command line to 'False'
[0.239s] DEBUG:colcon.colcon_core.verb:Building package 'ros_phoenix' with the following arguments: {'ament_cmake_args': None, 'build_base': '/home/luna/ws/build/ros_phoenix', 'catkin_cmake_args': None, 'catkin_skip_building_tests': False, 'cmake_args': None, 'cmake_clean_cache': False, 'cmake_clean_first': False, 'cmake_force_configure': False, 'cmake_target': None, 'cmake_target_skip_unavailable': False, 'install_base': '/home/luna/ws/install/ros_phoenix', 'merge_install': False, 'path': '/home/luna/ws/src/ros_phoenix', 'symlink_install': True, 'test_result_base': None}
[0.239s] INFO:colcon.colcon_core.executor:Executing jobs using 'parallel' executor
[0.240s] DEBUG:colcon.colcon_parallel_executor.executor.parallel:run_until_complete
[0.240s] INFO:colcon.colcon_ros.task.ament_cmake.build:Building ROS package in '/home/luna/ws/src/ros_phoenix' with build type 'ament_cmake'
[0.240s] INFO:colcon.colcon_cmake.task.cmake.build:Building CMake package in '/home/luna/ws/src/ros_phoenix'
[0.241s] INFO:colcon.colcon_core.plugin_system:Skipping extension 'colcon_core.shell.bat': Not used on non-Windows systems
[0.241s] INFO:colcon.colcon_core.shell:Skip shell extension 'powershell' for command environment: Not usable outside of PowerShell
[0.241s] DEBUG:colcon.colcon_core.shell:Skip shell extension 'dsv' for command environment
[0.248s] DEBUG:colcon.colcon_core.event_handler.log_command:Invoking command in '/home/luna/ws/build/ros_phoenix': CMAKE_PREFIX_PATH=/opt/ros/humble /usr/bin/cmake /home/luna/ws/src/ros_phoenix -DAMENT_CMAKE_SYMLINK_INSTALL=1 -DCMAKE_INSTALL_PREFIX=/home/luna/ws/install/ros_phoenix
[5.814s] DEBUG:colcon.colcon_core.event_handler.log_command:Invoked command in '/home/luna/ws/build/ros_phoenix' returned '0': CMAKE_PREFIX_PATH=/opt/ros/humble /usr/bin/cmake /home/luna/ws/src/ros_phoenix -DAMENT_CMAKE_SYMLINK_INSTALL=1 -DCMAKE_INSTALL_PREFIX=/home/luna/ws/install/ros_phoenix
[5.816s] DEBUG:colcon.colcon_core.event_handler.log_command:Invoking command in '/home/luna/ws/build/ros_phoenix': CMAKE_PREFIX_PATH=/opt/ros/humble /usr/bin/cmake --build /home/luna/ws/build/ros_phoenix -- -j8 -l8
[21.229s] DEBUG:colcon.colcon_core.event_handler.log_command:Invoked command in '/home/luna/ws/build/ros_phoenix' returned '0': CMAKE_PREFIX_PATH=/opt/ros/humble /usr/bin/cmake --build /home/luna/ws/build/ros_phoenix -- -j8 -l8
[21.299s] DEBUG:colcon.colcon_core.event_handler.log_command:Invoking command in '/home/luna/ws/build/ros_phoenix': CMAKE_PREFIX_PATH=/opt/ros/humble /usr/bin/cmake --install /home/luna/ws/build/ros_phoenix
[22.093s] Level 1:colcon.colcon_core.environment:create_environment_scripts_only(ros_phoenix)
[22.093s] DEBUG:colcon.colcon_core.event_handler.log_command:Invoked command in '/home/luna/ws/build/ros_phoenix' returned '0': CMAKE_PREFIX_PATH=/opt/ros/humble /usr/bin/cmake --install /home/luna/ws/build/ros_phoenix
[22.096s] Level 1:colcon.colcon_core.environment:checking '/home/luna/ws/install/ros_phoenix' for CMake module files
[22.097s] Level 1:colcon.colcon_core.environment:checking '/home/luna/ws/install/ros_phoenix' for CMake config files
[22.097s] Level 1:colcon.colcon_core.shell:create_environment_hook('ros_phoenix', 'cmake_prefix_path')
[22.098s] INFO:colcon.colcon_core.shell:Creating environment hook '/home/luna/ws/install/ros_phoenix/share/ros_phoenix/hook/cmake_prefix_path.ps1'
[22.098s] INFO:colcon.colcon_core.shell:Creating environment descriptor '/home/luna/ws/install/ros_phoenix/share/ros_phoenix/hook/cmake_prefix_path.dsv'
[22.099s] INFO:colcon.colcon_core.shell:Creating environment hook '/home/luna/ws/install/ros_phoenix/share/ros_phoenix/hook/cmake_prefix_path.sh'
[22.100s] Level 1:colcon.colcon_core.environment:checking '/home/luna/ws/install/ros_phoenix/lib'
[22.100s] Level 1:colcon.colcon_core.shell:create_environment_hook('ros_phoenix', 'ld_library_path_lib')
[22.100s] INFO:colcon.colcon_core.shell:Creating environment hook '/home/luna/ws/install/ros_phoenix/share/ros_phoenix/hook/ld_library_path_lib.ps1'
[22.101s] INFO:colcon.colcon_core.shell:Creating environment descriptor '/home/luna/ws/install/ros_phoenix/share/ros_phoenix/hook/ld_library_path_lib.dsv'
[22.101s] INFO:colcon.colcon_core.shell:Creating environment hook '/home/luna/ws/install/ros_phoenix/share/ros_phoenix/hook/ld_library_path_lib.sh'
[22.101s] Level 1:colcon.colcon_core.environment:checking '/home/luna/ws/install/ros_phoenix/bin'
[22.101s] Level 1:colcon.colcon_core.environment:checking '/home/luna/ws/install/ros_phoenix/lib/pkgconfig/ros_phoenix.pc'
[22.102s] Level 1:colcon.colcon_core.environment:checking '/home/luna/ws/install/ros_phoenix/lib/python3.10/site-packages'
[22.102s] Level 1:colcon.colcon_core.environment:checking '/home/luna/ws/install/ros_phoenix/bin'
[22.102s] INFO:colcon.colcon_core.shell:Creating package script '/home/luna/ws/install/ros_phoenix/share/ros_phoenix/package.ps1'
[22.103s] INFO:colcon.colcon_core.shell:Creating package descriptor '/home/luna/ws/install/ros_phoenix/share/ros_phoenix/package.dsv'
[22.104s] INFO:colcon.colcon_core.shell:Creating package script '/home/luna/ws/install/ros_phoenix/share/ros_phoenix/package.sh'
[22.104s] INFO:colcon.colcon_core.shell:Creating package script '/home/luna/ws/install/ros_phoenix/share/ros_phoenix/package.bash'
[22.105s] INFO:colcon.colcon_core.shell:Creating package script '/home/luna/ws/install/ros_phoenix/share/ros_phoenix/package.zsh'
[22.106s] Level 1:colcon.colcon_core.environment:create_file_with_runtime_dependencies(/home/luna/ws/install/ros_phoenix/share/colcon-core/packages/ros_phoenix)
[22.181s] Level 1:colcon.colcon_core.environment:create_environment_scripts_only(ros_phoenix)
[22.181s] Level 1:colcon.colcon_core.environment:checking '/home/luna/ws/install/ros_phoenix' for CMake module files
[22.181s] Level 1:colcon.colcon_core.environment:checking '/home/luna/ws/install/ros_phoenix' for CMake config files
[22.182s] Level 1:colcon.colcon_core.shell:create_environment_hook('ros_phoenix', 'cmake_prefix_path')
[22.182s] INFO:colcon.colcon_core.shell:Creating environment hook '/home/luna/ws/install/ros_phoenix/share/ros_phoenix/hook/cmake_prefix_path.ps1'
[22.182s] INFO:colcon.colcon_core.shell:Creating environment descriptor '/home/luna/ws/install/ros_phoenix/share/ros_phoenix/hook/cmake_prefix_path.dsv'
[22.183s] INFO:colcon.colcon_core.shell:Creating environment hook '/home/luna/ws/install/ros_phoenix/share/ros_phoenix/hook/cmake_prefix_path.sh'
[22.183s] Level 1:colcon.colcon_core.environment:checking '/home/luna/ws/install/ros_phoenix/lib'
[22.183s] Level 1:colcon.colcon_core.shell:create_environment_hook('ros_phoenix', 'ld_library_path_lib')
[22.183s] INFO:colcon.colcon_core.shell:Creating environment hook '/home/luna/ws/install/ros_phoenix/share/ros_phoenix/hook/ld_library_path_lib.ps1'
[22.183s] INFO:colcon.colcon_core.shell:Creating environment descriptor '/home/luna/ws/install/ros_phoenix/share/ros_phoenix/hook/ld_library_path_lib.dsv'
[22.183s] INFO:colcon.colcon_core.shell:Creating environment hook '/home/luna/ws/install/ros_phoenix/share/ros_phoenix/hook/ld_library_path_lib.sh'
[22.184s] Level 1:colcon.colcon_core.environment:checking '/home/luna/ws/install/ros_phoenix/bin'
[22.184s] Level 1:colcon.colcon_core.environment:checking '/home/luna/ws/install/ros_phoenix/lib/pkgconfig/ros_phoenix.pc'
[22.184s] Level 1:colcon.colcon_core.environment:checking '/home/luna/ws/install/ros_phoenix/lib/python3.10/site-packages'
[22.184s] Level 1:colcon.colcon_core.environment:checking '/home/luna/ws/install/ros_phoenix/bin'
[22.184s] INFO:colcon.colcon_core.shell:Creating package script '/home/luna/ws/install/ros_phoenix/share/ros_phoenix/package.ps1'
[22.185s] INFO:colcon.colcon_core.shell:Creating package descriptor '/home/luna/ws/install/ros_phoenix/share/ros_phoenix/package.dsv'
[22.185s] INFO:colcon.colcon_core.shell:Creating package script '/home/luna/ws/install/ros_phoenix/share/ros_phoenix/package.sh'
[22.185s] INFO:colcon.colcon_core.shell:Creating package script '/home/luna/ws/install/ros_phoenix/share/ros_phoenix/package.bash'
[22.185s] INFO:colcon.colcon_core.shell:Creating package script '/home/luna/ws/install/ros_phoenix/share/ros_phoenix/package.zsh'
[22.186s] Level 1:colcon.colcon_core.environment:create_file_with_runtime_dependencies(/home/luna/ws/install/ros_phoenix/share/colcon-core/packages/ros_phoenix)
[22.186s] DEBUG:colcon.colcon_parallel_executor.executor.parallel:closing loop
[22.186s] DEBUG:colcon.colcon_parallel_executor.executor.parallel:loop closed
[22.186s] DEBUG:colcon.colcon_parallel_executor.executor.parallel:run_until_complete finished with '0'
[22.186s] DEBUG:colcon.colcon_core.event_reactor:joining thread
[22.190s] INFO:colcon.colcon_core.plugin_system:Skipping extension 'colcon_notification.desktop_notification.terminal_notifier': Not used on non-Darwin systems
[22.190s] INFO:colcon.colcon_core.plugin_system:Skipping extension 'colcon_notification.desktop_notification.win32': Not used on non-Windows systems
[22.190s] INFO:colcon.colcon_notification.desktop_notification:Sending desktop notification using 'notify2'
[22.199s] DEBUG:colcon.colcon_core.event_reactor:joined thread
[22.199s] INFO:colcon.colcon_core.shell:Creating prefix script '/home/luna/ws/install/local_setup.ps1'
[22.200s] INFO:colcon.colcon_core.shell:Creating prefix util module '/home/luna/ws/install/_local_setup_util_ps1.py'
[22.201s] INFO:colcon.colcon_core.shell:Creating prefix chain script '/home/luna/ws/install/setup.ps1'
[22.201s] INFO:colcon.colcon_core.shell:Creating prefix script '/home/luna/ws/install/local_setup.sh'
[22.201s] INFO:colcon.colcon_core.shell:Creating prefix util module '/home/luna/ws/install/_local_setup_util_sh.py'
[22.202s] INFO:colcon.colcon_core.shell:Creating prefix chain script '/home/luna/ws/install/setup.sh'
[22.202s] INFO:colcon.colcon_core.shell:Creating prefix script '/home/luna/ws/install/local_setup.bash'
[22.203s] INFO:colcon.colcon_core.shell:Creating prefix chain script '/home/luna/ws/install/setup.bash'
[22.203s] INFO:colcon.colcon_core.shell:Creating prefix script '/home/luna/ws/install/local_setup.zsh'
[22.204s] INFO:colcon.colcon_core.shell:Creating prefix chain script '/home/luna/ws/install/setup.zsh'
