[0.013s] Invoking command in '/home/luna/ws/build/serial': CMAKE_PREFIX_PATH=/opt/ros/humble /usr/bin/cmake --build /home/luna/ws/build/serial -- -j8 -l8
[0.075s] [ 35%] Built target serial
[0.076s] [ 42%] Built target gtest_main
[0.078s] [ 57%] Built target gtest
[0.102s] [ 71%] Built target serial_example
[0.110s] [ 85%] Built target serial-test-timer
[0.117s] [100%] Built target serial-test
[0.125s] Invoked command in '/home/luna/ws/build/serial' returned '0': CMAKE_PREFIX_PATH=/opt/ros/humble /usr/bin/cmake --build /home/luna/ws/build/serial -- -j8 -l8
[0.159s] Invoking command in '/home/luna/ws/build/serial': CMAKE_PREFIX_PATH=/opt/ros/humble /usr/bin/cmake --install /home/luna/ws/build/serial
[0.165s] -- Install configuration: ""
[0.165s] -- Execute custom install script
[0.166s] -- Up-to-date symlink: /home/luna/ws/install/serial/lib/libserial.a
[0.166s] -- Up-to-date symlink: /home/luna/ws/install/serial/include/serial/serial.h
[0.166s] -- Up-to-date symlink: /home/luna/ws/install/serial/include/serial/v8stdint.h
[0.166s] -- Up-to-date symlink: /home/luna/ws/install/serial/share/serial/environment/library_path.sh
[0.167s] -- Up-to-date symlink: /home/luna/ws/install/serial/share/serial/environment/library_path.dsv
[0.167s] -- Up-to-date symlink: /home/luna/ws/install/serial/share/ament_index/resource_index/package_run_dependencies/serial
[0.167s] -- Up-to-date symlink: /home/luna/ws/install/serial/share/ament_index/resource_index/parent_prefix_path/serial
[0.167s] -- Up-to-date symlink: /home/luna/ws/install/serial/share/serial/environment/ament_prefix_path.sh
[0.168s] -- Up-to-date symlink: /home/luna/ws/install/serial/share/serial/environment/ament_prefix_path.dsv
[0.168s] -- Up-to-date symlink: /home/luna/ws/install/serial/share/serial/environment/path.sh
[0.168s] -- Up-to-date symlink: /home/luna/ws/install/serial/share/serial/environment/path.dsv
[0.168s] -- Up-to-date symlink: /home/luna/ws/install/serial/share/serial/local_setup.bash
[0.169s] -- Up-to-date symlink: /home/luna/ws/install/serial/share/serial/local_setup.sh
[0.169s] -- Up-to-date symlink: /home/luna/ws/install/serial/share/serial/local_setup.zsh
[0.169s] -- Up-to-date symlink: /home/luna/ws/install/serial/share/serial/local_setup.dsv
[0.169s] -- Symlinking: /home/luna/ws/install/serial/share/serial/package.dsv
[0.178s] -- Up-to-date symlink: /home/luna/ws/install/serial/share/ament_index/resource_index/packages/serial
[0.178s] -- Up-to-date symlink: /home/luna/ws/install/serial/share/serial/cmake/ament_cmake_export_include_directories-extras.cmake
[0.179s] -- Up-to-date symlink: /home/luna/ws/install/serial/share/serial/cmake/ament_cmake_export_libraries-extras.cmake
[0.179s] -- Up-to-date symlink: /home/luna/ws/install/serial/share/serial/cmake/serialConfig.cmake
[0.179s] -- Up-to-date symlink: /home/luna/ws/install/serial/share/serial/cmake/serialConfig-version.cmake
[0.179s] -- Up-to-date symlink: /home/luna/ws/install/serial/share/serial/package.xml
[0.181s] Invoked command in '/home/luna/ws/build/serial' returned '0': CMAKE_PREFIX_PATH=/opt/ros/humble /usr/bin/cmake --install /home/luna/ws/build/serial
